#
# A fatal error has been detected by the Java Runtime Environment:
#
#  EXCEPTION_ACCESS_VIOLATION (0xc0000005) at pc=0x00007ffd0b2dfa16, pid=41444, tid=55988
#
# JRE version: OpenJDK Runtime Environment (11.0.6+10) (build 11.0.6+10)
# Java VM: OpenJDK 64-Bit Server VM (11.0.6+10, mixed mode, tiered, compressed oops, g1 gc, windows-amd64)
# Problematic frame:
# C  [awt.dll+0x8fa16]
#
# No core dump will be written. Minidumps are not enabled by default on client versions of Windows
#
# If you would like to submit a bug report, please visit:
#   https://github.com/AdoptOpenJDK/openjdk-support/issues
# The crash happened outside the Java Virtual Machine in native code.
# See problematic frame for where to report the bug.
#

---------------  S U M M A R Y ------------

Command Line: -Dfile.encoding=UTF-8 board1.Roulette

Host: Intel(R) Core(TM) i5-8265U CPU @ 1.60GHz, 8 cores, 7G,  Windows 10 , 64 bit Build 18362 (10.0.18362.900)
Time: Sun Jun 14 01:39:21 2020 ???? (?W?€??) elapsed time: 0 seconds (0d 0h 0m 0s)

---------------  T H R E A D  ---------------

Current thread (0x000001f0bc085800):  JavaThread "main" [_thread_in_native, id=55988, stack(0x0000006128e00000,0x0000006128f00000)]

Stack: [0x0000006128e00000,0x0000006128f00000],  sp=0x0000006128efee50,  free space=1019k
Native frames: (J=compiled Java code, j=interpreted, Vv=VM code, C=native code)
C  [awt.dll+0x8fa16]

Java frames: (J=compiled Java code, j=interpreted, Vv=VM code)
j  sun.awt.windows.WComponentPeer._setFont(Ljava/awt/Font;)V+0 java.desktop@11.0.6
j  sun.awt.windows.WComponentPeer.setFont(Ljava/awt/Font;)V+7 java.desktop@11.0.6
j  sun.awt.windows.WWindowPeer.initialize()V+42 java.desktop@11.0.6
j  sun.awt.windows.WFramePeer.initialize()V+1 java.desktop@11.0.6
j  sun.awt.windows.WComponentPeer.<init>(Ljava/awt/Component;)V+83 java.desktop@11.0.6
j  sun.awt.windows.WCanvasPeer.<init>(Ljava/awt/Component;)V+2 java.desktop@11.0.6
j  sun.awt.windows.WPanelPeer.<init>(Ljava/awt/Component;)V+2 java.desktop@11.0.6
j  sun.awt.windows.WWindowPeer.<init>(Ljava/awt/Window;)V+2 java.desktop@11.0.6
j  sun.awt.windows.WFramePeer.<init>(Ljava/awt/Frame;)V+2 java.desktop@11.0.6
j  sun.awt.windows.WToolkit.createFrame(Ljava/awt/Frame;)Ljava/awt/peer/FramePeer;+5 java.desktop@11.0.6
j  java.awt.Frame.addNotify()V+20 java.desktop@11.0.6
j  java.awt.Window.show()V+8 java.desktop@11.0.6
j  java.awt.Component.show(Z)V+5 java.desktop@11.0.6
j  java.awt.Component.setVisible(Z)V+2 java.desktop@11.0.6
j  java.awt.Window.setVisible(Z)V+2 java.desktop@11.0.6
j  board1.Roulette.main([Ljava/lang/String;)V+12
v  ~StubRoutines::call_stub

siginfo: EXCEPTION_ACCESS_VIOLATION (0xc0000005), reading address 0x0000000000000058


Register to memory mapping:

RIP=0x00007ffd0b2dfa16 awt.dll
RAX=0x00007ffd0b35b680 awt.dll
RBX=0x000001f0bc085b40 points into unknown readable memory: f0 cb ed 00 fd 7f 00 00
RCX=0x000001f0dc348810 points into unknown readable memory: 80 b6 35 0b fd 7f 00 00
RDX=0x0 is NULL
RSP=0x0000006128efee50 is pointing into the stack for thread: 0x000001f0bc085800
RBP=0x0 is NULL
RSI=0x000001f0dc210838 is a global jni handle
RDI=0x000001f0dc210840 is a global jni handle
R8 =0x0000000000000004 is an unknown value
R9 =0x00000001000c13b8 is a pointer to class: 
java.awt.Font {0x00000001000c13c0}
R10=0x0000000000008000 is an unknown value
R11=0x0000006128efee50 is pointing into the stack for thread: 0x000001f0bc085800
R12=0x0 is NULL
R13={method} {0x000001f0db664560} '_setFont' '(Ljava/awt/Font;)V' in 'sun/awt/windows/WComponentPeer'
R14=0x000001f0dc348810 points into unknown readable memory: 80 b6 35 0b fd 7f 00 00
R15=0x000001f0dc45d6c0 points into unknown readable memory: 38 08 21 dc f0 01 00 00


Registers:
RAX=0x00007ffd0b35b680, RBX=0x000001f0bc085b40, RCX=0x000001f0dc348810, RDX=0x0000000000000000
RSP=0x0000006128efee50, RBP=0x0000000000000000, RSI=0x000001f0dc210838, RDI=0x000001f0dc210840
R8 =0x0000000000000004, R9 =0x00000001000c13b8, R10=0x0000000000008000, R11=0x0000006128efee50
R12=0x0000000000000000, R13=0x000001f0db664558, R14=0x000001f0dc348810, R15=0x000001f0dc45d6c0
RIP=0x00007ffd0b2dfa16, EFLAGS=0x0000000000010206

Top of Stack: (sp=0x0000006128efee50)
0x0000006128efee50:   000001f0dc45d6c0 000001f0dc348810
0x0000006128efee60:   000001f0dc45d6c0 000001f0dc348810
0x0000006128efee70:   000001f0dc210840 00007ffd0b2e4921
0x0000006128efee80:   000001f0bc085b40 000001f0bc085b40
0x0000006128efee90:   0000000000000000 000001f0dc210838
0x0000006128efeea0:   000001f0bc085800 0000006128efeff8
0x0000006128efeeb0:   000001f0dc45d6c0 00007ffd0b31dbcb
0x0000006128efeec0:   00007ffd0b3a1078 0000006128efefd0
0x0000006128efeed0:   00007ffd0b2e47f4 0000000000000000
0x0000006128efeee0:   fffffffffffffffe fffffffffffffffe
0x0000006128efeef0:   000001f0dc210838 00007ffd0b2e5ae8
0x0000006128efef00:   000001f0dc210840 0000006128efeff0
0x0000006128efef10:   0000006128efeff0 00007ffd0b3a1078
0x0000006128efef20:   fffffffffffffffe 00007ffd008ac0cc
0x0000006128efef30:   000001f0c46d9e03 000001f0c46dfd64
0x0000006128efef40:   000001f0db664558 0000000000000000 

Instructions: (pc=0x00007ffd0b2dfa16)
0x00007ffd0b2df916:   00 48 8b d9 e8 d9 dc ff ff 48 8b f8 48 85 c0 75
0x00007ffd0b2df926:   04 48 8b 7b 48 48 8b cf e8 50 19 05 00 48 8b d8
0x00007ffd0b2df936:   48 85 c0 74 60 83 64 24 20 00 0f 57 c0 83 64 24
0x00007ffd0b2df946:   34 00 b9 11 00 00 00 83 64 24 38 00 f3 0f 7f 44
0x00007ffd0b2df956:   24 24 ff 15 da d9 0b 00 4c 8d 44 24 40 ba 5c 00
0x00007ffd0b2df966:   00 00 48 8b c8 ff 15 7f dc 0b 00 83 f8 5c 75 0d
0x00007ffd0b2df976:   48 8d 54 24 40 48 8b cb e8 af 19 05 00 48 8d 54
0x00007ffd0b2df986:   24 20 48 8b cb e8 c6 19 05 00 48 8b d3 48 8b cf
0x00007ffd0b2df996:   e8 73 19 05 00 48 8b 8c 24 a0 00 00 00 48 33 cc
0x00007ffd0b2df9a6:   e8 a5 26 05 00 48 8b 9c 24 c8 00 00 00 48 81 c4
0x00007ffd0b2df9b6:   b0 00 00 00 5f c3 40 53 48 83 ec 20 48 8b d9 ff
0x00007ffd0b2df9c6:   15 bd e1 0b 00 48 85 c0 75 0a 48 8b 4b 48 ff 15
0x00007ffd0b2df9d6:   a6 e1 0b 00 48 83 c4 20 5b c3 4c 63 c2 48 8b 15
0x00007ffd0b2df9e6:   5e c5 0b 00 48 ff 25 37 e0 0b 00 cc cc cc 48 8b
0x00007ffd0b2df9f6:   d1 48 8b 0d 82 f5 0b 00 48 89 15 7b f5 0b 00 e9
0x00007ffd0b2dfa06:   5a 67 04 00 cc cc 48 89 5c 24 08 57 48 83 ec 20
0x00007ffd0b2dfa16:   83 7a 58 00 48 8b da 48 8b f9 7d 08 48 8b ca e8
0x00007ffd0b2dfa26:   32 95 01 00 4c 8b 43 48 45 33 c9 48 8b 4f 48 4d
0x00007ffd0b2dfa36:   8b 00 41 8d 51 30 ff 15 ae e2 0b 00 48 8b 4f 48
0x00007ffd0b2dfa46:   33 d2 44 8d 42 01 48 8b 5c 24 30 48 83 c4 20 5f
0x00007ffd0b2dfa56:   48 ff 25 4b e1 0b 00 cc cc cc 48 8b c4 48 89 58
0x00007ffd0b2dfa66:   08 48 89 68 10 48 89 70 18 48 89 78 20 41 56 48
0x00007ffd0b2dfa76:   83 ec 20 4c 8b f2 48 8b f9 48 8b 0d d2 13 0c 00
0x00007ffd0b2dfa86:   ba 02 00 01 00 41 8b e8 e8 c0 24 05 00 48 8b 97
0x00007ffd0b2dfa96:   c0 00 00 00 33 db 48 8b f0 48 85 d2 74 0d 4c 8b
0x00007ffd0b2dfaa6:   08 48 8b c8 41 ff 91 b0 00 00 00 4d 85 f6 74 14
0x00007ffd0b2dfab6:   48 8b 06 49 8b d6 48 8b ce ff 90 a8 00 00 00 48
0x00007ffd0b2dfac6:   8b d8 eb 05 bd 01 00 00 00 48 89 9f c0 00 00 00
0x00007ffd0b2dfad6:   89 af c8 00 00 00 48 8b 5c 24 30 48 8b 6c 24 38
0x00007ffd0b2dfae6:   48 8b 74 24 40 48 8b 7c 24 48 48 83 c4 20 41 5e
0x00007ffd0b2dfaf6:   c3 cc 48 89 5c 24 08 48 89 6c 24 10 48 89 74 24
0x00007ffd0b2dfb06:   18 57 48 83 ec 20 33 db 48 8b f9 48 85 c9 75 09 


Stack slot to memory mapping:
stack at sp + 0 slots: 0x000001f0dc45d6c0 points into unknown readable memory: 38 08 21 dc f0 01 00 00
stack at sp + 1 slots: 0x000001f0dc348810 points into unknown readable memory: 80 b6 35 0b fd 7f 00 00
stack at sp + 2 slots: 0x000001f0dc45d6c0 points into unknown readable memory: 38 08 21 dc f0 01 00 00
stack at sp + 3 slots: 0x000001f0dc348810 points into unknown readable memory: 80 b6 35 0b fd 7f 00 00
stack at sp + 4 slots: 0x000001f0dc210840 is a global jni handle
stack at sp + 5 slots: 0x00007ffd0b2e4921 awt.dll
stack at sp + 6 slots: 0x000001f0bc085b40 points into unknown readable memory: f0 cb ed 00 fd 7f 00 00
stack at sp + 7 slots: 0x000001f0bc085b40 points into unknown readable memory: f0 cb ed 00 fd 7f 00 00


---------------  P R O C E S S  ---------------

Threads class SMR info:
_java_thread_list=0x000001f0dbf39a20, length=15, elements={
0x000001f0bc085800, 0x000001f0daf96000, 0x000001f0daf9f800, 0x000001f0db8ac000,
0x000001f0db8ad000, 0x000001f0db8af800, 0x000001f0db8b8800, 0x000001f0db8ba800,
0x000001f0dba3e800, 0x000001f0dba54800, 0x000001f0dbea6800, 0x000001f0dbebe000,
0x000001f0dbeca800, 0x000001f0dc021800, 0x000001f0dc18a800
}

Java Threads: ( => current thread )
=>0x000001f0bc085800 JavaThread "main" [_thread_in_native, id=55988, stack(0x0000006128e00000,0x0000006128f00000)]
  0x000001f0daf96000 JavaThread "Reference Handler" daemon [_thread_blocked, id=52916, stack(0x0000006129500000,0x0000006129600000)]
  0x000001f0daf9f800 JavaThread "Finalizer" daemon [_thread_blocked, id=81360, stack(0x0000006129600000,0x0000006129700000)]
  0x000001f0db8ac000 JavaThread "Signal Dispatcher" daemon [_thread_blocked, id=81060, stack(0x0000006129700000,0x0000006129800000)]
  0x000001f0db8ad000 JavaThread "Attach Listener" daemon [_thread_blocked, id=78984, stack(0x0000006129800000,0x0000006129900000)]
  0x000001f0db8af800 JavaThread "C2 CompilerThread0" daemon [_thread_blocked, id=82132, stack(0x0000006129900000,0x0000006129a00000)]
  0x000001f0db8b8800 JavaThread "C1 CompilerThread0" daemon [_thread_blocked, id=83284, stack(0x0000006129a00000,0x0000006129b00000)]
  0x000001f0db8ba800 JavaThread "Sweeper thread" daemon [_thread_blocked, id=40076, stack(0x0000006129b00000,0x0000006129c00000)]
  0x000001f0dba3e800 JavaThread "Service Thread" daemon [_thread_blocked, id=52268, stack(0x0000006129c00000,0x0000006129d00000)]
  0x000001f0dba54800 JavaThread "Common-Cleaner" daemon [_thread_blocked, id=44944, stack(0x0000006129e00000,0x0000006129f00000)]
  0x000001f0dbea6800 JavaThread "Java2D Disposer" daemon [_thread_blocked, id=13040, stack(0x0000006129f00000,0x000000612a000000)]
  0x000001f0dbebe000 JavaThread "AWT-Shutdown" [_thread_blocked, id=80588, stack(0x000000612a000000,0x000000612a100000)]
  0x000001f0dbeca800 JavaThread "AWT-Windows" daemon [_thread_in_native, id=43716, stack(0x000000612a100000,0x000000612a200000)]
  0x000001f0dc021800 JavaThread "C2 CompilerThread1" daemon [_thread_blocked, id=52228, stack(0x000000612a200000,0x000000612a300000)]
  0x000001f0dc18a800 JavaThread "AWT-EventQueue-0" [_thread_blocked, id=37700, stack(0x000000612a300000,0x000000612a400000)]

Other Threads:
  0x000001f0daf73800 VMThread "VM Thread" [stack: 0x0000006129400000,0x0000006129500000] [id=71720]
  0x000001f0dba42000 WatcherThread [stack: 0x0000006129d00000,0x0000006129e00000] [id=48408]
  0x000001f0bc09d000 GCTaskThread "GC Thread#0" [stack: 0x0000006128f00000,0x0000006129000000] [id=37984]
  0x000001f0bc0cf000 ConcurrentGCThread "G1 Main Marker" [stack: 0x0000006129000000,0x0000006129100000] [id=28128]
  0x000001f0bc0d2800 ConcurrentGCThread "G1 Conc#0" [stack: 0x0000006129100000,0x0000006129200000] [id=83464]
  0x000001f0dadda800 ConcurrentGCThread "G1 Refine#0" [stack: 0x0000006129200000,0x0000006129300000] [id=1172]
  0x000001f0daddb000 ConcurrentGCThread "G1 Young RemSet Sampling" [stack: 0x0000006129300000,0x0000006129400000] [id=83128]

Threads with active compile tasks:

VM state:not at safepoint (normal execution)

VM Mutex/Monitor currently owned by a thread: None

Heap address: 0x0000000081c00000, size: 2020 MB, Compressed Oops mode: 32-bit
Narrow klass base: 0x0000000000000000, Narrow klass shift: 3
Compressed class space size: 1073741824 Address: 0x0000000100000000

Heap:
 garbage-first heap   total 131072K, used 9216K [0x0000000081c00000, 0x0000000100000000)
  region size 1024K, 10 young (10240K), 0 survivors (0K)
 Metaspace       used 12051K, capacity 12429K, committed 12544K, reserved 1060864K
  class space    used 1256K, capacity 1437K, committed 1536K, reserved 1048576K
Heap Regions: E=young(eden), S=young(survivor), O=old, HS=humongous(starts), HC=humongous(continues), CS=collection set, F=free, A=archive, TAMS=top-at-mark-start (previous, next)
|   0|0x0000000081c00000, 0x0000000081c00000, 0x0000000081d00000|  0%| F|  |TAMS 0x0000000081c00000, 0x0000000081c00000| Untracked 
|   1|0x0000000081d00000, 0x0000000081d00000, 0x0000000081e00000|  0%| F|  |TAMS 0x0000000081d00000, 0x0000000081d00000| Untracked 
|   2|0x0000000081e00000, 0x0000000081e00000, 0x0000000081f00000|  0%| F|  |TAMS 0x0000000081e00000, 0x0000000081e00000| Untracked 
|   3|0x0000000081f00000, 0x0000000081f00000, 0x0000000082000000|  0%| F|  |TAMS 0x0000000081f00000, 0x0000000081f00000| Untracked 
|   4|0x0000000082000000, 0x0000000082000000, 0x0000000082100000|  0%| F|  |TAMS 0x0000000082000000, 0x0000000082000000| Untracked 
|   5|0x0000000082100000, 0x0000000082100000, 0x0000000082200000|  0%| F|  |TAMS 0x0000000082100000, 0x0000000082100000| Untracked 
|   6|0x0000000082200000, 0x0000000082200000, 0x0000000082300000|  0%| F|  |TAMS 0x0000000082200000, 0x0000000082200000| Untracked 
|   7|0x0000000082300000, 0x0000000082300000, 0x0000000082400000|  0%| F|  |TAMS 0x0000000082300000, 0x0000000082300000| Untracked 
|   8|0x0000000082400000, 0x0000000082400000, 0x0000000082500000|  0%| F|  |TAMS 0x0000000082400000, 0x0000000082400000| Untracked 
|   9|0x0000000082500000, 0x0000000082500000, 0x0000000082600000|  0%| F|  |TAMS 0x0000000082500000, 0x0000000082500000| Untracked 
|  10|0x0000000082600000, 0x0000000082600000, 0x0000000082700000|  0%| F|  |TAMS 0x0000000082600000, 0x0000000082600000| Untracked 
|  11|0x0000000082700000, 0x0000000082700000, 0x0000000082800000|  0%| F|  |TAMS 0x0000000082700000, 0x0000000082700000| Untracked 
|  12|0x0000000082800000, 0x0000000082800000, 0x0000000082900000|  0%| F|  |TAMS 0x0000000082800000, 0x0000000082800000| Untracked 
|  13|0x0000000082900000, 0x0000000082900000, 0x0000000082a00000|  0%| F|  |TAMS 0x0000000082900000, 0x0000000082900000| Untracked 
|  14|0x0000000082a00000, 0x0000000082a00000, 0x0000000082b00000|  0%| F|  |TAMS 0x0000000082a00000, 0x0000000082a00000| Untracked 
|  15|0x0000000082b00000, 0x0000000082b00000, 0x0000000082c00000|  0%| F|  |TAMS 0x0000000082b00000, 0x0000000082b00000| Untracked 
|  16|0x0000000082c00000, 0x0000000082c00000, 0x0000000082d00000|  0%| F|  |TAMS 0x0000000082c00000, 0x0000000082c00000| Untracked 
|  17|0x0000000082d00000, 0x0000000082d00000, 0x0000000082e00000|  0%| F|  |TAMS 0x0000000082d00000, 0x0000000082d00000| Untracked 
|  18|0x0000000082e00000, 0x0000000082e00000, 0x0000000082f00000|  0%| F|  |TAMS 0x0000000082e00000, 0x0000000082e00000| Untracked 
|  19|0x0000000082f00000, 0x0000000082f00000, 0x0000000083000000|  0%| F|  |TAMS 0x0000000082f00000, 0x0000000082f00000| Untracked 
|  20|0x0000000083000000, 0x0000000083000000, 0x0000000083100000|  0%| F|  |TAMS 0x0000000083000000, 0x0000000083000000| Untracked 
|  21|0x0000000083100000, 0x0000000083100000, 0x0000000083200000|  0%| F|  |TAMS 0x0000000083100000, 0x0000000083100000| Untracked 
|  22|0x0000000083200000, 0x0000000083200000, 0x0000000083300000|  0%| F|  |TAMS 0x0000000083200000, 0x0000000083200000| Untracked 
|  23|0x0000000083300000, 0x0000000083300000, 0x0000000083400000|  0%| F|  |TAMS 0x0000000083300000, 0x0000000083300000| Untracked 
|  24|0x0000000083400000, 0x0000000083400000, 0x0000000083500000|  0%| F|  |TAMS 0x0000000083400000, 0x0000000083400000| Untracked 
|  25|0x0000000083500000, 0x0000000083500000, 0x0000000083600000|  0%| F|  |TAMS 0x0000000083500000, 0x0000000083500000| Untracked 
|  26|0x0000000083600000, 0x0000000083600000, 0x0000000083700000|  0%| F|  |TAMS 0x0000000083600000, 0x0000000083600000| Untracked 
|  27|0x0000000083700000, 0x0000000083700000, 0x0000000083800000|  0%| F|  |TAMS 0x0000000083700000, 0x0000000083700000| Untracked 
|  28|0x0000000083800000, 0x0000000083800000, 0x0000000083900000|  0%| F|  |TAMS 0x0000000083800000, 0x0000000083800000| Untracked 
|  29|0x0000000083900000, 0x0000000083900000, 0x0000000083a00000|  0%| F|  |TAMS 0x0000000083900000, 0x0000000083900000| Untracked 
|  30|0x0000000083a00000, 0x0000000083a00000, 0x0000000083b00000|  0%| F|  |TAMS 0x0000000083a00000, 0x0000000083a00000| Untracked 
|  31|0x0000000083b00000, 0x0000000083b00000, 0x0000000083c00000|  0%| F|  |TAMS 0x0000000083b00000, 0x0000000083b00000| Untracked 
|  32|0x0000000083c00000, 0x0000000083c00000, 0x0000000083d00000|  0%| F|  |TAMS 0x0000000083c00000, 0x0000000083c00000| Untracked 
|  33|0x0000000083d00000, 0x0000000083d00000, 0x0000000083e00000|  0%| F|  |TAMS 0x0000000083d00000, 0x0000000083d00000| Untracked 
|  34|0x0000000083e00000, 0x0000000083e00000, 0x0000000083f00000|  0%| F|  |TAMS 0x0000000083e00000, 0x0000000083e00000| Untracked 
|  35|0x0000000083f00000, 0x0000000083f00000, 0x0000000084000000|  0%| F|  |TAMS 0x0000000083f00000, 0x0000000083f00000| Untracked 
|  36|0x0000000084000000, 0x0000000084000000, 0x0000000084100000|  0%| F|  |TAMS 0x0000000084000000, 0x0000000084000000| Untracked 
|  37|0x0000000084100000, 0x0000000084100000, 0x0000000084200000|  0%| F|  |TAMS 0x0000000084100000, 0x0000000084100000| Untracked 
|  38|0x0000000084200000, 0x0000000084200000, 0x0000000084300000|  0%| F|  |TAMS 0x0000000084200000, 0x0000000084200000| Untracked 
|  39|0x0000000084300000, 0x0000000084300000, 0x0000000084400000|  0%| F|  |TAMS 0x0000000084300000, 0x0000000084300000| Untracked 
|  40|0x0000000084400000, 0x0000000084400000, 0x0000000084500000|  0%| F|  |TAMS 0x0000000084400000, 0x0000000084400000| Untracked 
|  41|0x0000000084500000, 0x0000000084500000, 0x0000000084600000|  0%| F|  |TAMS 0x0000000084500000, 0x0000000084500000| Untracked 
|  42|0x0000000084600000, 0x0000000084600000, 0x0000000084700000|  0%| F|  |TAMS 0x0000000084600000, 0x0000000084600000| Untracked 
|  43|0x0000000084700000, 0x0000000084700000, 0x0000000084800000|  0%| F|  |TAMS 0x0000000084700000, 0x0000000084700000| Untracked 
|  44|0x0000000084800000, 0x0000000084800000, 0x0000000084900000|  0%| F|  |TAMS 0x0000000084800000, 0x0000000084800000| Untracked 
|  45|0x0000000084900000, 0x0000000084900000, 0x0000000084a00000|  0%| F|  |TAMS 0x0000000084900000, 0x0000000084900000| Untracked 
|  46|0x0000000084a00000, 0x0000000084a00000, 0x0000000084b00000|  0%| F|  |TAMS 0x0000000084a00000, 0x0000000084a00000| Untracked 
|  47|0x0000000084b00000, 0x0000000084b00000, 0x0000000084c00000|  0%| F|  |TAMS 0x0000000084b00000, 0x0000000084b00000| Untracked 
|  48|0x0000000084c00000, 0x0000000084c00000, 0x0000000084d00000|  0%| F|  |TAMS 0x0000000084c00000, 0x0000000084c00000| Untracked 
|  49|0x0000000084d00000, 0x0000000084d00000, 0x0000000084e00000|  0%| F|  |TAMS 0x0000000084d00000, 0x0000000084d00000| Untracked 
|  50|0x0000000084e00000, 0x0000000084e00000, 0x0000000084f00000|  0%| F|  |TAMS 0x0000000084e00000, 0x0000000084e00000| Untracked 
|  51|0x0000000084f00000, 0x0000000084f00000, 0x0000000085000000|  0%| F|  |TAMS 0x0000000084f00000, 0x0000000084f00000| Untracked 
|  52|0x0000000085000000, 0x0000000085000000, 0x0000000085100000|  0%| F|  |TAMS 0x0000000085000000, 0x0000000085000000| Untracked 
|  53|0x0000000085100000, 0x0000000085100000, 0x0000000085200000|  0%| F|  |TAMS 0x0000000085100000, 0x0000000085100000| Untracked 
|  54|0x0000000085200000, 0x0000000085200000, 0x0000000085300000|  0%| F|  |TAMS 0x0000000085200000, 0x0000000085200000| Untracked 
|  55|0x0000000085300000, 0x0000000085300000, 0x0000000085400000|  0%| F|  |TAMS 0x0000000085300000, 0x0000000085300000| Untracked 
|  56|0x0000000085400000, 0x0000000085400000, 0x0000000085500000|  0%| F|  |TAMS 0x0000000085400000, 0x0000000085400000| Untracked 
|  57|0x0000000085500000, 0x0000000085500000, 0x0000000085600000|  0%| F|  |TAMS 0x0000000085500000, 0x0000000085500000| Untracked 
|  58|0x0000000085600000, 0x0000000085600000, 0x0000000085700000|  0%| F|  |TAMS 0x0000000085600000, 0x0000000085600000| Untracked 
|  59|0x0000000085700000, 0x0000000085700000, 0x0000000085800000|  0%| F|  |TAMS 0x0000000085700000, 0x0000000085700000| Untracked 
|  60|0x0000000085800000, 0x0000000085800000, 0x0000000085900000|  0%| F|  |TAMS 0x0000000085800000, 0x0000000085800000| Untracked 
|  61|0x0000000085900000, 0x0000000085900000, 0x0000000085a00000|  0%| F|  |TAMS 0x0000000085900000, 0x0000000085900000| Untracked 
|  62|0x0000000085a00000, 0x0000000085a00000, 0x0000000085b00000|  0%| F|  |TAMS 0x0000000085a00000, 0x0000000085a00000| Untracked 
|  63|0x0000000085b00000, 0x0000000085b00000, 0x0000000085c00000|  0%| F|  |TAMS 0x0000000085b00000, 0x0000000085b00000| Untracked 
|  64|0x0000000085c00000, 0x0000000085c00000, 0x0000000085d00000|  0%| F|  |TAMS 0x0000000085c00000, 0x0000000085c00000| Untracked 
|  65|0x0000000085d00000, 0x0000000085d00000, 0x0000000085e00000|  0%| F|  |TAMS 0x0000000085d00000, 0x0000000085d00000| Untracked 
|  66|0x0000000085e00000, 0x0000000085e00000, 0x0000000085f00000|  0%| F|  |TAMS 0x0000000085e00000, 0x0000000085e00000| Untracked 
|  67|0x0000000085f00000, 0x0000000085f00000, 0x0000000086000000|  0%| F|  |TAMS 0x0000000085f00000, 0x0000000085f00000| Untracked 
|  68|0x0000000086000000, 0x0000000086000000, 0x0000000086100000|  0%| F|  |TAMS 0x0000000086000000, 0x0000000086000000| Untracked 
|  69|0x0000000086100000, 0x0000000086100000, 0x0000000086200000|  0%| F|  |TAMS 0x0000000086100000, 0x0000000086100000| Untracked 
|  70|0x0000000086200000, 0x0000000086200000, 0x0000000086300000|  0%| F|  |TAMS 0x0000000086200000, 0x0000000086200000| Untracked 
|  71|0x0000000086300000, 0x0000000086300000, 0x0000000086400000|  0%| F|  |TAMS 0x0000000086300000, 0x0000000086300000| Untracked 
|  72|0x0000000086400000, 0x0000000086400000, 0x0000000086500000|  0%| F|  |TAMS 0x0000000086400000, 0x0000000086400000| Untracked 
|  73|0x0000000086500000, 0x0000000086500000, 0x0000000086600000|  0%| F|  |TAMS 0x0000000086500000, 0x0000000086500000| Untracked 
|  74|0x0000000086600000, 0x0000000086600000, 0x0000000086700000|  0%| F|  |TAMS 0x0000000086600000, 0x0000000086600000| Untracked 
|  75|0x0000000086700000, 0x0000000086700000, 0x0000000086800000|  0%| F|  |TAMS 0x0000000086700000, 0x0000000086700000| Untracked 
|  76|0x0000000086800000, 0x0000000086800000, 0x0000000086900000|  0%| F|  |TAMS 0x0000000086800000, 0x0000000086800000| Untracked 
|  77|0x0000000086900000, 0x0000000086900000, 0x0000000086a00000|  0%| F|  |TAMS 0x0000000086900000, 0x0000000086900000| Untracked 
|  78|0x0000000086a00000, 0x0000000086a00000, 0x0000000086b00000|  0%| F|  |TAMS 0x0000000086a00000, 0x0000000086a00000| Untracked 
|  79|0x0000000086b00000, 0x0000000086b00000, 0x0000000086c00000|  0%| F|  |TAMS 0x0000000086b00000, 0x0000000086b00000| Untracked 
|  80|0x0000000086c00000, 0x0000000086c00000, 0x0000000086d00000|  0%| F|  |TAMS 0x0000000086c00000, 0x0000000086c00000| Untracked 
|  81|0x0000000086d00000, 0x0000000086d00000, 0x0000000086e00000|  0%| F|  |TAMS 0x0000000086d00000, 0x0000000086d00000| Untracked 
|  82|0x0000000086e00000, 0x0000000086e00000, 0x0000000086f00000|  0%| F|  |TAMS 0x0000000086e00000, 0x0000000086e00000| Untracked 
|  83|0x0000000086f00000, 0x0000000086f00000, 0x0000000087000000|  0%| F|  |TAMS 0x0000000086f00000, 0x0000000086f00000| Untracked 
|  84|0x0000000087000000, 0x0000000087000000, 0x0000000087100000|  0%| F|  |TAMS 0x0000000087000000, 0x0000000087000000| Untracked 
|  85|0x0000000087100000, 0x0000000087100000, 0x0000000087200000|  0%| F|  |TAMS 0x0000000087100000, 0x0000000087100000| Untracked 
|  86|0x0000000087200000, 0x0000000087200000, 0x0000000087300000|  0%| F|  |TAMS 0x0000000087200000, 0x0000000087200000| Untracked 
|  87|0x0000000087300000, 0x0000000087300000, 0x0000000087400000|  0%| F|  |TAMS 0x0000000087300000, 0x0000000087300000| Untracked 
|  88|0x0000000087400000, 0x0000000087400000, 0x0000000087500000|  0%| F|  |TAMS 0x0000000087400000, 0x0000000087400000| Untracked 
|  89|0x0000000087500000, 0x0000000087500000, 0x0000000087600000|  0%| F|  |TAMS 0x0000000087500000, 0x0000000087500000| Untracked 
|  90|0x0000000087600000, 0x0000000087600000, 0x0000000087700000|  0%| F|  |TAMS 0x0000000087600000, 0x0000000087600000| Untracked 
|  91|0x0000000087700000, 0x0000000087700000, 0x0000000087800000|  0%| F|  |TAMS 0x0000000087700000, 0x0000000087700000| Untracked 
|  92|0x0000000087800000, 0x0000000087800000, 0x0000000087900000|  0%| F|  |TAMS 0x0000000087800000, 0x0000000087800000| Untracked 
|  93|0x0000000087900000, 0x0000000087900000, 0x0000000087a00000|  0%| F|  |TAMS 0x0000000087900000, 0x0000000087900000| Untracked 
|  94|0x0000000087a00000, 0x0000000087a00000, 0x0000000087b00000|  0%| F|  |TAMS 0x0000000087a00000, 0x0000000087a00000| Untracked 
|  95|0x0000000087b00000, 0x0000000087b00000, 0x0000000087c00000|  0%| F|  |TAMS 0x0000000087b00000, 0x0000000087b00000| Untracked 
|  96|0x0000000087c00000, 0x0000000087c00000, 0x0000000087d00000|  0%| F|  |TAMS 0x0000000087c00000, 0x0000000087c00000| Untracked 
|  97|0x0000000087d00000, 0x0000000087d00000, 0x0000000087e00000|  0%| F|  |TAMS 0x0000000087d00000, 0x0000000087d00000| Untracked 
|  98|0x0000000087e00000, 0x0000000087e00000, 0x0000000087f00000|  0%| F|  |TAMS 0x0000000087e00000, 0x0000000087e00000| Untracked 
|  99|0x0000000087f00000, 0x0000000087f00000, 0x0000000088000000|  0%| F|  |TAMS 0x0000000087f00000, 0x0000000087f00000| Untracked 
| 100|0x0000000088000000, 0x0000000088000000, 0x0000000088100000|  0%| F|  |TAMS 0x0000000088000000, 0x0000000088000000| Untracked 
| 101|0x0000000088100000, 0x0000000088100000, 0x0000000088200000|  0%| F|  |TAMS 0x0000000088100000, 0x0000000088100000| Untracked 
| 102|0x0000000088200000, 0x0000000088200000, 0x0000000088300000|  0%| F|  |TAMS 0x0000000088200000, 0x0000000088200000| Untracked 
| 103|0x0000000088300000, 0x0000000088300000, 0x0000000088400000|  0%| F|  |TAMS 0x0000000088300000, 0x0000000088300000| Untracked 
| 104|0x0000000088400000, 0x0000000088400000, 0x0000000088500000|  0%| F|  |TAMS 0x0000000088400000, 0x0000000088400000| Untracked 
| 105|0x0000000088500000, 0x0000000088500000, 0x0000000088600000|  0%| F|  |TAMS 0x0000000088500000, 0x0000000088500000| Untracked 
| 106|0x0000000088600000, 0x0000000088600000, 0x0000000088700000|  0%| F|  |TAMS 0x0000000088600000, 0x0000000088600000| Untracked 
| 107|0x0000000088700000, 0x0000000088700000, 0x0000000088800000|  0%| F|  |TAMS 0x0000000088700000, 0x0000000088700000| Untracked 
| 108|0x0000000088800000, 0x0000000088800000, 0x0000000088900000|  0%| F|  |TAMS 0x0000000088800000, 0x0000000088800000| Untracked 
| 109|0x0000000088900000, 0x0000000088900000, 0x0000000088a00000|  0%| F|  |TAMS 0x0000000088900000, 0x0000000088900000| Untracked 
| 110|0x0000000088a00000, 0x0000000088a00000, 0x0000000088b00000|  0%| F|  |TAMS 0x0000000088a00000, 0x0000000088a00000| Untracked 
| 111|0x0000000088b00000, 0x0000000088b00000, 0x0000000088c00000|  0%| F|  |TAMS 0x0000000088b00000, 0x0000000088b00000| Untracked 
| 112|0x0000000088c00000, 0x0000000088c00000, 0x0000000088d00000|  0%| F|  |TAMS 0x0000000088c00000, 0x0000000088c00000| Untracked 
| 113|0x0000000088d00000, 0x0000000088d00000, 0x0000000088e00000|  0%| F|  |TAMS 0x0000000088d00000, 0x0000000088d00000| Untracked 
| 114|0x0000000088e00000, 0x0000000088e00000, 0x0000000088f00000|  0%| F|  |TAMS 0x0000000088e00000, 0x0000000088e00000| Untracked 
| 115|0x0000000088f00000, 0x0000000088f00000, 0x0000000089000000|  0%| F|  |TAMS 0x0000000088f00000, 0x0000000088f00000| Untracked 
| 116|0x0000000089000000, 0x0000000089000000, 0x0000000089100000|  0%| F|  |TAMS 0x0000000089000000, 0x0000000089000000| Untracked 
| 117|0x0000000089100000, 0x0000000089100000, 0x0000000089200000|  0%| F|  |TAMS 0x0000000089100000, 0x0000000089100000| Untracked 
| 118|0x0000000089200000, 0x00000000892f64e8, 0x0000000089300000| 96%| E|  |TAMS 0x0000000089200000, 0x0000000089200000| Complete 
| 119|0x0000000089300000, 0x0000000089400000, 0x0000000089400000|100%| E|CS|TAMS 0x0000000089300000, 0x0000000089300000| Complete 
| 120|0x0000000089400000, 0x0000000089500000, 0x0000000089500000|100%| E|CS|TAMS 0x0000000089400000, 0x0000000089400000| Complete 
| 121|0x0000000089500000, 0x0000000089600000, 0x0000000089600000|100%| E|CS|TAMS 0x0000000089500000, 0x0000000089500000| Complete 
| 122|0x0000000089600000, 0x0000000089700000, 0x0000000089700000|100%| E|CS|TAMS 0x0000000089600000, 0x0000000089600000| Complete 
| 123|0x0000000089700000, 0x0000000089800000, 0x0000000089800000|100%| E|CS|TAMS 0x0000000089700000, 0x0000000089700000| Complete 
| 124|0x0000000089800000, 0x0000000089900000, 0x0000000089900000|100%| E|CS|TAMS 0x0000000089800000, 0x0000000089800000| Complete 
| 125|0x0000000089900000, 0x0000000089a00000, 0x0000000089a00000|100%| E|CS|TAMS 0x0000000089900000, 0x0000000089900000| Complete 
| 126|0x0000000089a00000, 0x0000000089b00000, 0x0000000089b00000|100%| E|CS|TAMS 0x0000000089a00000, 0x0000000089a00000| Complete 
| 127|0x0000000089b00000, 0x0000000089c00000, 0x0000000089c00000|100%| E|CS|TAMS 0x0000000089b00000, 0x0000000089b00000| Complete 

Card table byte_map: [0x000001f0d3e10000,0x000001f0d4210000] _byte_map_base: 0x000001f0d3a02000

Marking Bits (Prev, Next): (CMBitMap*) 0x000001f0bc0c63f8, (CMBitMap*) 0x000001f0bc0c6430
 Prev Bits: [0x000001f0d4610000, 0x000001f0d65a0000)
 Next Bits: [0x000001f0d65a0000, 0x000001f0d8530000)

Polling page: 0x000001f0bb850000

Metaspace:

Usage:
  Non-class:     10.73 MB capacity,    10.54 MB ( 98%) used,   159.68 KB (  1%) free+waste,    37.13 KB ( <1%) overhead. 
      Class:      1.40 MB capacity,     1.23 MB ( 87%) used,   159.56 KB ( 11%) free+waste,    21.00 KB (  1%) overhead. 
       Both:     12.14 MB capacity,    11.77 MB ( 97%) used,   319.24 KB (  3%) free+waste,    58.13 KB ( <1%) overhead. 

Virtual space:
  Non-class space:       12.00 MB reserved,      10.75 MB ( 90%) committed 
      Class space:        1.00 GB reserved,       1.50 MB ( <1%) committed 
             Both:        1.01 GB reserved,      12.25 MB (  1%) committed 

Chunk freelists:
   Non-Class:  16.00 KB
       Class:  0 bytes
        Both:  16.00 KB

MaxMetaspaceSize: 17179869184.00 GB
CompressedClassSpaceSize: 1.00 GB

CodeHeap 'non-profiled nmethods': size=120000Kb used=247Kb max_used=247Kb free=119752Kb
 bounds [0x000001f0cc1a0000, 0x000001f0cc410000, 0x000001f0d36d0000]
CodeHeap 'profiled nmethods': size=120000Kb used=1234Kb max_used=1234Kb free=118765Kb
 bounds [0x000001f0c4c70000, 0x000001f0c4ee0000, 0x000001f0cc1a0000]
CodeHeap 'non-nmethods': size=5760Kb used=1163Kb max_used=1192Kb free=4596Kb
 bounds [0x000001f0c46d0000, 0x000001f0c4940000, 0x000001f0c4c70000]
 total_blobs=1666 nmethods=747 adapters=418
 compilation: enabled
              stopped_count=0, restarted_count=0
 full_count=0

Compilation events (20 events):
Event: 0.375 Thread 0x000001f0dc021800 nmethod 671 0x000001f0cc1d4790 code [0x000001f0cc1d4940, 0x000001f0cc1d4eb8]
Event: 0.375 Thread 0x000001f0dc021800  670       4       java.lang.ref.Reference::<init> (25 bytes)
Event: 0.376 Thread 0x000001f0db8b8800 nmethod 726 0x000001f0c4d97490 code [0x000001f0c4d97900, 0x000001f0c4d9a550]
Event: 0.376 Thread 0x000001f0db8b8800  729       3       java.lang.StringLatin1::replace (196 bytes)
Event: 0.377 Thread 0x000001f0dc021800 nmethod 670 0x000001f0cc1d5290 code [0x000001f0cc1d5420, 0x000001f0cc1d5618]
Event: 0.377 Thread 0x000001f0dc021800  732       4       java.lang.invoke.LambdaForm$BasicType::basicType (19 bytes)
Event: 0.377 Thread 0x000001f0db8b8800 nmethod 729 0x000001f0c4d9b710 code [0x000001f0c4d9b980, 0x000001f0c4d9c640]
Event: 0.377 Thread 0x000001f0db8b8800  730       3       java.lang.invoke.InvokerBytecodeGenerator::<init> (80 bytes)
Event: 0.377 Thread 0x000001f0db8b8800 nmethod 730 0x000001f0c4d9ca90 code [0x000001f0c4d9cc80, 0x000001f0c4d9d090]
Event: 0.377 Thread 0x000001f0db8b8800  731       3       java.lang.invoke.LambdaFormBuffer::clearDuplicatesAndNulls (268 bytes)
Event: 0.378 Thread 0x000001f0db8b8800 nmethod 731 0x000001f0c4d9d310 code [0x000001f0c4d9d5c0, 0x000001f0c4d9e4c0]
Event: 0.378 Thread 0x000001f0db8b8800  736       3       java.lang.invoke.ClassSpecializer::className (33 bytes)
Event: 0.378 Thread 0x000001f0db8b8800 nmethod 736 0x000001f0c4d9e990 code [0x000001f0c4d9eb60, 0x000001f0c4d9edb0]
Event: 0.378 Thread 0x000001f0db8b8800  739       3       java.lang.invoke.LambdaFormBuffer::indexOf (25 bytes)
Event: 0.378 Thread 0x000001f0db8b8800 nmethod 739 0x000001f0c4d9ee90 code [0x000001f0c4d9f040, 0x000001f0c4d9f298]
Event: 0.378 Thread 0x000001f0db8b8800  733       3       java.util.Collections$UnmodifiableCollection$1::next (10 bytes)
Event: 0.378 Thread 0x000001f0db8b8800 nmethod 733 0x000001f0c4d9f390 code [0x000001f0c4d9f560, 0x000001f0c4d9f790]
Event: 0.378 Thread 0x000001f0db8b8800  737       3       java.lang.invoke.ClassSpecializer::classSig (94 bytes)
Event: 0.379 Thread 0x000001f0db8b8800 nmethod 737 0x000001f0c4d9f890 code [0x000001f0c4d9fb00, 0x000001f0c4da0380]
Event: 0.379 Thread 0x000001f0db8b8800  742       3       java.lang.invoke.MethodTypeForm::<init> (687 bytes)

GC Heap History (0 events):
No events

Deoptimization events (16 events):
Event: 0.091 Thread 0x000001f0bc085800 Uncommon trap: trap_request=0xffffff4d fr.pc=0x000001f0cc1a4d90 relative=0x00000000000001f0
Event: 0.091 Thread 0x000001f0bc085800 Uncommon trap: reason=unstable_if action=reinterpret pc=0x000001f0cc1a4d90 method=java.lang.String.hashCode()I @ 14 c2
Event: 0.091 Thread 0x000001f0bc085800 DEOPT PACKING pc=0x000001f0cc1a4d90 sp=0x0000006128efd8d0
Event: 0.091 Thread 0x000001f0bc085800 DEOPT UNPACKING pc=0x000001f0c46f8f2f sp=0x0000006128efd868 mode 2
Event: 0.119 Thread 0x000001f0bc085800 Uncommon trap: trap_request=0xffffff4d fr.pc=0x000001f0cc1a1ff8 relative=0x0000000000000058
Event: 0.119 Thread 0x000001f0bc085800 Uncommon trap: reason=unstable_if action=reinterpret pc=0x000001f0cc1a1ff8 method=java.lang.String.isLatin1()Z @ 10 c2
Event: 0.119 Thread 0x000001f0bc085800 DEOPT PACKING pc=0x000001f0cc1a1ff8 sp=0x0000006128ef61f0
Event: 0.119 Thread 0x000001f0bc085800 DEOPT UNPACKING pc=0x000001f0c46f8f2f sp=0x0000006128ef6180 mode 2
Event: 0.321 Thread 0x000001f0bc085800 Uncommon trap: trap_request=0xffffff4d fr.pc=0x000001f0cc1cccf8 relative=0x0000000000000058
Event: 0.321 Thread 0x000001f0bc085800 Uncommon trap: reason=unstable_if action=reinterpret pc=0x000001f0cc1cccf8 method=java.util.Objects.equals(Ljava/lang/Object;Ljava/lang/Object;)Z @ 6 c2
Event: 0.321 Thread 0x000001f0bc085800 DEOPT PACKING pc=0x000001f0cc1cccf8 sp=0x0000006128efeec0
Event: 0.321 Thread 0x000001f0bc085800 DEOPT UNPACKING pc=0x000001f0c46f8f2f sp=0x0000006128efee60 mode 2
Event: 0.371 Thread 0x000001f0bc085800 Uncommon trap: trap_request=0xffffff4d fr.pc=0x000001f0cc1d2d14 relative=0x00000000000004d4
Event: 0.371 Thread 0x000001f0bc085800 Uncommon trap: reason=unstable_if action=reinterpret pc=0x000001f0cc1d2d14 method=java.lang.StringLatin1.replace([BCC)Ljava/lang/String; @ 19 c2
Event: 0.371 Thread 0x000001f0bc085800 DEOPT PACKING pc=0x000001f0cc1d2d14 sp=0x0000006128efba70
Event: 0.371 Thread 0x000001f0bc085800 DEOPT UNPACKING pc=0x000001f0c46f8f2f sp=0x0000006128efb9e0 mode 2

Classes redefined (0 events):
No events

Internal exceptions (20 events):
Event: 0.203 Thread 0x000001f0bc085800 Exception <a 'java/lang/NoSuchMethodError'{0x00000000898cb200}: 'java.lang.Object java.lang.invoke.DirectMethodHandle$Holder.invokeStatic(java.lang.Object, java.lang.Object, java.lang.Object, java.lang.Object, java.lang.Object, java.lang.Object, java.lang
Event: 0.205 Thread 0x000001f0bc085800 Exception <a 'java/lang/NoSuchMethodError'{0x00000000898d8e70}: 'java.lang.Object java.lang.invoke.DirectMethodHandle$Holder.invokeSpecial(java.lang.Object, java.lang.Object, int, int, java.lang.Object, java.lang.Object, java.lang.Object)'> (0x00000000898
Event: 0.205 Thread 0x000001f0bc085800 Exception <a 'java/lang/NoSuchMethodError'{0x00000000898dc400}: 'java.lang.Object java.lang.invoke.DelegatingMethodHandle$Holder.reinvoke_L(java.lang.Object, int, int, java.lang.Object, java.lang.Object, java.lang.Object)'> (0x00000000898dc400) thrown at 
Event: 0.205 Thread 0x000001f0bc085800 Exception <a 'java/lang/NoSuchMethodError'{0x00000000898e04e0}: 'java.lang.Object java.lang.invoke.DirectMethodHandle$Holder.invokeStatic(java.lang.Object, java.lang.Object, java.lang.Object, java.lang.Object, int)'> (0x00000000898e04e0) thrown at [c:/cyg
Event: 0.213 Thread 0x000001f0bc085800 Exception <a 'java/io/FileNotFoundException'{0x0000000089744558}> (0x0000000089744558) thrown at [c:/cygwin64/tmp/openjdk-jdk11u-windows-x64-hotspot/workspace/build/src/src/hotspot/share/prims/jni.cpp, line 615]
Event: 0.254 Thread 0x000001f0dbeca800 Exception <a 'java/lang/NoSuchMethodError'{0x00000000897fb968}: 'void java.lang.invoke.DirectMethodHandle$Holder.invokeSpecial(java.lang.Object, java.lang.Object)'> (0x00000000897fb968) thrown at [c:/cygwin64/tmp/openjdk-jdk11u-windows-x64-hotspot/workspa
Event: 0.257 Thread 0x000001f0bc085800 Exception <a 'java/lang/NoSuchMethodError'{0x00000000897f0040}: 'java.lang.Object java.lang.invoke.DirectMethodHandle$Holder.invokeStatic(java.lang.Object, java.lang.Object, java.lang.Object, java.lang.Object, java.lang.Object, java.lang.Object, java.lang
Event: 0.259 Thread 0x000001f0bc085800 Exception <a 'java/lang/NoSuchMethodError'{0x000000008968f050}: 'java.lang.Object java.lang.invoke.DirectMethodHandle$Holder.invokeStatic(java.lang.Object, java.lang.Object, java.lang.Object, java.lang.Object, java.lang.Object, java.lang.Object, java.lang
Event: 0.288 Thread 0x000001f0bc085800 Exception <a 'java/lang/NoSuchMethodError'{0x00000000895a6790}: 'java.lang.Object java.lang.invoke.DirectMethodHandle$Holder.invokeStatic(java.lang.Object, int, java.lang.Object, java.lang.Object, java.lang.Object, java.lang.Object)'> (0x00000000895a6790)
Event: 0.288 Thread 0x000001f0bc085800 Exception <a 'java/lang/NoSuchMethodError'{0x00000000895ad850}: 'java.lang.Object java.lang.invoke.DirectMethodHandle$Holder.invokeStatic(java.lang.Object, int, java.lang.Object, java.lang.Object, java.lang.Object)'> (0x00000000895ad850) thrown at [c:/cyg
Event: 0.288 Thread 0x000001f0bc085800 Exception <a 'java/lang/NoSuchMethodError'{0x00000000895b1398}: 'java.lang.Object java.lang.invoke.DirectMethodHandle$Holder.invokeSpecial(java.lang.Object, java.lang.Object, int, java.lang.Object, java.lang.Object, java.lang.Object)'> (0x00000000895b1398
Event: 0.305 Thread 0x000001f0bc085800 Exception <a 'java/lang/ClassNotFoundException'{0x00000000894709b8}: com/sun/swing/internal/plaf/metal/resources/spi/metalProvider> (0x00000000894709b8) thrown at [c:/cygwin64/tmp/openjdk-jdk11u-windows-x64-hotspot/workspace/build/src/src/hotspot/share/cl
Event: 0.306 Thread 0x000001f0bc085800 Exception <a 'java/lang/ClassNotFoundException'{0x00000000894757c0}: com/sun/swing/internal/plaf/basic/resources/spi/basicProvider> (0x00000000894757c0) thrown at [c:/cygwin64/tmp/openjdk-jdk11u-windows-x64-hotspot/workspace/build/src/src/hotspot/share/cl
Event: 0.338 Thread 0x000001f0bc085800 Exception <a 'java/lang/NoSuchMethodError'{0x00000000894e5d38}: 'void java.lang.invoke.DirectMethodHandle$Holder.invokeStaticInit(java.lang.Object)'> (0x00000000894e5d38) thrown at [c:/cygwin64/tmp/openjdk-jdk11u-windows-x64-hotspot/workspace/build/src/sr
Event: 0.349 Thread 0x000001f0bc085800 Exception <a 'java/io/FileNotFoundException'{0x00000000894f4640}> (0x00000000894f4640) thrown at [c:/cygwin64/tmp/openjdk-jdk11u-windows-x64-hotspot/workspace/build/src/src/hotspot/share/prims/jni.cpp, line 615]
Event: 0.349 Thread 0x000001f0bc085800 Exception <a 'java/lang/NullPointerException'{0x00000000894f4f30}> (0x00000000894f4f30) thrown at [c:/cygwin64/tmp/openjdk-jdk11u-windows-x64-hotspot/workspace/build/src/src/hotspot/share/interpreter/linkResolver.cpp, line 1358]
Event: 0.376 Thread 0x000001f0bc085800 Exception <a 'java/lang/NoSuchMethodError'{0x0000000089237dd0}: 'java.lang.Object java.lang.invoke.DirectMethodHandle$Holder.invokeStatic(java.lang.Object, java.lang.Object, java.lang.Object, java.lang.Object, java.lang.Object, java.lang.Object, java.lang
Event: 0.378 Thread 0x000001f0bc085800 Exception <a 'java/lang/NoSuchMethodError'{0x0000000089255fd8}: 'java.lang.Object java.lang.invoke.DirectMethodHandle$Holder.invokeStatic(java.lang.Object, java.lang.Object, java.lang.Object, java.lang.Object, java.lang.Object, java.lang.Object, java.lang
Event: 0.379 Thread 0x000001f0bc085800 Exception <a 'java/lang/NoSuchMethodError'{0x0000000089274f70}: 'java.lang.Object java.lang.invoke.DirectMethodHandle$Holder.invokeStatic(java.lang.Object, java.lang.Object, java.lang.Object, java.lang.Object, java.lang.Object, java.lang.Object, java.lang
Event: 0.380 Thread 0x000001f0bc085800 Exception <a 'java/lang/NoSuchMethodError'{0x00000000892811c8}: 'java.lang.Object java.lang.invoke.Invokers$Holder.linkToTargetMethod(java.lang.Object, int, java.lang.Object)'> (0x00000000892811c8) thrown at [c:/cygwin64/tmp/openjdk-jdk11u-windows-x64-hot

Events (20 events):
Event: 0.372 loading class sun/awt/AWTCharset$Encoder done
Event: 0.372 loading class sun/awt/windows/WDefaultFontCharset$Encoder done
Event: 0.372 loading class sun/nio/cs/SingleByte$Encoder
Event: 0.372 loading class sun/nio/cs/SingleByte$Encoder done
Event: 0.372 loading class java/io/ByteArrayOutputStream
Event: 0.372 loading class java/io/ByteArrayOutputStream done
Event: 0.373 loading class sun/awt/windows/WingDings
Event: 0.373 loading class sun/awt/windows/WingDings done
Event: 0.373 loading class sun/awt/windows/WingDings$Encoder
Event: 0.373 loading class sun/awt/windows/WingDings$Encoder done
Event: 0.373 loading class sun/awt/Symbol
Event: 0.373 loading class sun/awt/Symbol done
Event: 0.373 loading class sun/awt/Symbol$Encoder
Event: 0.373 loading class sun/awt/Symbol$Encoder done
Event: 0.375 loading class java/lang/invoke/BoundMethodHandle$Species_LLLLLLLLI
Event: 0.375 loading class java/lang/invoke/BoundMethodHandle$Species_LLLLLLLLI done
Event: 0.377 loading class java/lang/invoke/BoundMethodHandle$Species_LLLLLLLLII
Event: 0.377 loading class java/lang/invoke/BoundMethodHandle$Species_LLLLLLLLII done
Event: 0.378 loading class java/lang/invoke/BoundMethodHandle$Species_LLLLLLLLIIL
Event: 0.378 loading class java/lang/invoke/BoundMethodHandle$Species_LLLLLLLLIIL done


Dynamic libraries:
0x00007ff7ca620000 - 0x00007ff7ca62d000 	C:\pleiades\java\11\bin\javaw.exe
0x00007ffd5acc0000 - 0x00007ffd5aeb0000 	C:\windows\SYSTEM32\ntdll.dll
0x00007ffd5a750000 - 0x00007ffd5a802000 	C:\windows\System32\KERNEL32.DLL
0x00007ffd58010000 - 0x00007ffd582b4000 	C:\windows\System32\KERNELBASE.dll
0x00000000679b0000 - 0x0000000067a43000 	C:\windows\System32\SYSFER.DLL
0x00007ffd58410000 - 0x00007ffd5850a000 	C:\windows\System32\ucrtbase.dll
0x00007ffd40190000 - 0x00007ffd401a7000 	C:\pleiades\java\11\bin\jli.dll
0x00007ffd59800000 - 0x00007ffd59994000 	C:\windows\System32\USER32.dll
0x00007ffd58c90000 - 0x00007ffd58cb1000 	C:\windows\System32\win32u.dll
0x00007ffd5a360000 - 0x00007ffd5a386000 	C:\windows\System32\GDI32.dll
0x00007ffd43b90000 - 0x00007ffd43e14000 	C:\windows\WinSxS\amd64_microsoft.windows.common-controls_6595b64144ccf1df_6.0.18362.900_none_e6beb9d913147d17\COMCTL32.dll
0x00007ffd57c50000 - 0x00007ffd57de5000 	C:\windows\System32\gdi32full.dll
0x00007ffd58d70000 - 0x00007ffd58e0e000 	C:\windows\System32\msvcrt.dll
0x00007ffd57df0000 - 0x00007ffd57e8e000 	C:\windows\System32\msvcp_win.dll
0x00007ffd59cd0000 - 0x00007ffd5a005000 	C:\windows\System32\combase.dll
0x00007ffd59a50000 - 0x00007ffd59b70000 	C:\windows\System32\RPCRT4.dll
0x00007ffd57f90000 - 0x00007ffd58010000 	C:\windows\System32\bcryptPrimitives.dll
0x00007ffd401b0000 - 0x00007ffd401c6000 	C:\pleiades\java\11\bin\VCRUNTIME140.dll
0x00007ffd599a0000 - 0x00007ffd599ce000 	C:\windows\System32\IMM32.DLL
0x00007ffd25ea0000 - 0x00007ffd25f3b000 	C:\pleiades\java\11\bin\msvcp140.dll
0x00007ffd00550000 - 0x00007ffd0100c000 	C:\pleiades\java\11\bin\server\jvm.dll
0x00007ffd5a5d0000 - 0x00007ffd5a673000 	C:\windows\System32\ADVAPI32.dll
0x00007ffd59000000 - 0x00007ffd59097000 	C:\windows\System32\sechost.dll
0x00007ffd5a390000 - 0x00007ffd5a398000 	C:\windows\System32\PSAPI.DLL
0x00007ffd395b0000 - 0x00007ffd395b9000 	C:\windows\SYSTEM32\WSOCK32.dll
0x00007ffd590a0000 - 0x00007ffd5910f000 	C:\windows\System32\WS2_32.dll
0x00007ffd545b0000 - 0x00007ffd545d4000 	C:\windows\SYSTEM32\WINMM.dll
0x00007ffd50190000 - 0x00007ffd5019a000 	C:\windows\SYSTEM32\VERSION.dll
0x00007ffd54580000 - 0x00007ffd545ad000 	C:\windows\SYSTEM32\WINMMBASE.dll
0x00007ffd57f10000 - 0x00007ffd57f5a000 	C:\windows\System32\cfgmgr32.dll
0x00007ffd57c30000 - 0x00007ffd57c41000 	C:\windows\System32\kernel.appcore.dll
0x00007ffd4f630000 - 0x00007ffd4f640000 	C:\pleiades\java\11\bin\verify.dll
0x00007ffd56490000 - 0x00007ffd56684000 	C:\windows\SYSTEM32\DBGHELP.DLL
0x00007ffd3c120000 - 0x00007ffd3c14a000 	C:\windows\SYSTEM32\dbgcore.DLL
0x00007ffd2cb70000 - 0x00007ffd2cb98000 	C:\pleiades\java\11\bin\java.dll
0x00007ffd3f110000 - 0x00007ffd3f127000 	C:\pleiades\java\11\bin\zip.dll
0x00007ffd40e60000 - 0x00007ffd40e6a000 	C:\pleiades\java\11\bin\jimage.dll
0x00007ffd59110000 - 0x00007ffd597f6000 	C:\windows\System32\SHELL32.dll
0x00007ffd5a2b0000 - 0x00007ffd5a359000 	C:\windows\System32\shcore.dll
0x00007ffd58510000 - 0x00007ffd58c90000 	C:\windows\System32\windows.storage.dll
0x00007ffd57c00000 - 0x00007ffd57c23000 	C:\windows\System32\profapi.dll
0x00007ffd57bb0000 - 0x00007ffd57bfa000 	C:\windows\System32\powrprof.dll
0x00007ffd57b80000 - 0x00007ffd57b90000 	C:\windows\System32\UMPDC.dll
0x00007ffd58e10000 - 0x00007ffd58e62000 	C:\windows\System32\shlwapi.dll
0x00007ffd57e90000 - 0x00007ffd57ea7000 	C:\windows\System32\cryptsp.dll
0x00007ffd3ec40000 - 0x00007ffd3ec59000 	C:\pleiades\java\11\bin\net.dll
0x00007ffd48fb0000 - 0x00007ffd490a0000 	C:\windows\SYSTEM32\WINHTTP.dll
0x00007ffd57390000 - 0x00007ffd573f7000 	C:\windows\system32\mswsock.dll
0x00007ffd3a3e0000 - 0x00007ffd3a3f2000 	C:\pleiades\java\11\bin\nio.dll
0x00007ffd0b250000 - 0x00007ffd0b3e9000 	C:\pleiades\java\11\bin\awt.dll
0x00007ffd59c00000 - 0x00007ffd59cc5000 	C:\windows\System32\OLEAUT32.dll
0x00007ffd555c0000 - 0x00007ffd5564f000 	C:\windows\SYSTEM32\apphelp.dll
0x00007ffd55f60000 - 0x00007ffd55f8d000 	C:\windows\system32\DWMAPI.DLL
0x00007ffd55b30000 - 0x00007ffd55bc9000 	C:\windows\system32\uxtheme.dll
0x00007ffd3f740000 - 0x00007ffd3f896000 	C:\windows\system32\opengl32.dll
0x00007ffd4c410000 - 0x00007ffd4c43c000 	C:\windows\SYSTEM32\GLU32.dll
0x00007ffd567d0000 - 0x00007ffd567f0000 	C:\windows\SYSTEM32\dxcore.dll
0x00007ffd5a170000 - 0x00007ffd5a2a5000 	C:\windows\System32\MSCTF.dll
0x00007ffd5a010000 - 0x00007ffd5a167000 	C:\windows\System32\ole32.dll
0x00007ffd249a0000 - 0x00007ffd24a22000 	C:\pleiades\java\11\bin\freetype.dll
0x00007ffd1cc80000 - 0x00007ffd1cd26000 	C:\pleiades\java\11\bin\fontmanager.dll

dbghelp: loaded successfully - version: 4.0.5 - missing functions: none
symbol engine: initialized successfully - sym options: 0x614 - pdb path: .;C:\pleiades\java\11\bin;C:\windows\SYSTEM32;C:\windows\WinSxS\amd64_microsoft.windows.common-controls_6595b64144ccf1df_6.0.18362.900_none_e6beb9d913147d17;C:\pleiades\java\11\bin\server

VM Arguments:
jvm_args: -Dfile.encoding=UTF-8 
java_command: board1.Roulette
java_class_path (initial): C:\pleiades\workspace\BoardTest\build\classes;C:\pleiades\tomcat\9\lib\annotations-api.jar;C:\pleiades\tomcat\9\lib\catalina-ant.jar;C:\pleiades\tomcat\9\lib\catalina-ha.jar;C:\pleiades\tomcat\9\lib\catalina-ssi.jar;C:\pleiades\tomcat\9\lib\catalina-storeconfig.jar;C:\pleiades\tomcat\9\lib\catalina-tribes.jar;C:\pleiades\tomcat\9\lib\catalina.jar;C:\pleiades\tomcat\9\lib\ecj-4.13.jar;C:\pleiades\tomcat\9\lib\el-api.jar;C:\pleiades\tomcat\9\lib\jasper-el.jar;C:\pleiades\tomcat\9\lib\jasper.jar;C:\pleiades\tomcat\9\lib\jaspic-api.jar;C:\pleiades\tomcat\9\lib\jsp-api.jar;C:\pleiades\tomcat\9\lib\servlet-api.jar;C:\pleiades\tomcat\9\lib\tomcat-api.jar;C:\pleiades\tomcat\9\lib\tomcat-coyote.jar;C:\pleiades\tomcat\9\lib\tomcat-dbcp.jar;C:\pleiades\tomcat\9\lib\tomcat-i18n-cs.jar;C:\pleiades\tomcat\9\lib\tomcat-i18n-de.jar;C:\pleiades\tomcat\9\lib\tomcat-i18n-es.jar;C:\pleiades\tomcat\9\lib\tomcat-i18n-fr.jar;C:\pleiades\tomcat\9\lib\tomcat-i18n-ja.jar;C:\pleiades\tomcat\9\lib\tomcat-i18n-ko.jar;C:\pleiades\tomcat\9\lib\tomcat-i18n-pt-BR.jar;C:\pleiades\tomcat\9\lib\tomcat-i18n-ru.jar;C:\pleiades\tomcat\9\lib\tomcat-i18n-zh-CN.jar;C:\pleiades\tomcat\9\lib\tomcat-jdbc.jar;C:\pleiades\tomcat\9\lib\tomcat-jni.jar;C:\pleiades\tomcat\9\lib\tomcat-util-scan.jar;C:\pleiades\tomcat\9\lib\tomcat-util.jar;C:\pleiades\tomcat\9\lib\tomcat-websocket.jar;C:\pleiades\tomcat\9\lib\websocket-api.jar
Launcher Type: SUN_STANDARD

[Global flags]
     intx CICompilerCount                          = 4                                         {product} {ergonomic}
     uint ConcGCThreads                            = 2                                         {product} {ergonomic}
     uint G1ConcRefinementThreads                  = 8                                         {product} {ergonomic}
   size_t G1HeapRegionSize                         = 1048576                                   {product} {ergonomic}
    uintx GCDrainStackTargetSize                   = 64                                        {product} {ergonomic}
   size_t InitialHeapSize                          = 134217728                                 {product} {ergonomic}
   size_t MarkStackSize                            = 4194304                                   {product} {ergonomic}
   size_t MaxHeapSize                              = 2118123520                                {product} {ergonomic}
   size_t MaxNewSize                               = 1270874112                                {product} {ergonomic}
   size_t MinHeapDeltaBytes                        = 1048576                                   {product} {ergonomic}
    uintx NonNMethodCodeHeapSize                   = 5836300                                {pd product} {ergonomic}
    uintx NonProfiledCodeHeapSize                  = 122910970                              {pd product} {ergonomic}
    uintx ProfiledCodeHeapSize                     = 122910970                              {pd product} {ergonomic}
    uintx ReservedCodeCacheSize                    = 251658240                              {pd product} {ergonomic}
     bool SegmentedCodeCache                       = true                                      {product} {ergonomic}
     bool UseCompressedClassPointers               = true                                 {lp64_product} {ergonomic}
     bool UseCompressedOops                        = true                                 {lp64_product} {ergonomic}
     bool UseG1GC                                  = true                                      {product} {ergonomic}
     bool UseLargePagesIndividualAllocation        = false                                  {pd product} {ergonomic}

Logging:
Log output configuration:
 #0: stdout all=warning uptime,level,tags
 #1: stderr all=off uptime,level,tags

Environment Variables:
JAVA_HOME=C:\Program Files\Java\jdk-14.0.1
PATH=C:/pleiades/eclipse//jre/bin/server;C:/pleiades/eclipse//jre/bin;C:\windows\system32;C:\windows;C:\windows\System32\Wbem;C:\windows\System32\WindowsPowerShell\v1.0\;C:\windows\System32\OpenSSH\;c:\Program Files\Java\jdk-14.0.1\bin;C:\Program Files (x86)\sakura;C:\Program Files\PostgreSQL\12\bin;C:\Users\IO-763\AppData\Local\Microsoft\WindowsApps;C:\Program Files (x86)\Google\Chrome\Application\;;C:\pleiades\eclipse;
USERNAME=IO-763
OS=Windows_NT
PROCESSOR_IDENTIFIER=Intel64 Family 6 Model 142 Stepping 12, GenuineIntel



---------------  S Y S T E M  ---------------

OS: Windows 10 , 64 bit Build 18362 (10.0.18362.900)

CPU:total 8 (initial active 8) (4 cores per cpu, 2 threads per core) family 6 model 142 stepping 12, cmov, cx8, fxsr, mmx, sse, sse2, sse3, ssse3, sse4.1, sse4.2, popcnt, avx, avx2, aes, clmul, erms, 3dnowpref, lzcnt, ht, tsc, tscinvbit, bmi1, bmi2, adx, fma

Memory: 4k page, system-wide physical 8078M (1242M free)
TotalPageFile size 12095M (AvailPageFile size 1629M)
current process WorkingSet (physical memory assigned to process): 63M, peak: 65M
current process commit charge ("private bytes"): 224M, peak: 227M

vm_info: OpenJDK 64-Bit Server VM (11.0.6+10) for windows-amd64 JRE (11.0.6+10), built on Jan 15 2020 06:14:58 by "" with MS VC++ 15.8 (VS2017)

END.
