#
# A fatal error has been detected by the Java Runtime Environment:
#
#  EXCEPTION_ACCESS_VIOLATION (0xc0000005) at pc=0x00007ff930acfa16, pid=66156, tid=12224
#
# JRE version: OpenJDK Runtime Environment (11.0.6+10) (build 11.0.6+10)
# Java VM: OpenJDK 64-Bit Server VM (11.0.6+10, mixed mode, tiered, compressed oops, g1 gc, windows-amd64)
# Problematic frame:
# C  [awt.dll+0x8fa16]
#
# No core dump will be written. Minidumps are not enabled by default on client versions of Windows
#
# If you would like to submit a bug report, please visit:
#   https://github.com/AdoptOpenJDK/openjdk-support/issues
# The crash happened outside the Java Virtual Machine in native code.
# See problematic frame for where to report the bug.
#

---------------  S U M M A R Y ------------

Command Line: -Dfile.encoding=UTF-8 board1.RouletteButton

Host: Intel(R) Core(TM) i5-8265U CPU @ 1.60GHz, 8 cores, 7G,  Windows 10 , 64 bit Build 18362 (10.0.18362.900)
Time: Mon Jun 15 13:11:54 2020 ???? (?W?€??) elapsed time: 0 seconds (0d 0h 0m 0s)

---------------  T H R E A D  ---------------

Current thread (0x0000022cc5a15000):  JavaThread "main" [_thread_in_native, id=12224, stack(0x00000077e9a00000,0x00000077e9b00000)]

Stack: [0x00000077e9a00000,0x00000077e9b00000],  sp=0x00000077e9afebf0,  free space=1018k
Native frames: (J=compiled Java code, j=interpreted, Vv=VM code, C=native code)
C  [awt.dll+0x8fa16]

Java frames: (J=compiled Java code, j=interpreted, Vv=VM code)
j  sun.awt.windows.WComponentPeer._setFont(Ljava/awt/Font;)V+0 java.desktop@11.0.6
j  sun.awt.windows.WComponentPeer.setFont(Ljava/awt/Font;)V+7 java.desktop@11.0.6
j  sun.awt.windows.WWindowPeer.initialize()V+42 java.desktop@11.0.6
j  sun.awt.windows.WFramePeer.initialize()V+1 java.desktop@11.0.6
j  sun.awt.windows.WComponentPeer.<init>(Ljava/awt/Component;)V+83 java.desktop@11.0.6
j  sun.awt.windows.WCanvasPeer.<init>(Ljava/awt/Component;)V+2 java.desktop@11.0.6
j  sun.awt.windows.WPanelPeer.<init>(Ljava/awt/Component;)V+2 java.desktop@11.0.6
j  sun.awt.windows.WWindowPeer.<init>(Ljava/awt/Window;)V+2 java.desktop@11.0.6
j  sun.awt.windows.WFramePeer.<init>(Ljava/awt/Frame;)V+2 java.desktop@11.0.6
j  sun.awt.windows.WToolkit.createFrame(Ljava/awt/Frame;)Ljava/awt/peer/FramePeer;+5 java.desktop@11.0.6
j  java.awt.Frame.addNotify()V+20 java.desktop@11.0.6
j  java.awt.Window.show()V+8 java.desktop@11.0.6
j  java.awt.Component.show(Z)V+5 java.desktop@11.0.6
j  java.awt.Component.setVisible(Z)V+2 java.desktop@11.0.6
j  java.awt.Window.setVisible(Z)V+2 java.desktop@11.0.6
j  board1.RouletteButton.main([Ljava/lang/String;)V+12
v  ~StubRoutines::call_stub

siginfo: EXCEPTION_ACCESS_VIOLATION (0xc0000005), reading address 0x0000000000000058


Register to memory mapping:

RIP=0x00007ff930acfa16 awt.dll
RAX=0x00007ff930b4b680 awt.dll
RBX=0x0000022cc5a15340 points into unknown readable memory: f0 cb ea 1f f9 7f 00 00
RCX=0x0000022ce6b6f4a0 points into unknown readable memory: 80 b6 b4 30 f9 7f 00 00
RDX=0x0 is NULL
RSP=0x00000077e9afebf0 is pointing into the stack for thread: 0x0000022cc5a15000
RBP=0x0 is NULL
RSI=0x0000022ce6b35578 is a global jni handle
RDI=0x0000022ce6b35580 is a global jni handle
R8 =0x0000000000000004 is an unknown value
R9 =0x00000001000d2f18 is a pointer to class: 
java.awt.Font {0x00000001000d2f20}
R10=0x0000000000008000 is an unknown value
R11=0x00000077e9afebf0 is pointing into the stack for thread: 0x0000022cc5a15000
R12=0x0 is NULL
R13={method} {0x0000022ce509f420} '_setFont' '(Ljava/awt/Font;)V' in 'sun/awt/windows/WComponentPeer'
R14=0x0000022ce6b6f4a0 points into unknown readable memory: 80 b6 b4 30 f9 7f 00 00
R15=0x0000022ce6af3b70 points into unknown readable memory: 78 55 b3 e6 2c 02 00 00


Registers:
RAX=0x00007ff930b4b680, RBX=0x0000022cc5a15340, RCX=0x0000022ce6b6f4a0, RDX=0x0000000000000000
RSP=0x00000077e9afebf0, RBP=0x0000000000000000, RSI=0x0000022ce6b35578, RDI=0x0000022ce6b35580
R8 =0x0000000000000004, R9 =0x00000001000d2f18, R10=0x0000000000008000, R11=0x00000077e9afebf0
R12=0x0000000000000000, R13=0x0000022ce509f418, R14=0x0000022ce6b6f4a0, R15=0x0000022ce6af3b70
RIP=0x00007ff930acfa16, EFLAGS=0x0000000000010206

Top of Stack: (sp=0x00000077e9afebf0)
0x00000077e9afebf0:   0000022ce6af3b70 0000022ce6b6f4a0
0x00000077e9afec00:   0000022ce6af3b70 0000022ce6b6f4a0
0x00000077e9afec10:   0000022ce6b35580 00007ff930ad4921
0x00000077e9afec20:   0000022cc5a15340 0000022cc5a15340
0x00000077e9afec30:   0000000000000000 0000022ce6b35578
0x00000077e9afec40:   0000022cc5a15000 00000077e9afed98
0x00000077e9afec50:   0000022ce6af3b70 00007ff930b0dbcb
0x00000077e9afec60:   00007ff930b91078 00000077e9afed70
0x00000077e9afec70:   00007ff930ad47f4 0000000000000000
0x00000077e9afec80:   fffffffffffffffe fffffffffffffffe
0x00000077e9afec90:   0000022ce6b35578 00007ff930ad5ae8
0x00000077e9afeca0:   0000022ce6b35580 00000077e9afed90
0x00000077e9afecb0:   00000077e9afed90 00007ff930b91078
0x00000077e9afecc0:   fffffffffffffffe 00007ff91f87c0cc
0x00000077e9afecd0:   0000022cce069e03 0000022cce06fd64
0x00000077e9afece0:   0000022ce509f418 0000000000000000 

Instructions: (pc=0x00007ff930acfa16)
0x00007ff930acf916:   00 48 8b d9 e8 d9 dc ff ff 48 8b f8 48 85 c0 75
0x00007ff930acf926:   04 48 8b 7b 48 48 8b cf e8 50 19 05 00 48 8b d8
0x00007ff930acf936:   48 85 c0 74 60 83 64 24 20 00 0f 57 c0 83 64 24
0x00007ff930acf946:   34 00 b9 11 00 00 00 83 64 24 38 00 f3 0f 7f 44
0x00007ff930acf956:   24 24 ff 15 da d9 0b 00 4c 8d 44 24 40 ba 5c 00
0x00007ff930acf966:   00 00 48 8b c8 ff 15 7f dc 0b 00 83 f8 5c 75 0d
0x00007ff930acf976:   48 8d 54 24 40 48 8b cb e8 af 19 05 00 48 8d 54
0x00007ff930acf986:   24 20 48 8b cb e8 c6 19 05 00 48 8b d3 48 8b cf
0x00007ff930acf996:   e8 73 19 05 00 48 8b 8c 24 a0 00 00 00 48 33 cc
0x00007ff930acf9a6:   e8 a5 26 05 00 48 8b 9c 24 c8 00 00 00 48 81 c4
0x00007ff930acf9b6:   b0 00 00 00 5f c3 40 53 48 83 ec 20 48 8b d9 ff
0x00007ff930acf9c6:   15 bd e1 0b 00 48 85 c0 75 0a 48 8b 4b 48 ff 15
0x00007ff930acf9d6:   a6 e1 0b 00 48 83 c4 20 5b c3 4c 63 c2 48 8b 15
0x00007ff930acf9e6:   5e c5 0b 00 48 ff 25 37 e0 0b 00 cc cc cc 48 8b
0x00007ff930acf9f6:   d1 48 8b 0d 82 f5 0b 00 48 89 15 7b f5 0b 00 e9
0x00007ff930acfa06:   5a 67 04 00 cc cc 48 89 5c 24 08 57 48 83 ec 20
0x00007ff930acfa16:   83 7a 58 00 48 8b da 48 8b f9 7d 08 48 8b ca e8
0x00007ff930acfa26:   32 95 01 00 4c 8b 43 48 45 33 c9 48 8b 4f 48 4d
0x00007ff930acfa36:   8b 00 41 8d 51 30 ff 15 ae e2 0b 00 48 8b 4f 48
0x00007ff930acfa46:   33 d2 44 8d 42 01 48 8b 5c 24 30 48 83 c4 20 5f
0x00007ff930acfa56:   48 ff 25 4b e1 0b 00 cc cc cc 48 8b c4 48 89 58
0x00007ff930acfa66:   08 48 89 68 10 48 89 70 18 48 89 78 20 41 56 48
0x00007ff930acfa76:   83 ec 20 4c 8b f2 48 8b f9 48 8b 0d d2 13 0c 00
0x00007ff930acfa86:   ba 02 00 01 00 41 8b e8 e8 c0 24 05 00 48 8b 97
0x00007ff930acfa96:   c0 00 00 00 33 db 48 8b f0 48 85 d2 74 0d 4c 8b
0x00007ff930acfaa6:   08 48 8b c8 41 ff 91 b0 00 00 00 4d 85 f6 74 14
0x00007ff930acfab6:   48 8b 06 49 8b d6 48 8b ce ff 90 a8 00 00 00 48
0x00007ff930acfac6:   8b d8 eb 05 bd 01 00 00 00 48 89 9f c0 00 00 00
0x00007ff930acfad6:   89 af c8 00 00 00 48 8b 5c 24 30 48 8b 6c 24 38
0x00007ff930acfae6:   48 8b 74 24 40 48 8b 7c 24 48 48 83 c4 20 41 5e
0x00007ff930acfaf6:   c3 cc 48 89 5c 24 08 48 89 6c 24 10 48 89 74 24
0x00007ff930acfb06:   18 57 48 83 ec 20 33 db 48 8b f9 48 85 c9 75 09 


Stack slot to memory mapping:
stack at sp + 0 slots: 0x0000022ce6af3b70 points into unknown readable memory: 78 55 b3 e6 2c 02 00 00
stack at sp + 1 slots: 0x0000022ce6b6f4a0 points into unknown readable memory: 80 b6 b4 30 f9 7f 00 00
stack at sp + 2 slots: 0x0000022ce6af3b70 points into unknown readable memory: 78 55 b3 e6 2c 02 00 00
stack at sp + 3 slots: 0x0000022ce6b6f4a0 points into unknown readable memory: 80 b6 b4 30 f9 7f 00 00
stack at sp + 4 slots: 0x0000022ce6b35580 is a global jni handle
stack at sp + 5 slots: 0x00007ff930ad4921 awt.dll
stack at sp + 6 slots: 0x0000022cc5a15340 points into unknown readable memory: f0 cb ea 1f f9 7f 00 00
stack at sp + 7 slots: 0x0000022cc5a15340 points into unknown readable memory: f0 cb ea 1f f9 7f 00 00


---------------  P R O C E S S  ---------------

Threads class SMR info:
_java_thread_list=0x0000022ce5919800, length=16, elements={
0x0000022cc5a15000, 0x0000022ce48f9000, 0x0000022ce4924000, 0x0000022ce521d000,
0x0000022ce521e000, 0x0000022ce5228000, 0x0000022ce5239000, 0x0000022ce525a000,
0x0000022ce53e4800, 0x0000022ce53fa800, 0x0000022ce5502800, 0x0000022ce55c8800,
0x0000022ce58ed800, 0x0000022ce58f2800, 0x0000022ce591d000, 0x0000022ce5acb000
}

Java Threads: ( => current thread )
=>0x0000022cc5a15000 JavaThread "main" [_thread_in_native, id=12224, stack(0x00000077e9a00000,0x00000077e9b00000)]
  0x0000022ce48f9000 JavaThread "Reference Handler" daemon [_thread_blocked, id=8580, stack(0x00000077ea100000,0x00000077ea200000)]
  0x0000022ce4924000 JavaThread "Finalizer" daemon [_thread_blocked, id=50332, stack(0x00000077ea200000,0x00000077ea300000)]
  0x0000022ce521d000 JavaThread "Signal Dispatcher" daemon [_thread_blocked, id=55208, stack(0x00000077ea300000,0x00000077ea400000)]
  0x0000022ce521e000 JavaThread "Attach Listener" daemon [_thread_blocked, id=68196, stack(0x00000077ea400000,0x00000077ea500000)]
  0x0000022ce5228000 JavaThread "C2 CompilerThread0" daemon [_thread_blocked, id=68740, stack(0x00000077ea500000,0x00000077ea600000)]
  0x0000022ce5239000 JavaThread "C1 CompilerThread0" daemon [_thread_blocked, id=60432, stack(0x00000077ea600000,0x00000077ea700000)]
  0x0000022ce525a000 JavaThread "Sweeper thread" daemon [_thread_blocked, id=69044, stack(0x00000077ea700000,0x00000077ea800000)]
  0x0000022ce53e4800 JavaThread "Service Thread" daemon [_thread_blocked, id=53684, stack(0x00000077ea800000,0x00000077ea900000)]
  0x0000022ce53fa800 JavaThread "Common-Cleaner" daemon [_thread_blocked, id=69048, stack(0x00000077eaa00000,0x00000077eab00000)]
  0x0000022ce5502800 JavaThread "C2 CompilerThread1" daemon [_thread_blocked, id=38424, stack(0x00000077eab00000,0x00000077eac00000)]
  0x0000022ce55c8800 JavaThread "C2 CompilerThread2" daemon [_thread_blocked, id=66828, stack(0x00000077eac00000,0x00000077ead00000)]
  0x0000022ce58ed800 JavaThread "Java2D Disposer" daemon [_thread_blocked, id=69408, stack(0x00000077ead00000,0x00000077eae00000)]
  0x0000022ce58f2800 JavaThread "AWT-Shutdown" [_thread_blocked, id=38880, stack(0x00000077eae00000,0x00000077eaf00000)]
  0x0000022ce591d000 JavaThread "AWT-Windows" daemon [_thread_in_native, id=60540, stack(0x00000077eaf00000,0x00000077eb000000)]
  0x0000022ce5acb000 JavaThread "AWT-EventQueue-0" [_thread_blocked, id=38744, stack(0x00000077eb000000,0x00000077eb100000)]

Other Threads:
  0x0000022ce48f7000 VMThread "VM Thread" [stack: 0x00000077ea000000,0x00000077ea100000] [id=59216]
  0x0000022ce53e8000 WatcherThread [stack: 0x00000077ea900000,0x00000077eaa00000] [id=60436]
  0x0000022cc5a2d800 GCTaskThread "GC Thread#0" [stack: 0x00000077e9b00000,0x00000077e9c00000] [id=27108]
  0x0000022cc5a63000 ConcurrentGCThread "G1 Main Marker" [stack: 0x00000077e9c00000,0x00000077e9d00000] [id=68288]
  0x0000022cc5a66800 ConcurrentGCThread "G1 Conc#0" [stack: 0x00000077e9d00000,0x00000077e9e00000] [id=27348]
  0x0000022ce4762800 ConcurrentGCThread "G1 Refine#0" [stack: 0x00000077e9e00000,0x00000077e9f00000] [id=70248]
  0x0000022ce4765000 ConcurrentGCThread "G1 Young RemSet Sampling" [stack: 0x00000077e9f00000,0x00000077ea000000] [id=25404]

Threads with active compile tasks:

VM state:not at safepoint (normal execution)

VM Mutex/Monitor currently owned by a thread: None

Heap address: 0x0000000081c00000, size: 2020 MB, Compressed Oops mode: 32-bit
Narrow klass base: 0x0000000000000000, Narrow klass shift: 3
Compressed class space size: 1073741824 Address: 0x0000000100000000

Heap:
 garbage-first heap   total 131072K, used 10240K [0x0000000081c00000, 0x0000000100000000)
  region size 1024K, 11 young (11264K), 0 survivors (0K)
 Metaspace       used 12792K, capacity 13165K, committed 13312K, reserved 1060864K
  class space    used 1324K, capacity 1508K, committed 1536K, reserved 1048576K
Heap Regions: E=young(eden), S=young(survivor), O=old, HS=humongous(starts), HC=humongous(continues), CS=collection set, F=free, A=archive, TAMS=top-at-mark-start (previous, next)
|   0|0x0000000081c00000, 0x0000000081c00000, 0x0000000081d00000|  0%| F|  |TAMS 0x0000000081c00000, 0x0000000081c00000| Untracked 
|   1|0x0000000081d00000, 0x0000000081d00000, 0x0000000081e00000|  0%| F|  |TAMS 0x0000000081d00000, 0x0000000081d00000| Untracked 
|   2|0x0000000081e00000, 0x0000000081e00000, 0x0000000081f00000|  0%| F|  |TAMS 0x0000000081e00000, 0x0000000081e00000| Untracked 
|   3|0x0000000081f00000, 0x0000000081f00000, 0x0000000082000000|  0%| F|  |TAMS 0x0000000081f00000, 0x0000000081f00000| Untracked 
|   4|0x0000000082000000, 0x0000000082000000, 0x0000000082100000|  0%| F|  |TAMS 0x0000000082000000, 0x0000000082000000| Untracked 
|   5|0x0000000082100000, 0x0000000082100000, 0x0000000082200000|  0%| F|  |TAMS 0x0000000082100000, 0x0000000082100000| Untracked 
|   6|0x0000000082200000, 0x0000000082200000, 0x0000000082300000|  0%| F|  |TAMS 0x0000000082200000, 0x0000000082200000| Untracked 
|   7|0x0000000082300000, 0x0000000082300000, 0x0000000082400000|  0%| F|  |TAMS 0x0000000082300000, 0x0000000082300000| Untracked 
|   8|0x0000000082400000, 0x0000000082400000, 0x0000000082500000|  0%| F|  |TAMS 0x0000000082400000, 0x0000000082400000| Untracked 
|   9|0x0000000082500000, 0x0000000082500000, 0x0000000082600000|  0%| F|  |TAMS 0x0000000082500000, 0x0000000082500000| Untracked 
|  10|0x0000000082600000, 0x0000000082600000, 0x0000000082700000|  0%| F|  |TAMS 0x0000000082600000, 0x0000000082600000| Untracked 
|  11|0x0000000082700000, 0x0000000082700000, 0x0000000082800000|  0%| F|  |TAMS 0x0000000082700000, 0x0000000082700000| Untracked 
|  12|0x0000000082800000, 0x0000000082800000, 0x0000000082900000|  0%| F|  |TAMS 0x0000000082800000, 0x0000000082800000| Untracked 
|  13|0x0000000082900000, 0x0000000082900000, 0x0000000082a00000|  0%| F|  |TAMS 0x0000000082900000, 0x0000000082900000| Untracked 
|  14|0x0000000082a00000, 0x0000000082a00000, 0x0000000082b00000|  0%| F|  |TAMS 0x0000000082a00000, 0x0000000082a00000| Untracked 
|  15|0x0000000082b00000, 0x0000000082b00000, 0x0000000082c00000|  0%| F|  |TAMS 0x0000000082b00000, 0x0000000082b00000| Untracked 
|  16|0x0000000082c00000, 0x0000000082c00000, 0x0000000082d00000|  0%| F|  |TAMS 0x0000000082c00000, 0x0000000082c00000| Untracked 
|  17|0x0000000082d00000, 0x0000000082d00000, 0x0000000082e00000|  0%| F|  |TAMS 0x0000000082d00000, 0x0000000082d00000| Untracked 
|  18|0x0000000082e00000, 0x0000000082e00000, 0x0000000082f00000|  0%| F|  |TAMS 0x0000000082e00000, 0x0000000082e00000| Untracked 
|  19|0x0000000082f00000, 0x0000000082f00000, 0x0000000083000000|  0%| F|  |TAMS 0x0000000082f00000, 0x0000000082f00000| Untracked 
|  20|0x0000000083000000, 0x0000000083000000, 0x0000000083100000|  0%| F|  |TAMS 0x0000000083000000, 0x0000000083000000| Untracked 
|  21|0x0000000083100000, 0x0000000083100000, 0x0000000083200000|  0%| F|  |TAMS 0x0000000083100000, 0x0000000083100000| Untracked 
|  22|0x0000000083200000, 0x0000000083200000, 0x0000000083300000|  0%| F|  |TAMS 0x0000000083200000, 0x0000000083200000| Untracked 
|  23|0x0000000083300000, 0x0000000083300000, 0x0000000083400000|  0%| F|  |TAMS 0x0000000083300000, 0x0000000083300000| Untracked 
|  24|0x0000000083400000, 0x0000000083400000, 0x0000000083500000|  0%| F|  |TAMS 0x0000000083400000, 0x0000000083400000| Untracked 
|  25|0x0000000083500000, 0x0000000083500000, 0x0000000083600000|  0%| F|  |TAMS 0x0000000083500000, 0x0000000083500000| Untracked 
|  26|0x0000000083600000, 0x0000000083600000, 0x0000000083700000|  0%| F|  |TAMS 0x0000000083600000, 0x0000000083600000| Untracked 
|  27|0x0000000083700000, 0x0000000083700000, 0x0000000083800000|  0%| F|  |TAMS 0x0000000083700000, 0x0000000083700000| Untracked 
|  28|0x0000000083800000, 0x0000000083800000, 0x0000000083900000|  0%| F|  |TAMS 0x0000000083800000, 0x0000000083800000| Untracked 
|  29|0x0000000083900000, 0x0000000083900000, 0x0000000083a00000|  0%| F|  |TAMS 0x0000000083900000, 0x0000000083900000| Untracked 
|  30|0x0000000083a00000, 0x0000000083a00000, 0x0000000083b00000|  0%| F|  |TAMS 0x0000000083a00000, 0x0000000083a00000| Untracked 
|  31|0x0000000083b00000, 0x0000000083b00000, 0x0000000083c00000|  0%| F|  |TAMS 0x0000000083b00000, 0x0000000083b00000| Untracked 
|  32|0x0000000083c00000, 0x0000000083c00000, 0x0000000083d00000|  0%| F|  |TAMS 0x0000000083c00000, 0x0000000083c00000| Untracked 
|  33|0x0000000083d00000, 0x0000000083d00000, 0x0000000083e00000|  0%| F|  |TAMS 0x0000000083d00000, 0x0000000083d00000| Untracked 
|  34|0x0000000083e00000, 0x0000000083e00000, 0x0000000083f00000|  0%| F|  |TAMS 0x0000000083e00000, 0x0000000083e00000| Untracked 
|  35|0x0000000083f00000, 0x0000000083f00000, 0x0000000084000000|  0%| F|  |TAMS 0x0000000083f00000, 0x0000000083f00000| Untracked 
|  36|0x0000000084000000, 0x0000000084000000, 0x0000000084100000|  0%| F|  |TAMS 0x0000000084000000, 0x0000000084000000| Untracked 
|  37|0x0000000084100000, 0x0000000084100000, 0x0000000084200000|  0%| F|  |TAMS 0x0000000084100000, 0x0000000084100000| Untracked 
|  38|0x0000000084200000, 0x0000000084200000, 0x0000000084300000|  0%| F|  |TAMS 0x0000000084200000, 0x0000000084200000| Untracked 
|  39|0x0000000084300000, 0x0000000084300000, 0x0000000084400000|  0%| F|  |TAMS 0x0000000084300000, 0x0000000084300000| Untracked 
|  40|0x0000000084400000, 0x0000000084400000, 0x0000000084500000|  0%| F|  |TAMS 0x0000000084400000, 0x0000000084400000| Untracked 
|  41|0x0000000084500000, 0x0000000084500000, 0x0000000084600000|  0%| F|  |TAMS 0x0000000084500000, 0x0000000084500000| Untracked 
|  42|0x0000000084600000, 0x0000000084600000, 0x0000000084700000|  0%| F|  |TAMS 0x0000000084600000, 0x0000000084600000| Untracked 
|  43|0x0000000084700000, 0x0000000084700000, 0x0000000084800000|  0%| F|  |TAMS 0x0000000084700000, 0x0000000084700000| Untracked 
|  44|0x0000000084800000, 0x0000000084800000, 0x0000000084900000|  0%| F|  |TAMS 0x0000000084800000, 0x0000000084800000| Untracked 
|  45|0x0000000084900000, 0x0000000084900000, 0x0000000084a00000|  0%| F|  |TAMS 0x0000000084900000, 0x0000000084900000| Untracked 
|  46|0x0000000084a00000, 0x0000000084a00000, 0x0000000084b00000|  0%| F|  |TAMS 0x0000000084a00000, 0x0000000084a00000| Untracked 
|  47|0x0000000084b00000, 0x0000000084b00000, 0x0000000084c00000|  0%| F|  |TAMS 0x0000000084b00000, 0x0000000084b00000| Untracked 
|  48|0x0000000084c00000, 0x0000000084c00000, 0x0000000084d00000|  0%| F|  |TAMS 0x0000000084c00000, 0x0000000084c00000| Untracked 
|  49|0x0000000084d00000, 0x0000000084d00000, 0x0000000084e00000|  0%| F|  |TAMS 0x0000000084d00000, 0x0000000084d00000| Untracked 
|  50|0x0000000084e00000, 0x0000000084e00000, 0x0000000084f00000|  0%| F|  |TAMS 0x0000000084e00000, 0x0000000084e00000| Untracked 
|  51|0x0000000084f00000, 0x0000000084f00000, 0x0000000085000000|  0%| F|  |TAMS 0x0000000084f00000, 0x0000000084f00000| Untracked 
|  52|0x0000000085000000, 0x0000000085000000, 0x0000000085100000|  0%| F|  |TAMS 0x0000000085000000, 0x0000000085000000| Untracked 
|  53|0x0000000085100000, 0x0000000085100000, 0x0000000085200000|  0%| F|  |TAMS 0x0000000085100000, 0x0000000085100000| Untracked 
|  54|0x0000000085200000, 0x0000000085200000, 0x0000000085300000|  0%| F|  |TAMS 0x0000000085200000, 0x0000000085200000| Untracked 
|  55|0x0000000085300000, 0x0000000085300000, 0x0000000085400000|  0%| F|  |TAMS 0x0000000085300000, 0x0000000085300000| Untracked 
|  56|0x0000000085400000, 0x0000000085400000, 0x0000000085500000|  0%| F|  |TAMS 0x0000000085400000, 0x0000000085400000| Untracked 
|  57|0x0000000085500000, 0x0000000085500000, 0x0000000085600000|  0%| F|  |TAMS 0x0000000085500000, 0x0000000085500000| Untracked 
|  58|0x0000000085600000, 0x0000000085600000, 0x0000000085700000|  0%| F|  |TAMS 0x0000000085600000, 0x0000000085600000| Untracked 
|  59|0x0000000085700000, 0x0000000085700000, 0x0000000085800000|  0%| F|  |TAMS 0x0000000085700000, 0x0000000085700000| Untracked 
|  60|0x0000000085800000, 0x0000000085800000, 0x0000000085900000|  0%| F|  |TAMS 0x0000000085800000, 0x0000000085800000| Untracked 
|  61|0x0000000085900000, 0x0000000085900000, 0x0000000085a00000|  0%| F|  |TAMS 0x0000000085900000, 0x0000000085900000| Untracked 
|  62|0x0000000085a00000, 0x0000000085a00000, 0x0000000085b00000|  0%| F|  |TAMS 0x0000000085a00000, 0x0000000085a00000| Untracked 
|  63|0x0000000085b00000, 0x0000000085b00000, 0x0000000085c00000|  0%| F|  |TAMS 0x0000000085b00000, 0x0000000085b00000| Untracked 
|  64|0x0000000085c00000, 0x0000000085c00000, 0x0000000085d00000|  0%| F|  |TAMS 0x0000000085c00000, 0x0000000085c00000| Untracked 
|  65|0x0000000085d00000, 0x0000000085d00000, 0x0000000085e00000|  0%| F|  |TAMS 0x0000000085d00000, 0x0000000085d00000| Untracked 
|  66|0x0000000085e00000, 0x0000000085e00000, 0x0000000085f00000|  0%| F|  |TAMS 0x0000000085e00000, 0x0000000085e00000| Untracked 
|  67|0x0000000085f00000, 0x0000000085f00000, 0x0000000086000000|  0%| F|  |TAMS 0x0000000085f00000, 0x0000000085f00000| Untracked 
|  68|0x0000000086000000, 0x0000000086000000, 0x0000000086100000|  0%| F|  |TAMS 0x0000000086000000, 0x0000000086000000| Untracked 
|  69|0x0000000086100000, 0x0000000086100000, 0x0000000086200000|  0%| F|  |TAMS 0x0000000086100000, 0x0000000086100000| Untracked 
|  70|0x0000000086200000, 0x0000000086200000, 0x0000000086300000|  0%| F|  |TAMS 0x0000000086200000, 0x0000000086200000| Untracked 
|  71|0x0000000086300000, 0x0000000086300000, 0x0000000086400000|  0%| F|  |TAMS 0x0000000086300000, 0x0000000086300000| Untracked 
|  72|0x0000000086400000, 0x0000000086400000, 0x0000000086500000|  0%| F|  |TAMS 0x0000000086400000, 0x0000000086400000| Untracked 
|  73|0x0000000086500000, 0x0000000086500000, 0x0000000086600000|  0%| F|  |TAMS 0x0000000086500000, 0x0000000086500000| Untracked 
|  74|0x0000000086600000, 0x0000000086600000, 0x0000000086700000|  0%| F|  |TAMS 0x0000000086600000, 0x0000000086600000| Untracked 
|  75|0x0000000086700000, 0x0000000086700000, 0x0000000086800000|  0%| F|  |TAMS 0x0000000086700000, 0x0000000086700000| Untracked 
|  76|0x0000000086800000, 0x0000000086800000, 0x0000000086900000|  0%| F|  |TAMS 0x0000000086800000, 0x0000000086800000| Untracked 
|  77|0x0000000086900000, 0x0000000086900000, 0x0000000086a00000|  0%| F|  |TAMS 0x0000000086900000, 0x0000000086900000| Untracked 
|  78|0x0000000086a00000, 0x0000000086a00000, 0x0000000086b00000|  0%| F|  |TAMS 0x0000000086a00000, 0x0000000086a00000| Untracked 
|  79|0x0000000086b00000, 0x0000000086b00000, 0x0000000086c00000|  0%| F|  |TAMS 0x0000000086b00000, 0x0000000086b00000| Untracked 
|  80|0x0000000086c00000, 0x0000000086c00000, 0x0000000086d00000|  0%| F|  |TAMS 0x0000000086c00000, 0x0000000086c00000| Untracked 
|  81|0x0000000086d00000, 0x0000000086d00000, 0x0000000086e00000|  0%| F|  |TAMS 0x0000000086d00000, 0x0000000086d00000| Untracked 
|  82|0x0000000086e00000, 0x0000000086e00000, 0x0000000086f00000|  0%| F|  |TAMS 0x0000000086e00000, 0x0000000086e00000| Untracked 
|  83|0x0000000086f00000, 0x0000000086f00000, 0x0000000087000000|  0%| F|  |TAMS 0x0000000086f00000, 0x0000000086f00000| Untracked 
|  84|0x0000000087000000, 0x0000000087000000, 0x0000000087100000|  0%| F|  |TAMS 0x0000000087000000, 0x0000000087000000| Untracked 
|  85|0x0000000087100000, 0x0000000087100000, 0x0000000087200000|  0%| F|  |TAMS 0x0000000087100000, 0x0000000087100000| Untracked 
|  86|0x0000000087200000, 0x0000000087200000, 0x0000000087300000|  0%| F|  |TAMS 0x0000000087200000, 0x0000000087200000| Untracked 
|  87|0x0000000087300000, 0x0000000087300000, 0x0000000087400000|  0%| F|  |TAMS 0x0000000087300000, 0x0000000087300000| Untracked 
|  88|0x0000000087400000, 0x0000000087400000, 0x0000000087500000|  0%| F|  |TAMS 0x0000000087400000, 0x0000000087400000| Untracked 
|  89|0x0000000087500000, 0x0000000087500000, 0x0000000087600000|  0%| F|  |TAMS 0x0000000087500000, 0x0000000087500000| Untracked 
|  90|0x0000000087600000, 0x0000000087600000, 0x0000000087700000|  0%| F|  |TAMS 0x0000000087600000, 0x0000000087600000| Untracked 
|  91|0x0000000087700000, 0x0000000087700000, 0x0000000087800000|  0%| F|  |TAMS 0x0000000087700000, 0x0000000087700000| Untracked 
|  92|0x0000000087800000, 0x0000000087800000, 0x0000000087900000|  0%| F|  |TAMS 0x0000000087800000, 0x0000000087800000| Untracked 
|  93|0x0000000087900000, 0x0000000087900000, 0x0000000087a00000|  0%| F|  |TAMS 0x0000000087900000, 0x0000000087900000| Untracked 
|  94|0x0000000087a00000, 0x0000000087a00000, 0x0000000087b00000|  0%| F|  |TAMS 0x0000000087a00000, 0x0000000087a00000| Untracked 
|  95|0x0000000087b00000, 0x0000000087b00000, 0x0000000087c00000|  0%| F|  |TAMS 0x0000000087b00000, 0x0000000087b00000| Untracked 
|  96|0x0000000087c00000, 0x0000000087c00000, 0x0000000087d00000|  0%| F|  |TAMS 0x0000000087c00000, 0x0000000087c00000| Untracked 
|  97|0x0000000087d00000, 0x0000000087d00000, 0x0000000087e00000|  0%| F|  |TAMS 0x0000000087d00000, 0x0000000087d00000| Untracked 
|  98|0x0000000087e00000, 0x0000000087e00000, 0x0000000087f00000|  0%| F|  |TAMS 0x0000000087e00000, 0x0000000087e00000| Untracked 
|  99|0x0000000087f00000, 0x0000000087f00000, 0x0000000088000000|  0%| F|  |TAMS 0x0000000087f00000, 0x0000000087f00000| Untracked 
| 100|0x0000000088000000, 0x0000000088000000, 0x0000000088100000|  0%| F|  |TAMS 0x0000000088000000, 0x0000000088000000| Untracked 
| 101|0x0000000088100000, 0x0000000088100000, 0x0000000088200000|  0%| F|  |TAMS 0x0000000088100000, 0x0000000088100000| Untracked 
| 102|0x0000000088200000, 0x0000000088200000, 0x0000000088300000|  0%| F|  |TAMS 0x0000000088200000, 0x0000000088200000| Untracked 
| 103|0x0000000088300000, 0x0000000088300000, 0x0000000088400000|  0%| F|  |TAMS 0x0000000088300000, 0x0000000088300000| Untracked 
| 104|0x0000000088400000, 0x0000000088400000, 0x0000000088500000|  0%| F|  |TAMS 0x0000000088400000, 0x0000000088400000| Untracked 
| 105|0x0000000088500000, 0x0000000088500000, 0x0000000088600000|  0%| F|  |TAMS 0x0000000088500000, 0x0000000088500000| Untracked 
| 106|0x0000000088600000, 0x0000000088600000, 0x0000000088700000|  0%| F|  |TAMS 0x0000000088600000, 0x0000000088600000| Untracked 
| 107|0x0000000088700000, 0x0000000088700000, 0x0000000088800000|  0%| F|  |TAMS 0x0000000088700000, 0x0000000088700000| Untracked 
| 108|0x0000000088800000, 0x0000000088800000, 0x0000000088900000|  0%| F|  |TAMS 0x0000000088800000, 0x0000000088800000| Untracked 
| 109|0x0000000088900000, 0x0000000088900000, 0x0000000088a00000|  0%| F|  |TAMS 0x0000000088900000, 0x0000000088900000| Untracked 
| 110|0x0000000088a00000, 0x0000000088a00000, 0x0000000088b00000|  0%| F|  |TAMS 0x0000000088a00000, 0x0000000088a00000| Untracked 
| 111|0x0000000088b00000, 0x0000000088b00000, 0x0000000088c00000|  0%| F|  |TAMS 0x0000000088b00000, 0x0000000088b00000| Untracked 
| 112|0x0000000088c00000, 0x0000000088c00000, 0x0000000088d00000|  0%| F|  |TAMS 0x0000000088c00000, 0x0000000088c00000| Untracked 
| 113|0x0000000088d00000, 0x0000000088d00000, 0x0000000088e00000|  0%| F|  |TAMS 0x0000000088d00000, 0x0000000088d00000| Untracked 
| 114|0x0000000088e00000, 0x0000000088e00000, 0x0000000088f00000|  0%| F|  |TAMS 0x0000000088e00000, 0x0000000088e00000| Untracked 
| 115|0x0000000088f00000, 0x0000000088f00000, 0x0000000089000000|  0%| F|  |TAMS 0x0000000088f00000, 0x0000000088f00000| Untracked 
| 116|0x0000000089000000, 0x0000000089000000, 0x0000000089100000|  0%| F|  |TAMS 0x0000000089000000, 0x0000000089000000| Untracked 
| 117|0x0000000089100000, 0x00000000891f64a8, 0x0000000089200000| 96%| E|  |TAMS 0x0000000089100000, 0x0000000089100000| Complete 
| 118|0x0000000089200000, 0x0000000089300000, 0x0000000089300000|100%| E|CS|TAMS 0x0000000089200000, 0x0000000089200000| Complete 
| 119|0x0000000089300000, 0x0000000089400000, 0x0000000089400000|100%| E|CS|TAMS 0x0000000089300000, 0x0000000089300000| Complete 
| 120|0x0000000089400000, 0x0000000089500000, 0x0000000089500000|100%| E|CS|TAMS 0x0000000089400000, 0x0000000089400000| Complete 
| 121|0x0000000089500000, 0x0000000089600000, 0x0000000089600000|100%| E|CS|TAMS 0x0000000089500000, 0x0000000089500000| Complete 
| 122|0x0000000089600000, 0x0000000089700000, 0x0000000089700000|100%| E|CS|TAMS 0x0000000089600000, 0x0000000089600000| Complete 
| 123|0x0000000089700000, 0x0000000089800000, 0x0000000089800000|100%| E|CS|TAMS 0x0000000089700000, 0x0000000089700000| Complete 
| 124|0x0000000089800000, 0x0000000089900000, 0x0000000089900000|100%| E|CS|TAMS 0x0000000089800000, 0x0000000089800000| Complete 
| 125|0x0000000089900000, 0x0000000089a00000, 0x0000000089a00000|100%| E|CS|TAMS 0x0000000089900000, 0x0000000089900000| Complete 
| 126|0x0000000089a00000, 0x0000000089b00000, 0x0000000089b00000|100%| E|CS|TAMS 0x0000000089a00000, 0x0000000089a00000| Complete 
| 127|0x0000000089b00000, 0x0000000089c00000, 0x0000000089c00000|100%| E|CS|TAMS 0x0000000089b00000, 0x0000000089b00000| Complete 

Card table byte_map: [0x0000022cdd790000,0x0000022cddb90000] _byte_map_base: 0x0000022cdd382000

Marking Bits (Prev, Next): (CMBitMap*) 0x0000022cc5a5a358, (CMBitMap*) 0x0000022cc5a5a390
 Prev Bits: [0x0000022cddf90000, 0x0000022cdff20000)
 Next Bits: [0x0000022cdff20000, 0x0000022ce1eb0000)

Polling page: 0x0000022cc3980000

Metaspace:

Usage:
  Non-class:     11.38 MB capacity,    11.20 MB ( 98%) used,   149.91 KB (  1%) free+waste,    38.56 KB ( <1%) overhead. 
      Class:      1.47 MB capacity,     1.29 MB ( 88%) used,   162.33 KB ( 11%) free+waste,    21.50 KB (  1%) overhead. 
       Both:     12.86 MB capacity,    12.49 MB ( 97%) used,   312.23 KB (  2%) free+waste,    60.06 KB ( <1%) overhead. 

Virtual space:
  Non-class space:       12.00 MB reserved,      11.50 MB ( 96%) committed 
      Class space:        1.00 GB reserved,       1.50 MB ( <1%) committed 
             Both:        1.01 GB reserved,      13.00 MB (  1%) committed 

Chunk freelists:
   Non-Class:  0 bytes
       Class:  0 bytes
        Both:  0 bytes

MaxMetaspaceSize: 17179869184.00 GB
CompressedClassSpaceSize: 1.00 GB

CodeHeap 'non-profiled nmethods': size=120000Kb used=278Kb max_used=278Kb free=119721Kb
 bounds [0x0000022cd5b30000, 0x0000022cd5da0000, 0x0000022cdd060000]
CodeHeap 'profiled nmethods': size=120000Kb used=1347Kb max_used=1347Kb free=118652Kb
 bounds [0x0000022cce600000, 0x0000022cce870000, 0x0000022cd5b30000]
CodeHeap 'non-nmethods': size=5760Kb used=1166Kb max_used=1190Kb free=4593Kb
 bounds [0x0000022cce060000, 0x0000022cce2d0000, 0x0000022cce600000]
 total_blobs=1766 nmethods=808 adapters=421
 compilation: enabled
              stopped_count=0, restarted_count=0
 full_count=0

Compilation events (20 events):
Event: 0.668 Thread 0x0000022ce5502800 nmethod 790 0x0000022cd5b74310 code [0x0000022cd5b744a0, 0x0000022cd5b74528]
Event: 0.668 Thread 0x0000022ce5239000 nmethod 788 0x0000022cce746d90 code [0x0000022cce747000, 0x0000022cce747af0]
Event: 0.668 Thread 0x0000022ce5239000  792       3       java.lang.invoke.DirectMethodHandle::make (21 bytes)
Event: 0.668 Thread 0x0000022ce5239000 nmethod 792 0x0000022cce747f90 code [0x0000022cce748160, 0x0000022cce7483b0]
Event: 0.668 Thread 0x0000022ce5239000  796       3       jdk.internal.org.objectweb.asm.Frame::initInputFrame (158 bytes)
Event: 0.669 Thread 0x0000022ce5239000 nmethod 796 0x0000022cce748490 code [0x0000022cce7486e0, 0x0000022cce749070]
Event: 0.669 Thread 0x0000022ce5239000  793       3       java.lang.invoke.MethodHandles$Lookup::checkField (56 bytes)
Event: 0.669 Thread 0x0000022ce5239000 nmethod 793 0x0000022cce749510 code [0x0000022cce749720, 0x0000022cce749c00]
Event: 0.669 Thread 0x0000022ce5239000  800       3       java.lang.invoke.LambdaFormBuffer::indexOf (25 bytes)
Event: 0.669 Thread 0x0000022ce5239000 nmethod 800 0x0000022cce749d90 code [0x0000022cce749f40, 0x0000022cce74a198]
Event: 0.669 Thread 0x0000022ce5239000  795       3       java.lang.invoke.ClassSpecializer::classBCName (33 bytes)
Event: 0.669 Thread 0x0000022ce5239000 nmethod 795 0x0000022cce74a290 code [0x0000022cce74a440, 0x0000022cce74a5d0]
Event: 0.669 Thread 0x0000022ce5239000  797       3       java.lang.invoke.ClassSpecializer::className (33 bytes)
Event: 0.670 Thread 0x0000022ce5239000 nmethod 797 0x0000022cce74a690 code [0x0000022cce74a860, 0x0000022cce74aab0]
Event: 0.670 Thread 0x0000022ce5239000  798       3       java.lang.invoke.ClassSpecializer::classSig (94 bytes)
Event: 0.670 Thread 0x0000022ce5239000 nmethod 798 0x0000022cce74ab90 code [0x0000022cce74ae00, 0x0000022cce74b680]
Event: 0.670 Thread 0x0000022ce5239000  804       3       java.lang.invoke.MethodTypeForm::<init> (687 bytes)
Event: 0.671 Thread 0x0000022ce5228000 nmethod 789 0x0000022cd5b74e10 code [0x0000022cd5b74fa0, 0x0000022cd5b75218]
Event: 0.672 Thread 0x0000022ce5239000 nmethod 804 0x0000022cce74b990 code [0x0000022cce74bd60, 0x0000022cce74e210]
Event: 0.672 Thread 0x0000022ce5239000  802       3       java.lang.invoke.ClassSpecializer$Factory$1Var::emitVarInstruction (73 bytes)

GC Heap History (0 events):
No events

Deoptimization events (20 events):
Event: 0.263 Thread 0x0000022cc5a15000 DEOPT PACKING pc=0x0000022cce65420e sp=0x00000077e9af7f40
Event: 0.263 Thread 0x0000022cc5a15000 DEOPT UNPACKING pc=0x0000022cce088d4e sp=0x00000077e9af73e0 mode 0
Event: 0.263 Thread 0x0000022cc5a15000 DEOPT PACKING pc=0x0000022cce65420e sp=0x00000077e9af7f40
Event: 0.263 Thread 0x0000022cc5a15000 DEOPT UNPACKING pc=0x0000022cce088d4e sp=0x00000077e9af73e0 mode 0
Event: 0.263 Thread 0x0000022cc5a15000 DEOPT PACKING pc=0x0000022cce65420e sp=0x00000077e9af7f40
Event: 0.263 Thread 0x0000022cc5a15000 DEOPT UNPACKING pc=0x0000022cce088d4e sp=0x00000077e9af73e0 mode 0
Event: 0.263 Thread 0x0000022cc5a15000 DEOPT PACKING pc=0x0000022cce65420e sp=0x00000077e9af7f40
Event: 0.263 Thread 0x0000022cc5a15000 DEOPT UNPACKING pc=0x0000022cce088d4e sp=0x00000077e9af73e0 mode 0
Event: 0.563 Thread 0x0000022cc5a15000 Uncommon trap: trap_request=0xffffff4d fr.pc=0x0000022cd5b63570 relative=0x00000000000006f0
Event: 0.563 Thread 0x0000022cc5a15000 Uncommon trap: reason=unstable_if action=reinterpret pc=0x0000022cd5b63570 method=java.util.HashMap.hash(Ljava/lang/Object;)I @ 1 c2
Event: 0.563 Thread 0x0000022cc5a15000 DEOPT PACKING pc=0x0000022cd5b63570 sp=0x00000077e9afed60
Event: 0.563 Thread 0x0000022cc5a15000 DEOPT UNPACKING pc=0x0000022cce088f2f sp=0x00000077e9afece0 mode 2
Event: 0.565 Thread 0x0000022cc5a15000 Uncommon trap: trap_request=0xffffff4d fr.pc=0x0000022cd5b60314 relative=0x00000000000004d4
Event: 0.565 Thread 0x0000022cc5a15000 Uncommon trap: reason=unstable_if action=reinterpret pc=0x0000022cd5b60314 method=java.lang.StringLatin1.replace([BCC)Ljava/lang/String; @ 19 c2
Event: 0.565 Thread 0x0000022cc5a15000 DEOPT PACKING pc=0x0000022cd5b60314 sp=0x00000077e9afe470
Event: 0.565 Thread 0x0000022cc5a15000 DEOPT UNPACKING pc=0x0000022cce088f2f sp=0x00000077e9afe3e0 mode 2
Event: 0.645 Thread 0x0000022cc5a15000 Uncommon trap: trap_request=0xffffff4d fr.pc=0x0000022cd5b6b6fc relative=0x000000000000067c
Event: 0.645 Thread 0x0000022cc5a15000 Uncommon trap: reason=unstable_if action=reinterpret pc=0x0000022cd5b6b6fc method=java.util.HashMap.putVal(ILjava/lang/Object;Ljava/lang/Object;ZZ)Ljava/lang/Object; @ 181 c2
Event: 0.645 Thread 0x0000022cc5a15000 DEOPT PACKING pc=0x0000022cd5b6b6fc sp=0x00000077e9afa060
Event: 0.645 Thread 0x0000022cc5a15000 DEOPT UNPACKING pc=0x0000022cce088f2f sp=0x00000077e9af9fe0 mode 2

Classes redefined (0 events):
No events

Internal exceptions (20 events):
Event: 0.345 Thread 0x0000022cc5a15000 Exception <a 'java/lang/NoSuchMethodError'{0x00000000897635f0}: 'java.lang.Object java.lang.invoke.DirectMethodHandle$Holder.invokeSpecial(java.lang.Object, java.lang.Object, int, int, java.lang.Object, java.lang.Object, java.lang.Object)'> (0x00000000897
Event: 0.345 Thread 0x0000022cc5a15000 Exception <a 'java/lang/NoSuchMethodError'{0x0000000089766b80}: 'java.lang.Object java.lang.invoke.DelegatingMethodHandle$Holder.reinvoke_L(java.lang.Object, int, int, java.lang.Object, java.lang.Object, java.lang.Object)'> (0x0000000089766b80) thrown at 
Event: 0.346 Thread 0x0000022cc5a15000 Exception <a 'java/lang/NoSuchMethodError'{0x000000008976ac60}: 'java.lang.Object java.lang.invoke.DirectMethodHandle$Holder.invokeStatic(java.lang.Object, java.lang.Object, java.lang.Object, java.lang.Object, int)'> (0x000000008976ac60) thrown at [c:/cyg
Event: 0.354 Thread 0x0000022cc5a15000 Exception <a 'java/io/FileNotFoundException'{0x0000000089648fe8}> (0x0000000089648fe8) thrown at [c:/cygwin64/tmp/openjdk-jdk11u-windows-x64-hotspot/workspace/build/src/src/hotspot/share/prims/jni.cpp, line 615]
Event: 0.445 Thread 0x0000022ce591d000 Exception <a 'java/lang/NoSuchMethodError'{0x00000000896fb9b8}: 'void java.lang.invoke.DirectMethodHandle$Holder.invokeSpecial(java.lang.Object, java.lang.Object)'> (0x00000000896fb9b8) thrown at [c:/cygwin64/tmp/openjdk-jdk11u-windows-x64-hotspot/workspa
Event: 0.448 Thread 0x0000022cc5a15000 Exception <a 'java/lang/NoSuchMethodError'{0x00000000896f1498}: 'java.lang.Object java.lang.invoke.DirectMethodHandle$Holder.invokeStatic(java.lang.Object, java.lang.Object, java.lang.Object, java.lang.Object, java.lang.Object, java.lang.Object, java.lang
Event: 0.450 Thread 0x0000022cc5a15000 Exception <a 'java/lang/NoSuchMethodError'{0x0000000089590630}: 'java.lang.Object java.lang.invoke.DirectMethodHandle$Holder.invokeStatic(java.lang.Object, java.lang.Object, java.lang.Object, java.lang.Object, java.lang.Object, java.lang.Object, java.lang
Event: 0.517 Thread 0x0000022cc5a15000 Exception <a 'java/lang/NoSuchMethodError'{0x00000000894a72d8}: 'java.lang.Object java.lang.invoke.DirectMethodHandle$Holder.invokeStatic(java.lang.Object, int, java.lang.Object, java.lang.Object, java.lang.Object, java.lang.Object)'> (0x00000000894a72d8)
Event: 0.517 Thread 0x0000022cc5a15000 Exception <a 'java/lang/NoSuchMethodError'{0x00000000894ae398}: 'java.lang.Object java.lang.invoke.DirectMethodHandle$Holder.invokeStatic(java.lang.Object, int, java.lang.Object, java.lang.Object, java.lang.Object)'> (0x00000000894ae398) thrown at [c:/cyg
Event: 0.517 Thread 0x0000022cc5a15000 Exception <a 'java/lang/NoSuchMethodError'{0x00000000894b1ee0}: 'java.lang.Object java.lang.invoke.DirectMethodHandle$Holder.invokeSpecial(java.lang.Object, java.lang.Object, int, java.lang.Object, java.lang.Object, java.lang.Object)'> (0x00000000894b1ee0
Event: 0.537 Thread 0x0000022cc5a15000 Exception <a 'java/lang/ClassNotFoundException'{0x0000000089371320}: com/sun/swing/internal/plaf/metal/resources/spi/metalProvider> (0x0000000089371320) thrown at [c:/cygwin64/tmp/openjdk-jdk11u-windows-x64-hotspot/workspace/build/src/src/hotspot/share/cl
Event: 0.539 Thread 0x0000022cc5a15000 Exception <a 'java/lang/ClassNotFoundException'{0x0000000089376128}: com/sun/swing/internal/plaf/basic/resources/spi/basicProvider> (0x0000000089376128) thrown at [c:/cygwin64/tmp/openjdk-jdk11u-windows-x64-hotspot/workspace/build/src/src/hotspot/share/cl
Event: 0.563 Thread 0x0000022cc5a15000 Implicit null exception at 0x0000022cd5b62ebb to 0x0000022cd5b63556
Event: 0.600 Thread 0x0000022cc5a15000 Exception <a 'java/lang/NoSuchMethodError'{0x00000000893e7cf8}: 'void java.lang.invoke.DirectMethodHandle$Holder.invokeStaticInit(java.lang.Object)'> (0x00000000893e7cf8) thrown at [c:/cygwin64/tmp/openjdk-jdk11u-windows-x64-hotspot/workspace/build/src/sr
Event: 0.632 Thread 0x0000022cc5a15000 Exception <a 'java/io/FileNotFoundException'{0x0000000089200348}> (0x0000000089200348) thrown at [c:/cygwin64/tmp/openjdk-jdk11u-windows-x64-hotspot/workspace/build/src/src/hotspot/share/prims/jni.cpp, line 615]
Event: 0.633 Thread 0x0000022cc5a15000 Exception <a 'java/lang/NullPointerException'{0x0000000089200eb8}> (0x0000000089200eb8) thrown at [c:/cygwin64/tmp/openjdk-jdk11u-windows-x64-hotspot/workspace/build/src/src/hotspot/share/interpreter/linkResolver.cpp, line 1358]
Event: 0.668 Thread 0x0000022cc5a15000 Exception <a 'java/lang/NoSuchMethodError'{0x000000008913b628}: 'java.lang.Object java.lang.invoke.DirectMethodHandle$Holder.invokeStatic(java.lang.Object, java.lang.Object, java.lang.Object, java.lang.Object, java.lang.Object, java.lang.Object, java.lang
Event: 0.669 Thread 0x0000022cc5a15000 Exception <a 'java/lang/NoSuchMethodError'{0x0000000089159830}: 'java.lang.Object java.lang.invoke.DirectMethodHandle$Holder.invokeStatic(java.lang.Object, java.lang.Object, java.lang.Object, java.lang.Object, java.lang.Object, java.lang.Object, java.lang
Event: 0.670 Thread 0x0000022cc5a15000 Exception <a 'java/lang/NoSuchMethodError'{0x00000000891787c8}: 'java.lang.Object java.lang.invoke.DirectMethodHandle$Holder.invokeStatic(java.lang.Object, java.lang.Object, java.lang.Object, java.lang.Object, java.lang.Object, java.lang.Object, java.lang
Event: 0.671 Thread 0x0000022cc5a15000 Exception <a 'java/lang/NoSuchMethodError'{0x00000000891849d0}: 'java.lang.Object java.lang.invoke.Invokers$Holder.linkToTargetMethod(java.lang.Object, int, java.lang.Object)'> (0x00000000891849d0) thrown at [c:/cygwin64/tmp/openjdk-jdk11u-windows-x64-hot

Events (20 events):
Event: 0.663 loading class sun/awt/AWTCharset$Encoder done
Event: 0.663 loading class sun/awt/windows/WDefaultFontCharset$Encoder done
Event: 0.663 loading class sun/nio/cs/SingleByte$Encoder
Event: 0.663 loading class sun/nio/cs/SingleByte$Encoder done
Event: 0.663 loading class sun/awt/windows/WingDings
Event: 0.663 loading class sun/awt/windows/WingDings done
Event: 0.663 loading class sun/awt/windows/WingDings$Encoder
Event: 0.663 loading class sun/awt/windows/WingDings$Encoder done
Event: 0.664 loading class sun/awt/Symbol
Event: 0.664 loading class sun/awt/Symbol done
Event: 0.664 loading class sun/awt/Symbol$Encoder
Event: 0.664 loading class sun/awt/Symbol$Encoder done
Event: 0.667 loading class java/lang/invoke/BoundMethodHandle$Species_LLLLLLLLI
Event: 0.667 loading class java/lang/invoke/BoundMethodHandle$Species_LLLLLLLLI done
Event: 0.668 loading class java/lang/invoke/BoundMethodHandle$Species_LLLLLLLLII
Event: 0.668 loading class java/lang/invoke/BoundMethodHandle$Species_LLLLLLLLII done
Event: 0.669 loading class java/lang/invoke/BoundMethodHandle$Species_LLLLLLLLIIL
Event: 0.669 loading class java/lang/invoke/BoundMethodHandle$Species_LLLLLLLLIIL done
Event: 0.669 Executing VM operation: RevokeBias
Event: 0.670 Executing VM operation: RevokeBias done


Dynamic libraries:
0x00007ff76fde0000 - 0x00007ff76fded000 	C:\pleiades\java\11\bin\javaw.exe
0x00007ff97eb60000 - 0x00007ff97ed50000 	C:\windows\SYSTEM32\ntdll.dll
0x00007ff97cce0000 - 0x00007ff97cd92000 	C:\windows\System32\KERNEL32.DLL
0x00007ff97c570000 - 0x00007ff97c814000 	C:\windows\System32\KERNELBASE.dll
0x000000005cc90000 - 0x000000005cd23000 	C:\windows\System32\SYSFER.DLL
0x00007ff97bb90000 - 0x00007ff97bc8a000 	C:\windows\System32\ucrtbase.dll
0x00007ff948c40000 - 0x00007ff948c56000 	C:\pleiades\java\11\bin\VCRUNTIME140.dll
0x00007ff9478b0000 - 0x00007ff9478c7000 	C:\pleiades\java\11\bin\jli.dll
0x00007ff97cda0000 - 0x00007ff97cf34000 	C:\windows\System32\USER32.dll
0x00007ff97bd90000 - 0x00007ff97bdb1000 	C:\windows\System32\win32u.dll
0x00007ff9652f0000 - 0x00007ff965574000 	C:\windows\WinSxS\amd64_microsoft.windows.common-controls_6595b64144ccf1df_6.0.18362.900_none_e6beb9d913147d17\COMCTL32.dll
0x00007ff97eaf0000 - 0x00007ff97eb16000 	C:\windows\System32\GDI32.dll
0x00007ff97d130000 - 0x00007ff97d1ce000 	C:\windows\System32\msvcrt.dll
0x00007ff97ca70000 - 0x00007ff97cc05000 	C:\windows\System32\gdi32full.dll
0x00007ff97e0b0000 - 0x00007ff97e3e5000 	C:\windows\System32\combase.dll
0x00007ff97baf0000 - 0x00007ff97bb8e000 	C:\windows\System32\msvcp_win.dll
0x00007ff97e9d0000 - 0x00007ff97eaf0000 	C:\windows\System32\RPCRT4.dll
0x00007ff97bc90000 - 0x00007ff97bd10000 	C:\windows\System32\bcryptPrimitives.dll
0x00007ff97d4b0000 - 0x00007ff97d4de000 	C:\windows\System32\IMM32.DLL
0x00007ff943630000 - 0x00007ff9436cb000 	C:\pleiades\java\11\bin\msvcp140.dll
0x00007ff91f520000 - 0x00007ff91ffdc000 	C:\pleiades\java\11\bin\server\jvm.dll
0x00007ff97d650000 - 0x00007ff97d6f3000 	C:\windows\System32\ADVAPI32.dll
0x00007ff97d090000 - 0x00007ff97d127000 	C:\windows\System32\sechost.dll
0x00007ff97e3f0000 - 0x00007ff97e3f8000 	C:\windows\System32\PSAPI.DLL
0x00007ff95dff0000 - 0x00007ff95dff9000 	C:\windows\SYSTEM32\WSOCK32.dll
0x00007ff97d010000 - 0x00007ff97d07f000 	C:\windows\System32\WS2_32.dll
0x00007ff977770000 - 0x00007ff977794000 	C:\windows\SYSTEM32\WINMM.dll
0x00007ff9712f0000 - 0x00007ff9712fa000 	C:\windows\SYSTEM32\VERSION.dll
0x00007ff977740000 - 0x00007ff97776d000 	C:\windows\SYSTEM32\WINMMBASE.dll
0x00007ff97c8d0000 - 0x00007ff97c91a000 	C:\windows\System32\cfgmgr32.dll
0x00007ff97ba30000 - 0x00007ff97ba41000 	C:\windows\System32\kernel.appcore.dll
0x00007ff962c50000 - 0x00007ff962c60000 	C:\pleiades\java\11\bin\verify.dll
0x00007ff97a330000 - 0x00007ff97a524000 	C:\windows\SYSTEM32\DBGHELP.DLL
0x00007ff9606a0000 - 0x00007ff9606ca000 	C:\windows\SYSTEM32\dbgcore.DLL
0x00007ff947800000 - 0x00007ff947828000 	C:\pleiades\java\11\bin\java.dll
0x00007ff947780000 - 0x00007ff947797000 	C:\pleiades\java\11\bin\zip.dll
0x00007ff95bed0000 - 0x00007ff95beda000 	C:\pleiades\java\11\bin\jimage.dll
0x00007ff97d9c0000 - 0x00007ff97e0a6000 	C:\windows\System32\SHELL32.dll
0x00007ff97d400000 - 0x00007ff97d4a9000 	C:\windows\System32\shcore.dll
0x00007ff97bdc0000 - 0x00007ff97c540000 	C:\windows\System32\windows.storage.dll
0x00007ff97bac0000 - 0x00007ff97bae3000 	C:\windows\System32\profapi.dll
0x00007ff97ba70000 - 0x00007ff97baba000 	C:\windows\System32\powrprof.dll
0x00007ff97ba20000 - 0x00007ff97ba30000 	C:\windows\System32\UMPDC.dll
0x00007ff97d8b0000 - 0x00007ff97d902000 	C:\windows\System32\shlwapi.dll
0x00007ff97bd70000 - 0x00007ff97bd87000 	C:\windows\System32\cryptsp.dll
0x00007ff946dd0000 - 0x00007ff946de9000 	C:\pleiades\java\11\bin\net.dll
0x00007ff969940000 - 0x00007ff969a30000 	C:\windows\SYSTEM32\WINHTTP.dll
0x00007ff97b230000 - 0x00007ff97b297000 	C:\windows\system32\mswsock.dll
0x00007ff946db0000 - 0x00007ff946dc2000 	C:\pleiades\java\11\bin\nio.dll
0x00007ff930a40000 - 0x00007ff930bd9000 	C:\pleiades\java\11\bin\awt.dll
0x00007ff97d580000 - 0x00007ff97d645000 	C:\windows\System32\OLEAUT32.dll
0x00007ff978c50000 - 0x00007ff978cdf000 	C:\windows\SYSTEM32\apphelp.dll
0x00007ff979d70000 - 0x00007ff979d9d000 	C:\windows\system32\DWMAPI.DLL
0x00007ff9796c0000 - 0x00007ff979759000 	C:\windows\system32\uxtheme.dll
0x00007ff953a00000 - 0x00007ff953b56000 	C:\windows\system32\opengl32.dll
0x00007ff95e030000 - 0x00007ff95e05c000 	C:\windows\SYSTEM32\GLU32.dll
0x00007ff97a670000 - 0x00007ff97a690000 	C:\windows\SYSTEM32\dxcore.dll
0x00007ff97d770000 - 0x00007ff97d8a5000 	C:\windows\System32\MSCTF.dll
0x00007ff97e870000 - 0x00007ff97e9c7000 	C:\windows\System32\ole32.dll
0x00007ff93be20000 - 0x00007ff93bea2000 	C:\pleiades\java\11\bin\freetype.dll
0x00007ff931350000 - 0x00007ff9313f6000 	C:\pleiades\java\11\bin\fontmanager.dll

dbghelp: loaded successfully - version: 4.0.5 - missing functions: none
symbol engine: initialized successfully - sym options: 0x614 - pdb path: .;C:\pleiades\java\11\bin;C:\windows\SYSTEM32;C:\windows\WinSxS\amd64_microsoft.windows.common-controls_6595b64144ccf1df_6.0.18362.900_none_e6beb9d913147d17;C:\pleiades\java\11\bin\server

VM Arguments:
jvm_args: -Dfile.encoding=UTF-8 
java_command: board1.RouletteButton
java_class_path (initial): C:\pleiades\workspace\BoardTest\build\classes;C:\pleiades\tomcat\9\lib\annotations-api.jar;C:\pleiades\tomcat\9\lib\catalina-ant.jar;C:\pleiades\tomcat\9\lib\catalina-ha.jar;C:\pleiades\tomcat\9\lib\catalina-ssi.jar;C:\pleiades\tomcat\9\lib\catalina-storeconfig.jar;C:\pleiades\tomcat\9\lib\catalina-tribes.jar;C:\pleiades\tomcat\9\lib\catalina.jar;C:\pleiades\tomcat\9\lib\ecj-4.13.jar;C:\pleiades\tomcat\9\lib\el-api.jar;C:\pleiades\tomcat\9\lib\jasper-el.jar;C:\pleiades\tomcat\9\lib\jasper.jar;C:\pleiades\tomcat\9\lib\jaspic-api.jar;C:\pleiades\tomcat\9\lib\jsp-api.jar;C:\pleiades\tomcat\9\lib\servlet-api.jar;C:\pleiades\tomcat\9\lib\tomcat-api.jar;C:\pleiades\tomcat\9\lib\tomcat-coyote.jar;C:\pleiades\tomcat\9\lib\tomcat-dbcp.jar;C:\pleiades\tomcat\9\lib\tomcat-i18n-cs.jar;C:\pleiades\tomcat\9\lib\tomcat-i18n-de.jar;C:\pleiades\tomcat\9\lib\tomcat-i18n-es.jar;C:\pleiades\tomcat\9\lib\tomcat-i18n-fr.jar;C:\pleiades\tomcat\9\lib\tomcat-i18n-ja.jar;C:\pleiades\tomcat\9\lib\tomcat-i18n-ko.jar;C:\pleiades\tomcat\9\lib\tomcat-i18n-pt-BR.jar;C:\pleiades\tomcat\9\lib\tomcat-i18n-ru.jar;C:\pleiades\tomcat\9\lib\tomcat-i18n-zh-CN.jar;C:\pleiades\tomcat\9\lib\tomcat-jdbc.jar;C:\pleiades\tomcat\9\lib\tomcat-jni.jar;C:\pleiades\tomcat\9\lib\tomcat-util-scan.jar;C:\pleiades\tomcat\9\lib\tomcat-util.jar;C:\pleiades\tomcat\9\lib\tomcat-websocket.jar;C:\pleiades\tomcat\9\lib\websocket-api.jar;C:\pleiades\workspace\BoardTest\WebContent\WEB-INF\lib\postgresql-42.2.14.jar
Launcher Type: SUN_STANDARD

[Global flags]
     intx CICompilerCount                          = 4                                         {product} {ergonomic}
     uint ConcGCThreads                            = 2                                         {product} {ergonomic}
     uint G1ConcRefinementThreads                  = 8                                         {product} {ergonomic}
   size_t G1HeapRegionSize                         = 1048576                                   {product} {ergonomic}
    uintx GCDrainStackTargetSize                   = 64                                        {product} {ergonomic}
   size_t InitialHeapSize                          = 134217728                                 {product} {ergonomic}
   size_t MarkStackSize                            = 4194304                                   {product} {ergonomic}
   size_t MaxHeapSize                              = 2118123520                                {product} {ergonomic}
   size_t MaxNewSize                               = 1270874112                                {product} {ergonomic}
   size_t MinHeapDeltaBytes                        = 1048576                                   {product} {ergonomic}
    uintx NonNMethodCodeHeapSize                   = 5836300                                {pd product} {ergonomic}
    uintx NonProfiledCodeHeapSize                  = 122910970                              {pd product} {ergonomic}
    uintx ProfiledCodeHeapSize                     = 122910970                              {pd product} {ergonomic}
    uintx ReservedCodeCacheSize                    = 251658240                              {pd product} {ergonomic}
     bool SegmentedCodeCache                       = true                                      {product} {ergonomic}
     bool UseCompressedClassPointers               = true                                 {lp64_product} {ergonomic}
     bool UseCompressedOops                        = true                                 {lp64_product} {ergonomic}
     bool UseG1GC                                  = true                                      {product} {ergonomic}
     bool UseLargePagesIndividualAllocation        = false                                  {pd product} {ergonomic}

Logging:
Log output configuration:
 #0: stdout all=warning uptime,level,tags
 #1: stderr all=off uptime,level,tags

Environment Variables:
JAVA_HOME=C:\Program Files\Java\jdk-14.0.1
PATH=C:/pleiades/eclipse//jre/bin/server;C:/pleiades/eclipse//jre/bin;C:\windows\system32;C:\windows;C:\windows\System32\Wbem;C:\windows\System32\WindowsPowerShell\v1.0\;C:\windows\System32\OpenSSH\;c:\Program Files\Java\jdk-14.0.1\bin;C:\Program Files (x86)\sakura;C:\Program Files\PostgreSQL\12\bin;C:\Users\IO-763\AppData\Local\Microsoft\WindowsApps;C:\Program Files (x86)\Google\Chrome\Application\;;C:\pleiades\eclipse;
USERNAME=IO-763
OS=Windows_NT
PROCESSOR_IDENTIFIER=Intel64 Family 6 Model 142 Stepping 12, GenuineIntel



---------------  S Y S T E M  ---------------

OS: Windows 10 , 64 bit Build 18362 (10.0.18362.900)

CPU:total 8 (initial active 8) (4 cores per cpu, 2 threads per core) family 6 model 142 stepping 12, cmov, cx8, fxsr, mmx, sse, sse2, sse3, ssse3, sse4.1, sse4.2, popcnt, avx, avx2, aes, clmul, erms, 3dnowpref, lzcnt, ht, tsc, tscinvbit, bmi1, bmi2, adx, fma

Memory: 4k page, system-wide physical 8078M (2271M free)
TotalPageFile size 10894M (AvailPageFile size 2759M)
current process WorkingSet (physical memory assigned to process): 66M, peak: 66M
current process commit charge ("private bytes"): 226M, peak: 227M

vm_info: OpenJDK 64-Bit Server VM (11.0.6+10) for windows-amd64 JRE (11.0.6+10), built on Jan 15 2020 06:14:58 by "" with MS VC++ 15.8 (VS2017)

END.
