#
# A fatal error has been detected by the Java Runtime Environment:
#
#  EXCEPTION_ACCESS_VIOLATION (0xc0000005) at pc=0x00007ff929fdfa16, pid=71752, tid=23568
#
# JRE version: OpenJDK Runtime Environment (11.0.6+10) (build 11.0.6+10)
# Java VM: OpenJDK 64-Bit Server VM (11.0.6+10, mixed mode, tiered, compressed oops, g1 gc, windows-amd64)
# Problematic frame:
# C  [awt.dll+0x8fa16]
#
# No core dump will be written. Minidumps are not enabled by default on client versions of Windows
#
# If you would like to submit a bug report, please visit:
#   https://github.com/AdoptOpenJDK/openjdk-support/issues
# The crash happened outside the Java Virtual Machine in native code.
# See problematic frame for where to report the bug.
#

---------------  S U M M A R Y ------------

Command Line: -Dfile.encoding=UTF-8 board1.RouletteButton

Host: Intel(R) Core(TM) i5-8265U CPU @ 1.60GHz, 8 cores, 7G,  Windows 10 , 64 bit Build 18362 (10.0.18362.900)
Time: Mon Jun 15 15:37:49 2020 ???? (?W?€??) elapsed time: 0 seconds (0d 0h 0m 0s)

---------------  T H R E A D  ---------------

Current thread (0x000002ce6bb45000):  JavaThread "main" [_thread_in_native, id=23568, stack(0x000000f192e00000,0x000000f192f00000)]

Stack: [0x000000f192e00000,0x000000f192f00000],  sp=0x000000f192efef80,  free space=1019k
Native frames: (J=compiled Java code, j=interpreted, Vv=VM code, C=native code)
C  [awt.dll+0x8fa16]

Java frames: (J=compiled Java code, j=interpreted, Vv=VM code)
j  sun.awt.windows.WComponentPeer._setFont(Ljava/awt/Font;)V+0 java.desktop@11.0.6
j  sun.awt.windows.WComponentPeer.setFont(Ljava/awt/Font;)V+7 java.desktop@11.0.6
j  sun.awt.windows.WWindowPeer.initialize()V+42 java.desktop@11.0.6
j  sun.awt.windows.WFramePeer.initialize()V+1 java.desktop@11.0.6
j  sun.awt.windows.WComponentPeer.<init>(Ljava/awt/Component;)V+83 java.desktop@11.0.6
j  sun.awt.windows.WCanvasPeer.<init>(Ljava/awt/Component;)V+2 java.desktop@11.0.6
j  sun.awt.windows.WPanelPeer.<init>(Ljava/awt/Component;)V+2 java.desktop@11.0.6
j  sun.awt.windows.WWindowPeer.<init>(Ljava/awt/Window;)V+2 java.desktop@11.0.6
j  sun.awt.windows.WFramePeer.<init>(Ljava/awt/Frame;)V+2 java.desktop@11.0.6
j  sun.awt.windows.WToolkit.createFrame(Ljava/awt/Frame;)Ljava/awt/peer/FramePeer;+5 java.desktop@11.0.6
j  java.awt.Frame.addNotify()V+20 java.desktop@11.0.6
j  java.awt.Window.show()V+8 java.desktop@11.0.6
j  java.awt.Component.show(Z)V+5 java.desktop@11.0.6
j  java.awt.Component.setVisible(Z)V+2 java.desktop@11.0.6
j  java.awt.Window.setVisible(Z)V+2 java.desktop@11.0.6
j  board1.RouletteButton.main([Ljava/lang/String;)V+12
v  ~StubRoutines::call_stub

siginfo: EXCEPTION_ACCESS_VIOLATION (0xc0000005), reading address 0x0000000000000058


Register to memory mapping:

RIP=0x00007ff929fdfa16 awt.dll
RAX=0x00007ff92a05b680 awt.dll
RBX=0x000002ce6bb45340 points into unknown readable memory: f0 cb d1 0d f9 7f 00 00
RCX=0x000002ce7c961690 points into unknown readable memory: 80 b6 05 2a f9 7f 00 00
RDX=0x0 is NULL
RSP=0x000000f192efef80 is pointing into the stack for thread: 0x000002ce6bb45000
RBP=0x0 is NULL
RSI=0x000002ce7cb6a238 is a global jni handle
RDI=0x000002ce7cb6a240 is a global jni handle
R8 =0x0000000000000004 is an unknown value
R9 =0x00000001000c0f88 is a pointer to class: 
java.awt.Font {0x00000001000c0f90}
R10=0x0000000000008000 is an unknown value
R11=0x000000f192efef80 is pointing into the stack for thread: 0x000002ce6bb45000
R12=0x0 is NULL
R13=0x000002ce7c10ffc8 is pointing into metadata
R14=0x000002ce7c961690 points into unknown readable memory: 80 b6 05 2a f9 7f 00 00
R15=0x000002ce7c9292c0 points into unknown readable memory: 38 a2 b6 7c ce 02 00 00


Registers:
RAX=0x00007ff92a05b680, RBX=0x000002ce6bb45340, RCX=0x000002ce7c961690, RDX=0x0000000000000000
RSP=0x000000f192efef80, RBP=0x0000000000000000, RSI=0x000002ce7cb6a238, RDI=0x000002ce7cb6a240
R8 =0x0000000000000004, R9 =0x00000001000c0f88, R10=0x0000000000008000, R11=0x000000f192efef80
R12=0x0000000000000000, R13=0x000002ce7c10ffc8, R14=0x000002ce7c961690, R15=0x000002ce7c9292c0
RIP=0x00007ff929fdfa16, EFLAGS=0x0000000000010202

Top of Stack: (sp=0x000000f192efef80)
0x000000f192efef80:   000002ce7c9292c0 000002ce7c961690
0x000000f192efef90:   000002ce7c9292c0 000002ce7c961690
0x000000f192efefa0:   000002ce7cb6a240 00007ff929fe4921
0x000000f192efefb0:   000002ce6bb45340 000002ce6bb45340
0x000000f192efefc0:   0000000000000000 000002ce7cb6a238
0x000000f192efefd0:   000002ce6bb45000 000000f192eff128
0x000000f192efefe0:   000002ce7c9292c0 00007ff92a01dbcb
0x000000f192efeff0:   00007ff92a0a1078 000000f192eff100
0x000000f192eff000:   00007ff929fe47f4 0000000000000000
0x000000f192eff010:   fffffffffffffffe fffffffffffffffe
0x000000f192eff020:   000002ce7cb6a238 00007ff929fe5ae8
0x000000f192eff030:   000002ce7cb6a240 000000f192eff120
0x000000f192eff040:   000000f192eff120 00007ff92a0a1078
0x000000f192eff050:   fffffffffffffffe 00007ff90d6ec0cc
0x000000f192eff060:   000002ce00009e03 000002ce0000fd64
0x000000f192eff070:   000002ce7c110040 0000000000000000 

Instructions: (pc=0x00007ff929fdfa16)
0x00007ff929fdf916:   00 48 8b d9 e8 d9 dc ff ff 48 8b f8 48 85 c0 75
0x00007ff929fdf926:   04 48 8b 7b 48 48 8b cf e8 50 19 05 00 48 8b d8
0x00007ff929fdf936:   48 85 c0 74 60 83 64 24 20 00 0f 57 c0 83 64 24
0x00007ff929fdf946:   34 00 b9 11 00 00 00 83 64 24 38 00 f3 0f 7f 44
0x00007ff929fdf956:   24 24 ff 15 da d9 0b 00 4c 8d 44 24 40 ba 5c 00
0x00007ff929fdf966:   00 00 48 8b c8 ff 15 7f dc 0b 00 83 f8 5c 75 0d
0x00007ff929fdf976:   48 8d 54 24 40 48 8b cb e8 af 19 05 00 48 8d 54
0x00007ff929fdf986:   24 20 48 8b cb e8 c6 19 05 00 48 8b d3 48 8b cf
0x00007ff929fdf996:   e8 73 19 05 00 48 8b 8c 24 a0 00 00 00 48 33 cc
0x00007ff929fdf9a6:   e8 a5 26 05 00 48 8b 9c 24 c8 00 00 00 48 81 c4
0x00007ff929fdf9b6:   b0 00 00 00 5f c3 40 53 48 83 ec 20 48 8b d9 ff
0x00007ff929fdf9c6:   15 bd e1 0b 00 48 85 c0 75 0a 48 8b 4b 48 ff 15
0x00007ff929fdf9d6:   a6 e1 0b 00 48 83 c4 20 5b c3 4c 63 c2 48 8b 15
0x00007ff929fdf9e6:   5e c5 0b 00 48 ff 25 37 e0 0b 00 cc cc cc 48 8b
0x00007ff929fdf9f6:   d1 48 8b 0d 82 f5 0b 00 48 89 15 7b f5 0b 00 e9
0x00007ff929fdfa06:   5a 67 04 00 cc cc 48 89 5c 24 08 57 48 83 ec 20
0x00007ff929fdfa16:   83 7a 58 00 48 8b da 48 8b f9 7d 08 48 8b ca e8
0x00007ff929fdfa26:   32 95 01 00 4c 8b 43 48 45 33 c9 48 8b 4f 48 4d
0x00007ff929fdfa36:   8b 00 41 8d 51 30 ff 15 ae e2 0b 00 48 8b 4f 48
0x00007ff929fdfa46:   33 d2 44 8d 42 01 48 8b 5c 24 30 48 83 c4 20 5f
0x00007ff929fdfa56:   48 ff 25 4b e1 0b 00 cc cc cc 48 8b c4 48 89 58
0x00007ff929fdfa66:   08 48 89 68 10 48 89 70 18 48 89 78 20 41 56 48
0x00007ff929fdfa76:   83 ec 20 4c 8b f2 48 8b f9 48 8b 0d d2 13 0c 00
0x00007ff929fdfa86:   ba 02 00 01 00 41 8b e8 e8 c0 24 05 00 48 8b 97
0x00007ff929fdfa96:   c0 00 00 00 33 db 48 8b f0 48 85 d2 74 0d 4c 8b
0x00007ff929fdfaa6:   08 48 8b c8 41 ff 91 b0 00 00 00 4d 85 f6 74 14
0x00007ff929fdfab6:   48 8b 06 49 8b d6 48 8b ce ff 90 a8 00 00 00 48
0x00007ff929fdfac6:   8b d8 eb 05 bd 01 00 00 00 48 89 9f c0 00 00 00
0x00007ff929fdfad6:   89 af c8 00 00 00 48 8b 5c 24 30 48 8b 6c 24 38
0x00007ff929fdfae6:   48 8b 74 24 40 48 8b 7c 24 48 48 83 c4 20 41 5e
0x00007ff929fdfaf6:   c3 cc 48 89 5c 24 08 48 89 6c 24 10 48 89 74 24
0x00007ff929fdfb06:   18 57 48 83 ec 20 33 db 48 8b f9 48 85 c9 75 09 


Stack slot to memory mapping:
stack at sp + 0 slots: 0x000002ce7c9292c0 points into unknown readable memory: 38 a2 b6 7c ce 02 00 00
stack at sp + 1 slots: 0x000002ce7c961690 points into unknown readable memory: 80 b6 05 2a f9 7f 00 00
stack at sp + 2 slots: 0x000002ce7c9292c0 points into unknown readable memory: 38 a2 b6 7c ce 02 00 00
stack at sp + 3 slots: 0x000002ce7c961690 points into unknown readable memory: 80 b6 05 2a f9 7f 00 00
stack at sp + 4 slots: 0x000002ce7cb6a240 is a global jni handle
stack at sp + 5 slots: 0x00007ff929fe4921 awt.dll
stack at sp + 6 slots: 0x000002ce6bb45340 points into unknown readable memory: f0 cb d1 0d f9 7f 00 00
stack at sp + 7 slots: 0x000002ce6bb45340 points into unknown readable memory: f0 cb d1 0d f9 7f 00 00


---------------  P R O C E S S  ---------------

Threads class SMR info:
_java_thread_list=0x000002ce7c948010, length=15, elements={
0x000002ce6bb45000, 0x000002ce7ba25800, 0x000002ce7ba27800, 0x000002ce7c2bc000,
0x000002ce7c2bd000, 0x000002ce7ba59000, 0x000002ce7ba5d800, 0x000002ce7c2c3800,
0x000002ce7c43d000, 0x000002ce7c43b000, 0x000002ce7c8dc000, 0x000002ce7c8d2000,
0x000002ce7c8fc800, 0x000002ce7c901000, 0x000002ce7c960800
}

Java Threads: ( => current thread )
=>0x000002ce6bb45000 JavaThread "main" [_thread_in_native, id=23568, stack(0x000000f192e00000,0x000000f192f00000)]
  0x000002ce7ba25800 JavaThread "Reference Handler" daemon [_thread_blocked, id=76508, stack(0x000000f193500000,0x000000f193600000)]
  0x000002ce7ba27800 JavaThread "Finalizer" daemon [_thread_blocked, id=64808, stack(0x000000f193600000,0x000000f193700000)]
  0x000002ce7c2bc000 JavaThread "Signal Dispatcher" daemon [_thread_blocked, id=50964, stack(0x000000f193700000,0x000000f193800000)]
  0x000002ce7c2bd000 JavaThread "Attach Listener" daemon [_thread_blocked, id=81916, stack(0x000000f193800000,0x000000f193900000)]
  0x000002ce7ba59000 JavaThread "C2 CompilerThread0" daemon [_thread_blocked, id=65668, stack(0x000000f193900000,0x000000f193a00000)]
  0x000002ce7ba5d800 JavaThread "C1 CompilerThread0" daemon [_thread_blocked, id=50568, stack(0x000000f193a00000,0x000000f193b00000)]
  0x000002ce7c2c3800 JavaThread "Sweeper thread" daemon [_thread_blocked, id=82424, stack(0x000000f193b00000,0x000000f193c00000)]
  0x000002ce7c43d000 JavaThread "Service Thread" daemon [_thread_blocked, id=40192, stack(0x000000f193c00000,0x000000f193d00000)]
  0x000002ce7c43b000 JavaThread "Common-Cleaner" daemon [_thread_blocked, id=80592, stack(0x000000f193e00000,0x000000f193f00000)]
  0x000002ce7c8dc000 JavaThread "C2 CompilerThread1" daemon [_thread_blocked, id=46360, stack(0x000000f193f00000,0x000000f194000000)]
  0x000002ce7c8d2000 JavaThread "Java2D Disposer" daemon [_thread_blocked, id=71896, stack(0x000000f194000000,0x000000f194100000)]
  0x000002ce7c8fc800 JavaThread "AWT-Shutdown" [_thread_blocked, id=82980, stack(0x000000f194100000,0x000000f194200000)]
  0x000002ce7c901000 JavaThread "AWT-Windows" daemon [_thread_in_native, id=48736, stack(0x000000f194200000,0x000000f194300000)]
  0x000002ce7c960800 JavaThread "AWT-EventQueue-0" [_thread_blocked, id=46184, stack(0x000000f194300000,0x000000f194400000)]

Other Threads:
  0x000002ce7ba50000 VMThread "VM Thread" [stack: 0x000000f193400000,0x000000f193500000] [id=62040]
  0x000002ce7c43f800 WatcherThread [stack: 0x000000f193d00000,0x000000f193e00000] [id=35120]
  0x000002ce6bb5d800 GCTaskThread "GC Thread#0" [stack: 0x000000f192f00000,0x000000f193000000] [id=68516]
  0x000002ce6bb91000 ConcurrentGCThread "G1 Main Marker" [stack: 0x000000f193000000,0x000000f193100000] [id=75252]
  0x000002ce6bb92800 ConcurrentGCThread "G1 Conc#0" [stack: 0x000000f193100000,0x000000f193200000] [id=78132]
  0x000002ce6bc0e000 ConcurrentGCThread "G1 Refine#0" [stack: 0x000000f193200000,0x000000f193300000] [id=83136]
  0x000002ce7b895800 ConcurrentGCThread "G1 Young RemSet Sampling" [stack: 0x000000f193300000,0x000000f193400000] [id=81148]

Threads with active compile tasks:

VM state:not at safepoint (normal execution)

VM Mutex/Monitor currently owned by a thread: None

Heap address: 0x0000000081c00000, size: 2020 MB, Compressed Oops mode: 32-bit
Narrow klass base: 0x0000000000000000, Narrow klass shift: 3
Compressed class space size: 1073741824 Address: 0x0000000100000000

Heap:
 garbage-first heap   total 131072K, used 9216K [0x0000000081c00000, 0x0000000100000000)
  region size 1024K, 10 young (10240K), 0 survivors (0K)
 Metaspace       used 12079K, capacity 12449K, committed 12800K, reserved 1060864K
  class space    used 1257K, capacity 1437K, committed 1536K, reserved 1048576K
Heap Regions: E=young(eden), S=young(survivor), O=old, HS=humongous(starts), HC=humongous(continues), CS=collection set, F=free, A=archive, TAMS=top-at-mark-start (previous, next)
|   0|0x0000000081c00000, 0x0000000081c00000, 0x0000000081d00000|  0%| F|  |TAMS 0x0000000081c00000, 0x0000000081c00000| Untracked 
|   1|0x0000000081d00000, 0x0000000081d00000, 0x0000000081e00000|  0%| F|  |TAMS 0x0000000081d00000, 0x0000000081d00000| Untracked 
|   2|0x0000000081e00000, 0x0000000081e00000, 0x0000000081f00000|  0%| F|  |TAMS 0x0000000081e00000, 0x0000000081e00000| Untracked 
|   3|0x0000000081f00000, 0x0000000081f00000, 0x0000000082000000|  0%| F|  |TAMS 0x0000000081f00000, 0x0000000081f00000| Untracked 
|   4|0x0000000082000000, 0x0000000082000000, 0x0000000082100000|  0%| F|  |TAMS 0x0000000082000000, 0x0000000082000000| Untracked 
|   5|0x0000000082100000, 0x0000000082100000, 0x0000000082200000|  0%| F|  |TAMS 0x0000000082100000, 0x0000000082100000| Untracked 
|   6|0x0000000082200000, 0x0000000082200000, 0x0000000082300000|  0%| F|  |TAMS 0x0000000082200000, 0x0000000082200000| Untracked 
|   7|0x0000000082300000, 0x0000000082300000, 0x0000000082400000|  0%| F|  |TAMS 0x0000000082300000, 0x0000000082300000| Untracked 
|   8|0x0000000082400000, 0x0000000082400000, 0x0000000082500000|  0%| F|  |TAMS 0x0000000082400000, 0x0000000082400000| Untracked 
|   9|0x0000000082500000, 0x0000000082500000, 0x0000000082600000|  0%| F|  |TAMS 0x0000000082500000, 0x0000000082500000| Untracked 
|  10|0x0000000082600000, 0x0000000082600000, 0x0000000082700000|  0%| F|  |TAMS 0x0000000082600000, 0x0000000082600000| Untracked 
|  11|0x0000000082700000, 0x0000000082700000, 0x0000000082800000|  0%| F|  |TAMS 0x0000000082700000, 0x0000000082700000| Untracked 
|  12|0x0000000082800000, 0x0000000082800000, 0x0000000082900000|  0%| F|  |TAMS 0x0000000082800000, 0x0000000082800000| Untracked 
|  13|0x0000000082900000, 0x0000000082900000, 0x0000000082a00000|  0%| F|  |TAMS 0x0000000082900000, 0x0000000082900000| Untracked 
|  14|0x0000000082a00000, 0x0000000082a00000, 0x0000000082b00000|  0%| F|  |TAMS 0x0000000082a00000, 0x0000000082a00000| Untracked 
|  15|0x0000000082b00000, 0x0000000082b00000, 0x0000000082c00000|  0%| F|  |TAMS 0x0000000082b00000, 0x0000000082b00000| Untracked 
|  16|0x0000000082c00000, 0x0000000082c00000, 0x0000000082d00000|  0%| F|  |TAMS 0x0000000082c00000, 0x0000000082c00000| Untracked 
|  17|0x0000000082d00000, 0x0000000082d00000, 0x0000000082e00000|  0%| F|  |TAMS 0x0000000082d00000, 0x0000000082d00000| Untracked 
|  18|0x0000000082e00000, 0x0000000082e00000, 0x0000000082f00000|  0%| F|  |TAMS 0x0000000082e00000, 0x0000000082e00000| Untracked 
|  19|0x0000000082f00000, 0x0000000082f00000, 0x0000000083000000|  0%| F|  |TAMS 0x0000000082f00000, 0x0000000082f00000| Untracked 
|  20|0x0000000083000000, 0x0000000083000000, 0x0000000083100000|  0%| F|  |TAMS 0x0000000083000000, 0x0000000083000000| Untracked 
|  21|0x0000000083100000, 0x0000000083100000, 0x0000000083200000|  0%| F|  |TAMS 0x0000000083100000, 0x0000000083100000| Untracked 
|  22|0x0000000083200000, 0x0000000083200000, 0x0000000083300000|  0%| F|  |TAMS 0x0000000083200000, 0x0000000083200000| Untracked 
|  23|0x0000000083300000, 0x0000000083300000, 0x0000000083400000|  0%| F|  |TAMS 0x0000000083300000, 0x0000000083300000| Untracked 
|  24|0x0000000083400000, 0x0000000083400000, 0x0000000083500000|  0%| F|  |TAMS 0x0000000083400000, 0x0000000083400000| Untracked 
|  25|0x0000000083500000, 0x0000000083500000, 0x0000000083600000|  0%| F|  |TAMS 0x0000000083500000, 0x0000000083500000| Untracked 
|  26|0x0000000083600000, 0x0000000083600000, 0x0000000083700000|  0%| F|  |TAMS 0x0000000083600000, 0x0000000083600000| Untracked 
|  27|0x0000000083700000, 0x0000000083700000, 0x0000000083800000|  0%| F|  |TAMS 0x0000000083700000, 0x0000000083700000| Untracked 
|  28|0x0000000083800000, 0x0000000083800000, 0x0000000083900000|  0%| F|  |TAMS 0x0000000083800000, 0x0000000083800000| Untracked 
|  29|0x0000000083900000, 0x0000000083900000, 0x0000000083a00000|  0%| F|  |TAMS 0x0000000083900000, 0x0000000083900000| Untracked 
|  30|0x0000000083a00000, 0x0000000083a00000, 0x0000000083b00000|  0%| F|  |TAMS 0x0000000083a00000, 0x0000000083a00000| Untracked 
|  31|0x0000000083b00000, 0x0000000083b00000, 0x0000000083c00000|  0%| F|  |TAMS 0x0000000083b00000, 0x0000000083b00000| Untracked 
|  32|0x0000000083c00000, 0x0000000083c00000, 0x0000000083d00000|  0%| F|  |TAMS 0x0000000083c00000, 0x0000000083c00000| Untracked 
|  33|0x0000000083d00000, 0x0000000083d00000, 0x0000000083e00000|  0%| F|  |TAMS 0x0000000083d00000, 0x0000000083d00000| Untracked 
|  34|0x0000000083e00000, 0x0000000083e00000, 0x0000000083f00000|  0%| F|  |TAMS 0x0000000083e00000, 0x0000000083e00000| Untracked 
|  35|0x0000000083f00000, 0x0000000083f00000, 0x0000000084000000|  0%| F|  |TAMS 0x0000000083f00000, 0x0000000083f00000| Untracked 
|  36|0x0000000084000000, 0x0000000084000000, 0x0000000084100000|  0%| F|  |TAMS 0x0000000084000000, 0x0000000084000000| Untracked 
|  37|0x0000000084100000, 0x0000000084100000, 0x0000000084200000|  0%| F|  |TAMS 0x0000000084100000, 0x0000000084100000| Untracked 
|  38|0x0000000084200000, 0x0000000084200000, 0x0000000084300000|  0%| F|  |TAMS 0x0000000084200000, 0x0000000084200000| Untracked 
|  39|0x0000000084300000, 0x0000000084300000, 0x0000000084400000|  0%| F|  |TAMS 0x0000000084300000, 0x0000000084300000| Untracked 
|  40|0x0000000084400000, 0x0000000084400000, 0x0000000084500000|  0%| F|  |TAMS 0x0000000084400000, 0x0000000084400000| Untracked 
|  41|0x0000000084500000, 0x0000000084500000, 0x0000000084600000|  0%| F|  |TAMS 0x0000000084500000, 0x0000000084500000| Untracked 
|  42|0x0000000084600000, 0x0000000084600000, 0x0000000084700000|  0%| F|  |TAMS 0x0000000084600000, 0x0000000084600000| Untracked 
|  43|0x0000000084700000, 0x0000000084700000, 0x0000000084800000|  0%| F|  |TAMS 0x0000000084700000, 0x0000000084700000| Untracked 
|  44|0x0000000084800000, 0x0000000084800000, 0x0000000084900000|  0%| F|  |TAMS 0x0000000084800000, 0x0000000084800000| Untracked 
|  45|0x0000000084900000, 0x0000000084900000, 0x0000000084a00000|  0%| F|  |TAMS 0x0000000084900000, 0x0000000084900000| Untracked 
|  46|0x0000000084a00000, 0x0000000084a00000, 0x0000000084b00000|  0%| F|  |TAMS 0x0000000084a00000, 0x0000000084a00000| Untracked 
|  47|0x0000000084b00000, 0x0000000084b00000, 0x0000000084c00000|  0%| F|  |TAMS 0x0000000084b00000, 0x0000000084b00000| Untracked 
|  48|0x0000000084c00000, 0x0000000084c00000, 0x0000000084d00000|  0%| F|  |TAMS 0x0000000084c00000, 0x0000000084c00000| Untracked 
|  49|0x0000000084d00000, 0x0000000084d00000, 0x0000000084e00000|  0%| F|  |TAMS 0x0000000084d00000, 0x0000000084d00000| Untracked 
|  50|0x0000000084e00000, 0x0000000084e00000, 0x0000000084f00000|  0%| F|  |TAMS 0x0000000084e00000, 0x0000000084e00000| Untracked 
|  51|0x0000000084f00000, 0x0000000084f00000, 0x0000000085000000|  0%| F|  |TAMS 0x0000000084f00000, 0x0000000084f00000| Untracked 
|  52|0x0000000085000000, 0x0000000085000000, 0x0000000085100000|  0%| F|  |TAMS 0x0000000085000000, 0x0000000085000000| Untracked 
|  53|0x0000000085100000, 0x0000000085100000, 0x0000000085200000|  0%| F|  |TAMS 0x0000000085100000, 0x0000000085100000| Untracked 
|  54|0x0000000085200000, 0x0000000085200000, 0x0000000085300000|  0%| F|  |TAMS 0x0000000085200000, 0x0000000085200000| Untracked 
|  55|0x0000000085300000, 0x0000000085300000, 0x0000000085400000|  0%| F|  |TAMS 0x0000000085300000, 0x0000000085300000| Untracked 
|  56|0x0000000085400000, 0x0000000085400000, 0x0000000085500000|  0%| F|  |TAMS 0x0000000085400000, 0x0000000085400000| Untracked 
|  57|0x0000000085500000, 0x0000000085500000, 0x0000000085600000|  0%| F|  |TAMS 0x0000000085500000, 0x0000000085500000| Untracked 
|  58|0x0000000085600000, 0x0000000085600000, 0x0000000085700000|  0%| F|  |TAMS 0x0000000085600000, 0x0000000085600000| Untracked 
|  59|0x0000000085700000, 0x0000000085700000, 0x0000000085800000|  0%| F|  |TAMS 0x0000000085700000, 0x0000000085700000| Untracked 
|  60|0x0000000085800000, 0x0000000085800000, 0x0000000085900000|  0%| F|  |TAMS 0x0000000085800000, 0x0000000085800000| Untracked 
|  61|0x0000000085900000, 0x0000000085900000, 0x0000000085a00000|  0%| F|  |TAMS 0x0000000085900000, 0x0000000085900000| Untracked 
|  62|0x0000000085a00000, 0x0000000085a00000, 0x0000000085b00000|  0%| F|  |TAMS 0x0000000085a00000, 0x0000000085a00000| Untracked 
|  63|0x0000000085b00000, 0x0000000085b00000, 0x0000000085c00000|  0%| F|  |TAMS 0x0000000085b00000, 0x0000000085b00000| Untracked 
|  64|0x0000000085c00000, 0x0000000085c00000, 0x0000000085d00000|  0%| F|  |TAMS 0x0000000085c00000, 0x0000000085c00000| Untracked 
|  65|0x0000000085d00000, 0x0000000085d00000, 0x0000000085e00000|  0%| F|  |TAMS 0x0000000085d00000, 0x0000000085d00000| Untracked 
|  66|0x0000000085e00000, 0x0000000085e00000, 0x0000000085f00000|  0%| F|  |TAMS 0x0000000085e00000, 0x0000000085e00000| Untracked 
|  67|0x0000000085f00000, 0x0000000085f00000, 0x0000000086000000|  0%| F|  |TAMS 0x0000000085f00000, 0x0000000085f00000| Untracked 
|  68|0x0000000086000000, 0x0000000086000000, 0x0000000086100000|  0%| F|  |TAMS 0x0000000086000000, 0x0000000086000000| Untracked 
|  69|0x0000000086100000, 0x0000000086100000, 0x0000000086200000|  0%| F|  |TAMS 0x0000000086100000, 0x0000000086100000| Untracked 
|  70|0x0000000086200000, 0x0000000086200000, 0x0000000086300000|  0%| F|  |TAMS 0x0000000086200000, 0x0000000086200000| Untracked 
|  71|0x0000000086300000, 0x0000000086300000, 0x0000000086400000|  0%| F|  |TAMS 0x0000000086300000, 0x0000000086300000| Untracked 
|  72|0x0000000086400000, 0x0000000086400000, 0x0000000086500000|  0%| F|  |TAMS 0x0000000086400000, 0x0000000086400000| Untracked 
|  73|0x0000000086500000, 0x0000000086500000, 0x0000000086600000|  0%| F|  |TAMS 0x0000000086500000, 0x0000000086500000| Untracked 
|  74|0x0000000086600000, 0x0000000086600000, 0x0000000086700000|  0%| F|  |TAMS 0x0000000086600000, 0x0000000086600000| Untracked 
|  75|0x0000000086700000, 0x0000000086700000, 0x0000000086800000|  0%| F|  |TAMS 0x0000000086700000, 0x0000000086700000| Untracked 
|  76|0x0000000086800000, 0x0000000086800000, 0x0000000086900000|  0%| F|  |TAMS 0x0000000086800000, 0x0000000086800000| Untracked 
|  77|0x0000000086900000, 0x0000000086900000, 0x0000000086a00000|  0%| F|  |TAMS 0x0000000086900000, 0x0000000086900000| Untracked 
|  78|0x0000000086a00000, 0x0000000086a00000, 0x0000000086b00000|  0%| F|  |TAMS 0x0000000086a00000, 0x0000000086a00000| Untracked 
|  79|0x0000000086b00000, 0x0000000086b00000, 0x0000000086c00000|  0%| F|  |TAMS 0x0000000086b00000, 0x0000000086b00000| Untracked 
|  80|0x0000000086c00000, 0x0000000086c00000, 0x0000000086d00000|  0%| F|  |TAMS 0x0000000086c00000, 0x0000000086c00000| Untracked 
|  81|0x0000000086d00000, 0x0000000086d00000, 0x0000000086e00000|  0%| F|  |TAMS 0x0000000086d00000, 0x0000000086d00000| Untracked 
|  82|0x0000000086e00000, 0x0000000086e00000, 0x0000000086f00000|  0%| F|  |TAMS 0x0000000086e00000, 0x0000000086e00000| Untracked 
|  83|0x0000000086f00000, 0x0000000086f00000, 0x0000000087000000|  0%| F|  |TAMS 0x0000000086f00000, 0x0000000086f00000| Untracked 
|  84|0x0000000087000000, 0x0000000087000000, 0x0000000087100000|  0%| F|  |TAMS 0x0000000087000000, 0x0000000087000000| Untracked 
|  85|0x0000000087100000, 0x0000000087100000, 0x0000000087200000|  0%| F|  |TAMS 0x0000000087100000, 0x0000000087100000| Untracked 
|  86|0x0000000087200000, 0x0000000087200000, 0x0000000087300000|  0%| F|  |TAMS 0x0000000087200000, 0x0000000087200000| Untracked 
|  87|0x0000000087300000, 0x0000000087300000, 0x0000000087400000|  0%| F|  |TAMS 0x0000000087300000, 0x0000000087300000| Untracked 
|  88|0x0000000087400000, 0x0000000087400000, 0x0000000087500000|  0%| F|  |TAMS 0x0000000087400000, 0x0000000087400000| Untracked 
|  89|0x0000000087500000, 0x0000000087500000, 0x0000000087600000|  0%| F|  |TAMS 0x0000000087500000, 0x0000000087500000| Untracked 
|  90|0x0000000087600000, 0x0000000087600000, 0x0000000087700000|  0%| F|  |TAMS 0x0000000087600000, 0x0000000087600000| Untracked 
|  91|0x0000000087700000, 0x0000000087700000, 0x0000000087800000|  0%| F|  |TAMS 0x0000000087700000, 0x0000000087700000| Untracked 
|  92|0x0000000087800000, 0x0000000087800000, 0x0000000087900000|  0%| F|  |TAMS 0x0000000087800000, 0x0000000087800000| Untracked 
|  93|0x0000000087900000, 0x0000000087900000, 0x0000000087a00000|  0%| F|  |TAMS 0x0000000087900000, 0x0000000087900000| Untracked 
|  94|0x0000000087a00000, 0x0000000087a00000, 0x0000000087b00000|  0%| F|  |TAMS 0x0000000087a00000, 0x0000000087a00000| Untracked 
|  95|0x0000000087b00000, 0x0000000087b00000, 0x0000000087c00000|  0%| F|  |TAMS 0x0000000087b00000, 0x0000000087b00000| Untracked 
|  96|0x0000000087c00000, 0x0000000087c00000, 0x0000000087d00000|  0%| F|  |TAMS 0x0000000087c00000, 0x0000000087c00000| Untracked 
|  97|0x0000000087d00000, 0x0000000087d00000, 0x0000000087e00000|  0%| F|  |TAMS 0x0000000087d00000, 0x0000000087d00000| Untracked 
|  98|0x0000000087e00000, 0x0000000087e00000, 0x0000000087f00000|  0%| F|  |TAMS 0x0000000087e00000, 0x0000000087e00000| Untracked 
|  99|0x0000000087f00000, 0x0000000087f00000, 0x0000000088000000|  0%| F|  |TAMS 0x0000000087f00000, 0x0000000087f00000| Untracked 
| 100|0x0000000088000000, 0x0000000088000000, 0x0000000088100000|  0%| F|  |TAMS 0x0000000088000000, 0x0000000088000000| Untracked 
| 101|0x0000000088100000, 0x0000000088100000, 0x0000000088200000|  0%| F|  |TAMS 0x0000000088100000, 0x0000000088100000| Untracked 
| 102|0x0000000088200000, 0x0000000088200000, 0x0000000088300000|  0%| F|  |TAMS 0x0000000088200000, 0x0000000088200000| Untracked 
| 103|0x0000000088300000, 0x0000000088300000, 0x0000000088400000|  0%| F|  |TAMS 0x0000000088300000, 0x0000000088300000| Untracked 
| 104|0x0000000088400000, 0x0000000088400000, 0x0000000088500000|  0%| F|  |TAMS 0x0000000088400000, 0x0000000088400000| Untracked 
| 105|0x0000000088500000, 0x0000000088500000, 0x0000000088600000|  0%| F|  |TAMS 0x0000000088500000, 0x0000000088500000| Untracked 
| 106|0x0000000088600000, 0x0000000088600000, 0x0000000088700000|  0%| F|  |TAMS 0x0000000088600000, 0x0000000088600000| Untracked 
| 107|0x0000000088700000, 0x0000000088700000, 0x0000000088800000|  0%| F|  |TAMS 0x0000000088700000, 0x0000000088700000| Untracked 
| 108|0x0000000088800000, 0x0000000088800000, 0x0000000088900000|  0%| F|  |TAMS 0x0000000088800000, 0x0000000088800000| Untracked 
| 109|0x0000000088900000, 0x0000000088900000, 0x0000000088a00000|  0%| F|  |TAMS 0x0000000088900000, 0x0000000088900000| Untracked 
| 110|0x0000000088a00000, 0x0000000088a00000, 0x0000000088b00000|  0%| F|  |TAMS 0x0000000088a00000, 0x0000000088a00000| Untracked 
| 111|0x0000000088b00000, 0x0000000088b00000, 0x0000000088c00000|  0%| F|  |TAMS 0x0000000088b00000, 0x0000000088b00000| Untracked 
| 112|0x0000000088c00000, 0x0000000088c00000, 0x0000000088d00000|  0%| F|  |TAMS 0x0000000088c00000, 0x0000000088c00000| Untracked 
| 113|0x0000000088d00000, 0x0000000088d00000, 0x0000000088e00000|  0%| F|  |TAMS 0x0000000088d00000, 0x0000000088d00000| Untracked 
| 114|0x0000000088e00000, 0x0000000088e00000, 0x0000000088f00000|  0%| F|  |TAMS 0x0000000088e00000, 0x0000000088e00000| Untracked 
| 115|0x0000000088f00000, 0x0000000088f00000, 0x0000000089000000|  0%| F|  |TAMS 0x0000000088f00000, 0x0000000088f00000| Untracked 
| 116|0x0000000089000000, 0x0000000089000000, 0x0000000089100000|  0%| F|  |TAMS 0x0000000089000000, 0x0000000089000000| Untracked 
| 117|0x0000000089100000, 0x0000000089100000, 0x0000000089200000|  0%| F|  |TAMS 0x0000000089100000, 0x0000000089100000| Untracked 
| 118|0x0000000089200000, 0x00000000892f7c80, 0x0000000089300000| 96%| E|  |TAMS 0x0000000089200000, 0x0000000089200000| Complete 
| 119|0x0000000089300000, 0x0000000089400000, 0x0000000089400000|100%| E|CS|TAMS 0x0000000089300000, 0x0000000089300000| Complete 
| 120|0x0000000089400000, 0x0000000089500000, 0x0000000089500000|100%| E|CS|TAMS 0x0000000089400000, 0x0000000089400000| Complete 
| 121|0x0000000089500000, 0x0000000089600000, 0x0000000089600000|100%| E|CS|TAMS 0x0000000089500000, 0x0000000089500000| Complete 
| 122|0x0000000089600000, 0x0000000089700000, 0x0000000089700000|100%| E|CS|TAMS 0x0000000089600000, 0x0000000089600000| Complete 
| 123|0x0000000089700000, 0x0000000089800000, 0x0000000089800000|100%| E|CS|TAMS 0x0000000089700000, 0x0000000089700000| Complete 
| 124|0x0000000089800000, 0x0000000089900000, 0x0000000089900000|100%| E|CS|TAMS 0x0000000089800000, 0x0000000089800000| Complete 
| 125|0x0000000089900000, 0x0000000089a00000, 0x0000000089a00000|100%| E|CS|TAMS 0x0000000089900000, 0x0000000089900000| Complete 
| 126|0x0000000089a00000, 0x0000000089b00000, 0x0000000089b00000|100%| E|CS|TAMS 0x0000000089a00000, 0x0000000089a00000| Complete 
| 127|0x0000000089b00000, 0x0000000089c00000, 0x0000000089c00000|100%| E|CS|TAMS 0x0000000089b00000, 0x0000000089b00000| Complete 

Card table byte_map: [0x000002ce748c0000,0x000002ce74cc0000] _byte_map_base: 0x000002ce744b2000

Marking Bits (Prev, Next): (CMBitMap*) 0x000002ce6bb88548, (CMBitMap*) 0x000002ce6bb88580
 Prev Bits: [0x000002ce750c0000, 0x000002ce77050000)
 Next Bits: [0x000002ce77050000, 0x000002ce78fe0000)

Polling page: 0x000002ce69a70000

Metaspace:

Usage:
  Non-class:     10.75 MB capacity,    10.57 MB ( 98%) used,   153.08 KB (  1%) free+waste,    37.44 KB ( <1%) overhead. 
      Class:      1.40 MB capacity,     1.23 MB ( 88%) used,   158.06 KB ( 11%) free+waste,    21.00 KB (  1%) overhead. 
       Both:     12.16 MB capacity,    11.80 MB ( 97%) used,   311.14 KB (  2%) free+waste,    58.44 KB ( <1%) overhead. 

Virtual space:
  Non-class space:       12.00 MB reserved,      11.00 MB ( 92%) committed 
      Class space:        1.00 GB reserved,       1.50 MB ( <1%) committed 
             Both:        1.01 GB reserved,      12.50 MB (  1%) committed 

Chunk freelists:
   Non-Class:  0 bytes
       Class:  0 bytes
        Both:  0 bytes

MaxMetaspaceSize: 17179869184.00 GB
CompressedClassSpaceSize: 1.00 GB

CodeHeap 'non-profiled nmethods': size=120000Kb used=257Kb max_used=257Kb free=119743Kb
 bounds [0x000002ce07ad0000, 0x000002ce07d40000, 0x000002ce0f000000]
CodeHeap 'profiled nmethods': size=120000Kb used=1257Kb max_used=1257Kb free=118742Kb
 bounds [0x000002ce005a0000, 0x000002ce00810000, 0x000002ce07ad0000]
CodeHeap 'non-nmethods': size=5760Kb used=1164Kb max_used=1177Kb free=4596Kb
 bounds [0x000002ce00000000, 0x000002ce00270000, 0x000002ce005a0000]
 total_blobs=1695 nmethods=758 adapters=418
 compilation: enabled
              stopped_count=0, restarted_count=0
 full_count=0

Compilation events (20 events):
Event: 0.443 Thread 0x000002ce7ba5d800  743       3       java.lang.invoke.ClassSpecializer::classBCName (33 bytes)
Event: 0.443 Thread 0x000002ce7ba5d800 nmethod 743 0x000002ce006d4410 code [0x000002ce006d45c0, 0x000002ce006d4750]
Event: 0.443 Thread 0x000002ce7ba5d800  744       3       java.lang.invoke.ClassSpecializer::className (33 bytes)
Event: 0.443 Thread 0x000002ce7ba59000 nmethod 736 0x000002ce07b0e410 code [0x000002ce07b0e5a0, 0x000002ce07b0e7b8]
Event: 0.443 Thread 0x000002ce7ba59000  742       4       java.lang.StringBuilder::append (8 bytes)
Event: 0.443 Thread 0x000002ce7ba5d800 nmethod 744 0x000002ce006d4810 code [0x000002ce006d49e0, 0x000002ce006d4c30]
Event: 0.443 Thread 0x000002ce7ba5d800  745       3       java.lang.invoke.ClassSpecializer::classSig (94 bytes)
Event: 0.443 Thread 0x000002ce7c8dc000 nmethod 741 0x000002ce07b0e910 code [0x000002ce07b0eaa0, 0x000002ce07b0eb28]
Event: 0.444 Thread 0x000002ce7ba5d800 nmethod 745 0x000002ce006d4d10 code [0x000002ce006d4f80, 0x000002ce006d5800]
Event: 0.444 Thread 0x000002ce7ba5d800  747       3       java.lang.invoke.MethodHandles$Lookup::restrictProtectedReceiver (51 bytes)
Event: 0.445 Thread 0x000002ce7ba5d800 nmethod 747 0x000002ce006d5b10 code [0x000002ce006d5dc0, 0x000002ce006d6990]
Event: 0.445 Thread 0x000002ce7ba5d800  750       3       java.lang.invoke.LambdaFormBuffer::indexOf (25 bytes)
Event: 0.445 Thread 0x000002ce7ba5d800 nmethod 750 0x000002ce006d6d10 code [0x000002ce006d6ec0, 0x000002ce006d7118]
Event: 0.445 Thread 0x000002ce7ba5d800  748       3       java.lang.invoke.MemberName::isProtected (8 bytes)
Event: 0.445 Thread 0x000002ce7ba5d800 nmethod 748 0x000002ce006d7210 code [0x000002ce006d73c0, 0x000002ce006d75d8]
Event: 0.445 Thread 0x000002ce7ba5d800  749       3       java.lang.reflect.Modifier::isVolatile (13 bytes)
Event: 0.445 Thread 0x000002ce7ba5d800 nmethod 749 0x000002ce006d7690 code [0x000002ce006d7840, 0x000002ce006d79d8]
Event: 0.445 Thread 0x000002ce7ba5d800  752       3       java.lang.invoke.ClassSpecializer$Factory$1Var::emitVarInstruction (73 bytes)
Event: 0.445 Thread 0x000002ce7ba5d800 nmethod 752 0x000002ce006d7a90 code [0x000002ce006d7d40, 0x000002ce006d8880]
Event: 0.446 Thread 0x000002ce7ba5d800  753       3       java.lang.invoke.ClassSpecializer$Factory::typeLoadOp (90 bytes)

GC Heap History (0 events):
No events

Deoptimization events (4 events):
Event: 0.119 Thread 0x000002ce6bb45000 Uncommon trap: trap_request=0xffffff4d fr.pc=0x000002ce07ad4b00 relative=0x00000000000001e0
Event: 0.119 Thread 0x000002ce6bb45000 Uncommon trap: reason=unstable_if action=reinterpret pc=0x000002ce07ad4b00 method=java.lang.String.hashCode()I @ 14 c2
Event: 0.119 Thread 0x000002ce6bb45000 DEOPT PACKING pc=0x000002ce07ad4b00 sp=0x000000f192efda00
Event: 0.119 Thread 0x000002ce6bb45000 DEOPT UNPACKING pc=0x000002ce00028f2f sp=0x000000f192efd998 mode 2

Classes redefined (0 events):
No events

Internal exceptions (20 events):
Event: 0.249 Thread 0x000002ce6bb45000 Exception <a 'java/lang/NoSuchMethodError'{0x0000000089865270}: 'java.lang.Object java.lang.invoke.DirectMethodHandle$Holder.invokeStatic(java.lang.Object, java.lang.Object, java.lang.Object, java.lang.Object, java.lang.Object, java.lang.Object, java.lang
Event: 0.250 Thread 0x000002ce6bb45000 Exception <a 'java/lang/NoSuchMethodError'{0x0000000089872fd0}: 'java.lang.Object java.lang.invoke.DirectMethodHandle$Holder.invokeSpecial(java.lang.Object, java.lang.Object, int, int, java.lang.Object, java.lang.Object, java.lang.Object)'> (0x00000000898
Event: 0.250 Thread 0x000002ce6bb45000 Exception <a 'java/lang/NoSuchMethodError'{0x0000000089876560}: 'java.lang.Object java.lang.invoke.DelegatingMethodHandle$Holder.reinvoke_L(java.lang.Object, int, int, java.lang.Object, java.lang.Object, java.lang.Object)'> (0x0000000089876560) thrown at 
Event: 0.251 Thread 0x000002ce6bb45000 Exception <a 'java/lang/NoSuchMethodError'{0x000000008987a640}: 'java.lang.Object java.lang.invoke.DirectMethodHandle$Holder.invokeStatic(java.lang.Object, java.lang.Object, java.lang.Object, java.lang.Object, int)'> (0x000000008987a640) thrown at [c:/cyg
Event: 0.258 Thread 0x000002ce6bb45000 Exception <a 'java/io/FileNotFoundException'{0x00000000898dd220}> (0x00000000898dd220) thrown at [c:/cygwin64/tmp/openjdk-jdk11u-windows-x64-hotspot/workspace/build/src/src/hotspot/share/prims/jni.cpp, line 615]
Event: 0.300 Thread 0x000002ce7c901000 Exception <a 'java/lang/NoSuchMethodError'{0x0000000089780780}: 'void java.lang.invoke.DirectMethodHandle$Holder.invokeSpecial(java.lang.Object, java.lang.Object)'> (0x0000000089780780) thrown at [c:/cygwin64/tmp/openjdk-jdk11u-windows-x64-hotspot/workspa
Event: 0.303 Thread 0x000002ce6bb45000 Exception <a 'java/lang/NoSuchMethodError'{0x0000000089605450}: 'java.lang.Object java.lang.invoke.DirectMethodHandle$Holder.invokeStatic(java.lang.Object, java.lang.Object, java.lang.Object, java.lang.Object, java.lang.Object, java.lang.Object, java.lang
Event: 0.305 Thread 0x000002ce6bb45000 Exception <a 'java/lang/NoSuchMethodError'{0x000000008961f3b0}: 'java.lang.Object java.lang.invoke.DirectMethodHandle$Holder.invokeStatic(java.lang.Object, java.lang.Object, java.lang.Object, java.lang.Object, java.lang.Object, java.lang.Object, java.lang
Event: 0.357 Thread 0x000002ce6bb45000 Exception <a 'java/lang/NoSuchMethodError'{0x0000000089536470}: 'java.lang.Object java.lang.invoke.DirectMethodHandle$Holder.invokeStatic(java.lang.Object, int, java.lang.Object, java.lang.Object, java.lang.Object, java.lang.Object)'> (0x0000000089536470)
Event: 0.357 Thread 0x000002ce6bb45000 Exception <a 'java/lang/NoSuchMethodError'{0x000000008953d530}: 'java.lang.Object java.lang.invoke.DirectMethodHandle$Holder.invokeStatic(java.lang.Object, int, java.lang.Object, java.lang.Object, java.lang.Object)'> (0x000000008953d530) thrown at [c:/cyg
Event: 0.358 Thread 0x000002ce6bb45000 Exception <a 'java/lang/NoSuchMethodError'{0x0000000089541078}: 'java.lang.Object java.lang.invoke.DirectMethodHandle$Holder.invokeSpecial(java.lang.Object, java.lang.Object, int, java.lang.Object, java.lang.Object, java.lang.Object)'> (0x0000000089541078
Event: 0.374 Thread 0x000002ce6bb45000 Exception <a 'java/lang/ClassNotFoundException'{0x000000008947c640}: com/sun/swing/internal/plaf/metal/resources/spi/metalProvider> (0x000000008947c640) thrown at [c:/cygwin64/tmp/openjdk-jdk11u-windows-x64-hotspot/workspace/build/src/src/hotspot/share/cl
Event: 0.375 Thread 0x000002ce6bb45000 Exception <a 'java/lang/ClassNotFoundException'{0x0000000089481448}: com/sun/swing/internal/plaf/basic/resources/spi/basicProvider> (0x0000000089481448) thrown at [c:/cygwin64/tmp/openjdk-jdk11u-windows-x64-hotspot/workspace/build/src/src/hotspot/share/cl
Event: 0.408 Thread 0x000002ce6bb45000 Exception <a 'java/lang/NoSuchMethodError'{0x00000000894f3248}: 'void java.lang.invoke.DirectMethodHandle$Holder.invokeStaticInit(java.lang.Object)'> (0x00000000894f3248) thrown at [c:/cygwin64/tmp/openjdk-jdk11u-windows-x64-hotspot/workspace/build/src/sr
Event: 0.419 Thread 0x000002ce6bb45000 Exception <a 'java/io/FileNotFoundException'{0x000000008930b0b0}> (0x000000008930b0b0) thrown at [c:/cygwin64/tmp/openjdk-jdk11u-windows-x64-hotspot/workspace/build/src/src/hotspot/share/prims/jni.cpp, line 615]
Event: 0.419 Thread 0x000002ce6bb45000 Exception <a 'java/lang/NullPointerException'{0x000000008930b9a0}> (0x000000008930b9a0) thrown at [c:/cygwin64/tmp/openjdk-jdk11u-windows-x64-hotspot/workspace/build/src/src/hotspot/share/interpreter/linkResolver.cpp, line 1358]
Event: 0.442 Thread 0x000002ce6bb45000 Exception <a 'java/lang/NoSuchMethodError'{0x00000000892449e8}: 'java.lang.Object java.lang.invoke.DirectMethodHandle$Holder.invokeStatic(java.lang.Object, java.lang.Object, java.lang.Object, java.lang.Object, java.lang.Object, java.lang.Object, java.lang
Event: 0.444 Thread 0x000002ce6bb45000 Exception <a 'java/lang/NoSuchMethodError'{0x0000000089262e78}: 'java.lang.Object java.lang.invoke.DirectMethodHandle$Holder.invokeStatic(java.lang.Object, java.lang.Object, java.lang.Object, java.lang.Object, java.lang.Object, java.lang.Object, java.lang
Event: 0.445 Thread 0x000002ce6bb45000 Exception <a 'java/lang/NoSuchMethodError'{0x0000000089282058}: 'java.lang.Object java.lang.invoke.DirectMethodHandle$Holder.invokeStatic(java.lang.Object, java.lang.Object, java.lang.Object, java.lang.Object, java.lang.Object, java.lang.Object, java.lang
Event: 0.446 Thread 0x000002ce6bb45000 Exception <a 'java/lang/NoSuchMethodError'{0x000000008928e008}: 'java.lang.Object java.lang.invoke.Invokers$Holder.linkToTargetMethod(java.lang.Object, int, java.lang.Object)'> (0x000000008928e008) thrown at [c:/cygwin64/tmp/openjdk-jdk11u-windows-x64-hot

Events (20 events):
Event: 0.439 loading class sun/awt/AWTCharset$Encoder done
Event: 0.439 loading class sun/awt/windows/WDefaultFontCharset$Encoder done
Event: 0.439 loading class sun/nio/cs/SingleByte$Encoder
Event: 0.439 loading class sun/nio/cs/SingleByte$Encoder done
Event: 0.439 loading class java/io/ByteArrayOutputStream
Event: 0.439 loading class java/io/ByteArrayOutputStream done
Event: 0.439 loading class sun/awt/windows/WingDings
Event: 0.439 loading class sun/awt/windows/WingDings done
Event: 0.439 loading class sun/awt/windows/WingDings$Encoder
Event: 0.439 loading class sun/awt/windows/WingDings$Encoder done
Event: 0.439 loading class sun/awt/Symbol
Event: 0.439 loading class sun/awt/Symbol done
Event: 0.440 loading class sun/awt/Symbol$Encoder
Event: 0.440 loading class sun/awt/Symbol$Encoder done
Event: 0.442 loading class java/lang/invoke/BoundMethodHandle$Species_LLLLLLLLI
Event: 0.442 loading class java/lang/invoke/BoundMethodHandle$Species_LLLLLLLLI done
Event: 0.443 loading class java/lang/invoke/BoundMethodHandle$Species_LLLLLLLLII
Event: 0.443 loading class java/lang/invoke/BoundMethodHandle$Species_LLLLLLLLII done
Event: 0.444 loading class java/lang/invoke/BoundMethodHandle$Species_LLLLLLLLIIL
Event: 0.444 loading class java/lang/invoke/BoundMethodHandle$Species_LLLLLLLLIIL done


Dynamic libraries:
0x00007ff664690000 - 0x00007ff66469d000 	C:\pleiades\java\11\bin\javaw.exe
0x00007ff97eb60000 - 0x00007ff97ed50000 	C:\windows\SYSTEM32\ntdll.dll
0x00007ff97cce0000 - 0x00007ff97cd92000 	C:\windows\System32\KERNEL32.DLL
0x00007ff97c570000 - 0x00007ff97c814000 	C:\windows\System32\KERNELBASE.dll
0x000000005cc90000 - 0x000000005cd23000 	C:\windows\System32\SYSFER.DLL
0x00007ff97bb90000 - 0x00007ff97bc8a000 	C:\windows\System32\ucrtbase.dll
0x00007ff948c40000 - 0x00007ff948c56000 	C:\pleiades\java\11\bin\VCRUNTIME140.dll
0x00007ff9478a0000 - 0x00007ff9478b7000 	C:\pleiades\java\11\bin\jli.dll
0x00007ff97cda0000 - 0x00007ff97cf34000 	C:\windows\System32\USER32.dll
0x00007ff97bd90000 - 0x00007ff97bdb1000 	C:\windows\System32\win32u.dll
0x00007ff9652f0000 - 0x00007ff965574000 	C:\windows\WinSxS\amd64_microsoft.windows.common-controls_6595b64144ccf1df_6.0.18362.900_none_e6beb9d913147d17\COMCTL32.dll
0x00007ff97eaf0000 - 0x00007ff97eb16000 	C:\windows\System32\GDI32.dll
0x00007ff97d130000 - 0x00007ff97d1ce000 	C:\windows\System32\msvcrt.dll
0x00007ff97ca70000 - 0x00007ff97cc05000 	C:\windows\System32\gdi32full.dll
0x00007ff97e0b0000 - 0x00007ff97e3e5000 	C:\windows\System32\combase.dll
0x00007ff97baf0000 - 0x00007ff97bb8e000 	C:\windows\System32\msvcp_win.dll
0x00007ff97e9d0000 - 0x00007ff97eaf0000 	C:\windows\System32\RPCRT4.dll
0x00007ff97bc90000 - 0x00007ff97bd10000 	C:\windows\System32\bcryptPrimitives.dll
0x00007ff97d4b0000 - 0x00007ff97d4de000 	C:\windows\System32\IMM32.DLL
0x00007ff930a40000 - 0x00007ff930adb000 	C:\pleiades\java\11\bin\msvcp140.dll
0x00007ff90d390000 - 0x00007ff90de4c000 	C:\pleiades\java\11\bin\server\jvm.dll
0x00007ff97d650000 - 0x00007ff97d6f3000 	C:\windows\System32\ADVAPI32.dll
0x00007ff97d090000 - 0x00007ff97d127000 	C:\windows\System32\sechost.dll
0x00007ff97e3f0000 - 0x00007ff97e3f8000 	C:\windows\System32\PSAPI.DLL
0x00007ff95dff0000 - 0x00007ff95dff9000 	C:\windows\SYSTEM32\WSOCK32.dll
0x00007ff97d010000 - 0x00007ff97d07f000 	C:\windows\System32\WS2_32.dll
0x00007ff977770000 - 0x00007ff977794000 	C:\windows\SYSTEM32\WINMM.dll
0x00007ff9712f0000 - 0x00007ff9712fa000 	C:\windows\SYSTEM32\VERSION.dll
0x00007ff977740000 - 0x00007ff97776d000 	C:\windows\SYSTEM32\WINMMBASE.dll
0x00007ff97c8d0000 - 0x00007ff97c91a000 	C:\windows\System32\cfgmgr32.dll
0x00007ff97ba30000 - 0x00007ff97ba41000 	C:\windows\System32\kernel.appcore.dll
0x00007ff977420000 - 0x00007ff977430000 	C:\pleiades\java\11\bin\verify.dll
0x00007ff97a330000 - 0x00007ff97a524000 	C:\windows\SYSTEM32\DBGHELP.DLL
0x00007ff9606a0000 - 0x00007ff9606ca000 	C:\windows\SYSTEM32\dbgcore.DLL
0x00007ff946dc0000 - 0x00007ff946de8000 	C:\pleiades\java\11\bin\java.dll
0x00007ff947780000 - 0x00007ff947797000 	C:\pleiades\java\11\bin\zip.dll
0x00007ff9719b0000 - 0x00007ff9719ba000 	C:\pleiades\java\11\bin\jimage.dll
0x00007ff97d9c0000 - 0x00007ff97e0a6000 	C:\windows\System32\SHELL32.dll
0x00007ff97d400000 - 0x00007ff97d4a9000 	C:\windows\System32\shcore.dll
0x00007ff97bdc0000 - 0x00007ff97c540000 	C:\windows\System32\windows.storage.dll
0x00007ff97bac0000 - 0x00007ff97bae3000 	C:\windows\System32\profapi.dll
0x00007ff97ba70000 - 0x00007ff97baba000 	C:\windows\System32\powrprof.dll
0x00007ff97ba20000 - 0x00007ff97ba30000 	C:\windows\System32\UMPDC.dll
0x00007ff97d8b0000 - 0x00007ff97d902000 	C:\windows\System32\shlwapi.dll
0x00007ff97bd70000 - 0x00007ff97bd87000 	C:\windows\System32\cryptsp.dll
0x00007ff946da0000 - 0x00007ff946db9000 	C:\pleiades\java\11\bin\net.dll
0x00007ff969940000 - 0x00007ff969a30000 	C:\windows\SYSTEM32\WINHTTP.dll
0x00007ff97b230000 - 0x00007ff97b297000 	C:\windows\system32\mswsock.dll
0x00007ff946c20000 - 0x00007ff946c32000 	C:\pleiades\java\11\bin\nio.dll
0x00007ff929f50000 - 0x00007ff92a0e9000 	C:\pleiades\java\11\bin\awt.dll
0x00007ff97d580000 - 0x00007ff97d645000 	C:\windows\System32\OLEAUT32.dll
0x00007ff978c50000 - 0x00007ff978cdf000 	C:\windows\SYSTEM32\apphelp.dll
0x00007ff979d70000 - 0x00007ff979d9d000 	C:\windows\system32\DWMAPI.DLL
0x00007ff9796c0000 - 0x00007ff979759000 	C:\windows\system32\uxtheme.dll
0x00007ff953a00000 - 0x00007ff953b56000 	C:\windows\system32\opengl32.dll
0x00007ff95e030000 - 0x00007ff95e05c000 	C:\windows\SYSTEM32\GLU32.dll
0x00007ff97a670000 - 0x00007ff97a690000 	C:\windows\SYSTEM32\dxcore.dll
0x00007ff97d770000 - 0x00007ff97d8a5000 	C:\windows\System32\MSCTF.dll
0x00007ff97e870000 - 0x00007ff97e9c7000 	C:\windows\System32\ole32.dll
0x00007ff93be20000 - 0x00007ff93bea2000 	C:\pleiades\java\11\bin\freetype.dll
0x00007ff92ff50000 - 0x00007ff92fff6000 	C:\pleiades\java\11\bin\fontmanager.dll

dbghelp: loaded successfully - version: 4.0.5 - missing functions: none
symbol engine: initialized successfully - sym options: 0x614 - pdb path: .;C:\pleiades\java\11\bin;C:\windows\SYSTEM32;C:\windows\WinSxS\amd64_microsoft.windows.common-controls_6595b64144ccf1df_6.0.18362.900_none_e6beb9d913147d17;C:\pleiades\java\11\bin\server

VM Arguments:
jvm_args: -Dfile.encoding=UTF-8 
java_command: board1.RouletteButton
java_class_path (initial): C:\pleiades\workspace\BoardTest\build\classes;C:\pleiades\tomcat\9\lib\annotations-api.jar;C:\pleiades\tomcat\9\lib\catalina-ant.jar;C:\pleiades\tomcat\9\lib\catalina-ha.jar;C:\pleiades\tomcat\9\lib\catalina-ssi.jar;C:\pleiades\tomcat\9\lib\catalina-storeconfig.jar;C:\pleiades\tomcat\9\lib\catalina-tribes.jar;C:\pleiades\tomcat\9\lib\catalina.jar;C:\pleiades\tomcat\9\lib\ecj-4.13.jar;C:\pleiades\tomcat\9\lib\el-api.jar;C:\pleiades\tomcat\9\lib\jasper-el.jar;C:\pleiades\tomcat\9\lib\jasper.jar;C:\pleiades\tomcat\9\lib\jaspic-api.jar;C:\pleiades\tomcat\9\lib\jsp-api.jar;C:\pleiades\tomcat\9\lib\postgresql-42.2.14.jar;C:\pleiades\tomcat\9\lib\servlet-api.jar;C:\pleiades\tomcat\9\lib\tomcat-api.jar;C:\pleiades\tomcat\9\lib\tomcat-coyote.jar;C:\pleiades\tomcat\9\lib\tomcat-dbcp.jar;C:\pleiades\tomcat\9\lib\tomcat-i18n-cs.jar;C:\pleiades\tomcat\9\lib\tomcat-i18n-de.jar;C:\pleiades\tomcat\9\lib\tomcat-i18n-es.jar;C:\pleiades\tomcat\9\lib\tomcat-i18n-fr.jar;C:\pleiades\tomcat\9\lib\tomcat-i18n-ja.jar;C:\pleiades\tomcat\9\lib\tomcat-i18n-ko.jar;C:\pleiades\tomcat\9\lib\tomcat-i18n-pt-BR.jar;C:\pleiades\tomcat\9\lib\tomcat-i18n-ru.jar;C:\pleiades\tomcat\9\lib\tomcat-i18n-zh-CN.jar;C:\pleiades\tomcat\9\lib\tomcat-jdbc.jar;C:\pleiades\tomcat\9\lib\tomcat-jni.jar;C:\pleiades\tomcat\9\lib\tomcat-util-scan.jar;C:\pleiades\tomcat\9\lib\tomcat-util.jar;C:\pleiades\tomcat\9\lib\tomcat-websocket.jar;C:\pleiades\tomcat\9\lib\websocket-api.jar
Launcher Type: SUN_STANDARD

[Global flags]
     intx CICompilerCount                          = 4                                         {product} {ergonomic}
     uint ConcGCThreads                            = 2                                         {product} {ergonomic}
     uint G1ConcRefinementThreads                  = 8                                         {product} {ergonomic}
   size_t G1HeapRegionSize                         = 1048576                                   {product} {ergonomic}
    uintx GCDrainStackTargetSize                   = 64                                        {product} {ergonomic}
   size_t InitialHeapSize                          = 134217728                                 {product} {ergonomic}
   size_t MarkStackSize                            = 4194304                                   {product} {ergonomic}
   size_t MaxHeapSize                              = 2118123520                                {product} {ergonomic}
   size_t MaxNewSize                               = 1270874112                                {product} {ergonomic}
   size_t MinHeapDeltaBytes                        = 1048576                                   {product} {ergonomic}
    uintx NonNMethodCodeHeapSize                   = 5836300                                {pd product} {ergonomic}
    uintx NonProfiledCodeHeapSize                  = 122910970                              {pd product} {ergonomic}
    uintx ProfiledCodeHeapSize                     = 122910970                              {pd product} {ergonomic}
    uintx ReservedCodeCacheSize                    = 251658240                              {pd product} {ergonomic}
     bool SegmentedCodeCache                       = true                                      {product} {ergonomic}
     bool UseCompressedClassPointers               = true                                 {lp64_product} {ergonomic}
     bool UseCompressedOops                        = true                                 {lp64_product} {ergonomic}
     bool UseG1GC                                  = true                                      {product} {ergonomic}
     bool UseLargePagesIndividualAllocation        = false                                  {pd product} {ergonomic}

Logging:
Log output configuration:
 #0: stdout all=warning uptime,level,tags
 #1: stderr all=off uptime,level,tags

Environment Variables:
JAVA_HOME=C:\Program Files\Java\jdk-14.0.1
PATH=C:/pleiades/eclipse//jre/bin/server;C:/pleiades/eclipse//jre/bin;C:\windows\system32;C:\windows;C:\windows\System32\Wbem;C:\windows\System32\WindowsPowerShell\v1.0\;C:\windows\System32\OpenSSH\;c:\Program Files\Java\jdk-14.0.1\bin;C:\Program Files (x86)\sakura;C:\Program Files\PostgreSQL\12\bin;C:\Users\IO-763\AppData\Local\Microsoft\WindowsApps;C:\Program Files (x86)\Google\Chrome\Application\;;C:\pleiades\eclipse;
USERNAME=IO-763
OS=Windows_NT
PROCESSOR_IDENTIFIER=Intel64 Family 6 Model 142 Stepping 12, GenuineIntel



---------------  S Y S T E M  ---------------

OS: Windows 10 , 64 bit Build 18362 (10.0.18362.900)

CPU:total 8 (initial active 8) (4 cores per cpu, 2 threads per core) family 6 model 142 stepping 12, cmov, cx8, fxsr, mmx, sse, sse2, sse3, ssse3, sse4.1, sse4.2, popcnt, avx, avx2, aes, clmul, erms, 3dnowpref, lzcnt, ht, tsc, tscinvbit, bmi1, bmi2, adx, fma

Memory: 4k page, system-wide physical 8078M (1694M free)
TotalPageFile size 11938M (AvailPageFile size 1810M)
current process WorkingSet (physical memory assigned to process): 62M, peak: 62M
current process commit charge ("private bytes"): 223M, peak: 225M

vm_info: OpenJDK 64-Bit Server VM (11.0.6+10) for windows-amd64 JRE (11.0.6+10), built on Jan 15 2020 06:14:58 by "" with MS VC++ 15.8 (VS2017)

END.
